{"F:\\github\\log-analyzer_rust\\log-analyzer\\src\\App.tsx": {"path":"F:\\github\\log-analyzer_rust\\log-analyzer\\src\\App.tsx","statementMap":{"0":{"start":{"line":223,"column":0},"end":{"line":223,"column":24}},"1":{"start":{"line":1,"column":0},"end":{"line":1,"column":68}},"2":{"start":{"line":2,"column":0},"end":{"line":2,"column":null}},"3":{"start":{"line":6,"column":0},"end":{"line":6,"column":53}},"4":{"start":{"line":7,"column":0},"end":{"line":7,"column":47}},"5":{"start":{"line":8,"column":0},"end":{"line":8,"column":46}},"6":{"start":{"line":9,"column":0},"end":{"line":9,"column":42}},"7":{"start":{"line":12,"column":0},"end":{"line":12,"column":16}},"8":{"start":{"line":15,"column":0},"end":{"line":15,"column":60}},"9":{"start":{"line":16,"column":0},"end":{"line":16,"column":48}},"10":{"start":{"line":19,"column":0},"end":{"line":19,"column":61}},"11":{"start":{"line":20,"column":0},"end":{"line":20,"column":48}},"12":{"start":{"line":21,"column":0},"end":{"line":21,"column":72}},"13":{"start":{"line":22,"column":0},"end":{"line":22,"column":62}},"14":{"start":{"line":25,"column":0},"end":{"line":25,"column":42}},"15":{"start":{"line":26,"column":0},"end":{"line":26,"column":85}},"16":{"start":{"line":29,"column":19},"end":{"line":29,"column":59}},"17":{"start":{"line":29,"column":29},"end":{"line":29,"column":58}},"18":{"start":{"line":30,"column":21},"end":{"line":30,"column":63}},"19":{"start":{"line":30,"column":31},"end":{"line":30,"column":62}},"20":{"start":{"line":31,"column":23},"end":{"line":31,"column":67}},"21":{"start":{"line":31,"column":33},"end":{"line":31,"column":66}},"22":{"start":{"line":32,"column":18},"end":{"line":32,"column":57}},"23":{"start":{"line":32,"column":28},"end":{"line":32,"column":56}},"24":{"start":{"line":33,"column":21},"end":{"line":33,"column":63}},"25":{"start":{"line":33,"column":31},"end":{"line":33,"column":62}},"26":{"start":{"line":36,"column":31},"end":{"line":42,"column":null}},"27":{"start":{"line":37,"column":2},"end":{"line":41,"column":null}},"28":{"start":{"line":47,"column":15},"end":{"line":47,"column":49}},"29":{"start":{"line":47,"column":38},"end":{"line":47,"column":48}},"30":{"start":{"line":48,"column":28},"end":{"line":48,"column":75}},"31":{"start":{"line":48,"column":51},"end":{"line":48,"column":74}},"32":{"start":{"line":49,"column":18},"end":{"line":49,"column":55}},"33":{"start":{"line":49,"column":41},"end":{"line":49,"column":54}},"34":{"start":{"line":50,"column":19},"end":{"line":50,"column":57}},"35":{"start":{"line":50,"column":42},"end":{"line":50,"column":56}},"36":{"start":{"line":51,"column":24},"end":{"line":51,"column":67}},"37":{"start":{"line":51,"column":47},"end":{"line":51,"column":66}},"38":{"start":{"line":52,"column":30},"end":{"line":52,"column":79}},"39":{"start":{"line":52,"column":53},"end":{"line":52,"column":78}},"40":{"start":{"line":54,"column":28},"end":{"line":54,"column":47}},"41":{"start":{"line":55,"column":44},"end":{"line":55,"column":68}},"42":{"start":{"line":57,"column":25},"end":{"line":57,"column":55}},"43":{"start":{"line":58,"column":25},"end":{"line":58,"column":37}},"44":{"start":{"line":60,"column":26},"end":{"line":60,"column":82}},"45":{"start":{"line":60,"column":47},"end":{"line":60,"column":73}},"46":{"start":{"line":63,"column":2},"end":{"line":110,"column":36}},"47":{"start":{"line":66,"column":27},"end":{"line":100,"column":5}},"48":{"start":{"line":67,"column":6},"end":{"line":99,"column":7}},"49":{"start":{"line":69,"column":8},"end":{"line":69,"column":40}},"50":{"start":{"line":72,"column":8},"end":{"line":72,"column":68}},"51":{"start":{"line":75,"column":8},"end":{"line":93,"column":11}},"52":{"start":{"line":76,"column":29},"end":{"line":76,"column":42}},"53":{"start":{"line":79,"column":10},"end":{"line":92,"column":11}},"54":{"start":{"line":81,"column":30},"end":{"line":81,"column":82}},"55":{"start":{"line":82,"column":33},"end":{"line":86,"column":44}},"56":{"start":{"line":88,"column":12},"end":{"line":88,"column":46}},"57":{"start":{"line":91,"column":12},"end":{"line":91,"column":32}},"58":{"start":{"line":95,"column":8},"end":{"line":95,"column":61}},"59":{"start":{"line":97,"column":8},"end":{"line":97,"column":66}},"60":{"start":{"line":98,"column":8},"end":{"line":98,"column":61}},"61":{"start":{"line":102,"column":4},"end":{"line":102,"column":21}},"62":{"start":{"line":105,"column":4},"end":{"line":109,"column":6}},"63":{"start":{"line":106,"column":6},"end":{"line":108,"column":7}},"64":{"start":{"line":107,"column":8},"end":{"line":107,"column":19}},"65":{"start":{"line":113,"column":2},"end":{"line":129,"column":3}},"66":{"start":{"line":114,"column":4},"end":{"line":128,"column":6}},"67":{"start":{"line":131,"column":2},"end":{"line":219,"column":4}},"68":{"start":{"line":136,"column":104},"end":{"line":136,"column":125}},"69":{"start":{"line":137,"column":97},"end":{"line":137,"column":114}},"70":{"start":{"line":138,"column":98},"end":{"line":138,"column":117}},"71":{"start":{"line":139,"column":90},"end":{"line":139,"column":106}},"72":{"start":{"line":143,"column":91},"end":{"line":143,"column":110}},"73":{"start":{"line":169,"column":14},"end":{"line":169,"column":74}},"74":{"start":{"line":224,"column":2},"end":{"line":232,"column":4}}},"fnMap":{"0":{"name":"(anonymous_9)","decl":{"start":{"line":29,"column":24},"end":{"line":29,"column":27}},"loc":{"start":{"line":29,"column":29},"end":{"line":29,"column":58}}},"1":{"name":"(anonymous_10)","decl":{"start":{"line":29,"column":29},"end":{"line":29,"column":37}},"loc":{"start":{"line":29,"column":29},"end":{"line":29,"column":58}}},"2":{"name":"(anonymous_11)","decl":{"start":{"line":30,"column":26},"end":{"line":30,"column":29}},"loc":{"start":{"line":30,"column":31},"end":{"line":30,"column":62}}},"3":{"name":"(anonymous_12)","decl":{"start":{"line":30,"column":31},"end":{"line":30,"column":39}},"loc":{"start":{"line":30,"column":31},"end":{"line":30,"column":62}}},"4":{"name":"(anonymous_13)","decl":{"start":{"line":31,"column":28},"end":{"line":31,"column":31}},"loc":{"start":{"line":31,"column":33},"end":{"line":31,"column":66}}},"5":{"name":"(anonymous_14)","decl":{"start":{"line":31,"column":33},"end":{"line":31,"column":41}},"loc":{"start":{"line":31,"column":33},"end":{"line":31,"column":66}}},"6":{"name":"(anonymous_15)","decl":{"start":{"line":32,"column":23},"end":{"line":32,"column":26}},"loc":{"start":{"line":32,"column":28},"end":{"line":32,"column":56}}},"7":{"name":"(anonymous_16)","decl":{"start":{"line":32,"column":28},"end":{"line":32,"column":36}},"loc":{"start":{"line":32,"column":28},"end":{"line":32,"column":56}}},"8":{"name":"(anonymous_17)","decl":{"start":{"line":33,"column":26},"end":{"line":33,"column":29}},"loc":{"start":{"line":33,"column":31},"end":{"line":33,"column":62}}},"9":{"name":"(anonymous_18)","decl":{"start":{"line":33,"column":31},"end":{"line":33,"column":39}},"loc":{"start":{"line":33,"column":31},"end":{"line":33,"column":62}}},"10":{"name":"(anonymous_19)","decl":{"start":{"line":36,"column":31},"end":{"line":36,"column":34}},"loc":{"start":{"line":37,"column":2},"end":{"line":41,"column":null}}},"11":{"name":"AppContent","decl":{"start":{"line":46,"column":9},"end":{"line":46,"column":19}},"loc":{"start":{"line":46,"column":19},"end":{"line":220,"column":1}}},"12":{"name":"(anonymous_21)","decl":{"start":{"line":47,"column":27},"end":{"line":47,"column":28}},"loc":{"start":{"line":47,"column":38},"end":{"line":47,"column":48}}},"13":{"name":"(anonymous_22)","decl":{"start":{"line":48,"column":40},"end":{"line":48,"column":41}},"loc":{"start":{"line":48,"column":51},"end":{"line":48,"column":74}}},"14":{"name":"(anonymous_23)","decl":{"start":{"line":49,"column":30},"end":{"line":49,"column":31}},"loc":{"start":{"line":49,"column":41},"end":{"line":49,"column":54}}},"15":{"name":"(anonymous_24)","decl":{"start":{"line":50,"column":31},"end":{"line":50,"column":32}},"loc":{"start":{"line":50,"column":42},"end":{"line":50,"column":56}}},"16":{"name":"(anonymous_25)","decl":{"start":{"line":51,"column":36},"end":{"line":51,"column":37}},"loc":{"start":{"line":51,"column":47},"end":{"line":51,"column":66}}},"17":{"name":"(anonymous_26)","decl":{"start":{"line":52,"column":42},"end":{"line":52,"column":43}},"loc":{"start":{"line":52,"column":53},"end":{"line":52,"column":78}}},"18":{"name":"(anonymous_27)","decl":{"start":{"line":60,"column":42},"end":{"line":60,"column":43}},"loc":{"start":{"line":60,"column":47},"end":{"line":60,"column":73}}},"19":{"name":"(anonymous_28)","decl":{"start":{"line":63,"column":12},"end":{"line":63,"column":15}},"loc":{"start":{"line":63,"column":17},"end":{"line":110,"column":3}}},"20":{"name":"(anonymous_29)","decl":{"start":{"line":66,"column":27},"end":{"line":66,"column":32}},"loc":{"start":{"line":66,"column":38},"end":{"line":100,"column":5}}},"21":{"name":"(anonymous_30)","decl":{"start":{"line":75,"column":51},"end":{"line":75,"column":52}},"loc":{"start":{"line":75,"column":66},"end":{"line":93,"column":9}}},"22":{"name":"(anonymous_31)","decl":{"start":{"line":105,"column":11},"end":{"line":105,"column":14}},"loc":{"start":{"line":105,"column":16},"end":{"line":109,"column":5}}},"23":{"name":"(anonymous_32)","decl":{"start":{"line":136,"column":98},"end":{"line":136,"column":101}},"loc":{"start":{"line":136,"column":104},"end":{"line":136,"column":125}}},"24":{"name":"(anonymous_33)","decl":{"start":{"line":137,"column":91},"end":{"line":137,"column":94}},"loc":{"start":{"line":137,"column":97},"end":{"line":137,"column":114}}},"25":{"name":"(anonymous_34)","decl":{"start":{"line":138,"column":92},"end":{"line":138,"column":95}},"loc":{"start":{"line":138,"column":98},"end":{"line":138,"column":117}}},"26":{"name":"(anonymous_35)","decl":{"start":{"line":139,"column":84},"end":{"line":139,"column":87}},"loc":{"start":{"line":139,"column":90},"end":{"line":139,"column":106}}},"27":{"name":"(anonymous_36)","decl":{"start":{"line":143,"column":85},"end":{"line":143,"column":88}},"loc":{"start":{"line":143,"column":91},"end":{"line":143,"column":110}}},"28":{"name":"(anonymous_37)","decl":{"start":{"line":167,"column":21},"end":{"line":167,"column":24}},"loc":{"start":{"line":167,"column":26},"end":{"line":170,"column":13}}},"29":{"name":"App","decl":{"start":{"line":223,"column":24},"end":{"line":223,"column":27}},"loc":{"start":{"line":223,"column":27},"end":{"line":233,"column":1}}}},"branchMap":{"0":{"loc":{"start":{"line":60,"column":26},"end":{"line":60,"column":82}},"type":"binary-expr","locations":[{"start":{"line":60,"column":26},"end":{"line":60,"column":74}},{"start":{"line":60,"column":78},"end":{"line":60,"column":82}}]},"1":{"loc":{"start":{"line":79,"column":10},"end":{"line":92,"column":11}},"type":"if","locations":[{"start":{"line":79,"column":10},"end":{"line":92,"column":11}},{"start":{},"end":{}}]},"2":{"loc":{"start":{"line":81,"column":30},"end":{"line":81,"column":82}},"type":"cond-expr","locations":[{"start":{"line":81,"column":63},"end":{"line":81,"column":70}},{"start":{"line":81,"column":73},"end":{"line":81,"column":82}}]},"3":{"loc":{"start":{"line":82,"column":33},"end":{"line":86,"column":44}},"type":"cond-expr","locations":[{"start":{"line":83,"column":16},"end":{"line":83,"column":35}},{"start":{"line":84,"column":16},"end":{"line":86,"column":44}}]},"4":{"loc":{"start":{"line":84,"column":16},"end":{"line":86,"column":44}},"type":"cond-expr","locations":[{"start":{"line":85,"column":18},"end":{"line":85,"column":37}},{"start":{"line":86,"column":18},"end":{"line":86,"column":44}}]},"5":{"loc":{"start":{"line":106,"column":6},"end":{"line":108,"column":7}},"type":"if","locations":[{"start":{"line":106,"column":6},"end":{"line":108,"column":7}},{"start":{},"end":{}}]},"6":{"loc":{"start":{"line":113,"column":2},"end":{"line":129,"column":3}},"type":"if","locations":[{"start":{"line":113,"column":2},"end":{"line":129,"column":3}},{"start":{},"end":{}}]},"7":{"loc":{"start":{"line":118,"column":11},"end":{"line":124,"column":null}},"type":"cond-expr","locations":[{"start":{"line":119,"column":12},"end":{"line":121,"column":null}},{"start":{"line":124,"column":12},"end":{"line":124,"column":41}}]},"8":{"loc":{"start":{"line":141,"column":9},"end":{"line":141,"column":310}},"type":"binary-expr","locations":[{"start":{"line":141,"column":9},"end":{"line":141,"column":21}},{"start":{"line":141,"column":25},"end":{"line":141,"column":310}}]},"9":{"loc":{"start":{"line":149,"column":13},"end":{"line":159,"column":null}},"type":"cond-expr","locations":[{"start":{"line":150,"column":14},"end":{"line":152,"column":null}},{"start":{"line":154,"column":14},"end":{"line":158,"column":null}}]},"10":{"loc":{"start":{"line":157,"column":66},"end":{"line":157,"column":125}},"type":"cond-expr","locations":[{"start":{"line":157,"column":84},"end":{"line":157,"column":104}},{"start":{"line":157,"column":107},"end":{"line":157,"column":125}}]},"11":{"loc":{"start":{"line":174,"column":15},"end":{"line":174,"column":166}},"type":"binary-expr","locations":[{"start":{"line":174,"column":15},"end":{"line":174,"column":32}},{"start":{"line":174,"column":36},"end":{"line":174,"column":166}}]},"12":{"loc":{"start":{"line":175,"column":15},"end":{"line":175,"column":54}},"type":"binary-expr","locations":[{"start":{"line":175,"column":15},"end":{"line":175,"column":34}},{"start":{"line":175,"column":38},"end":{"line":175,"column":54}}]},"13":{"loc":{"start":{"line":176,"column":15},"end":{"line":176,"column":58}},"type":"binary-expr","locations":[{"start":{"line":176,"column":15},"end":{"line":176,"column":36}},{"start":{"line":176,"column":40},"end":{"line":176,"column":58}}]},"14":{"loc":{"start":{"line":177,"column":15},"end":{"line":177,"column":48}},"type":"binary-expr","locations":[{"start":{"line":177,"column":15},"end":{"line":177,"column":31}},{"start":{"line":177,"column":35},"end":{"line":177,"column":48}}]},"15":{"loc":{"start":{"line":178,"column":15},"end":{"line":178,"column":54}},"type":"binary-expr","locations":[{"start":{"line":178,"column":15},"end":{"line":178,"column":34}},{"start":{"line":178,"column":38},"end":{"line":178,"column":54}}]}},"s":{"0":2,"1":2,"2":2,"3":2,"4":2,"5":2,"6":2,"7":2,"8":2,"9":2,"10":2,"11":2,"12":2,"13":2,"14":2,"15":2,"16":2,"17":0,"18":2,"19":0,"20":2,"21":0,"22":2,"23":0,"24":2,"25":0,"26":2,"27":0,"28":0,"29":0,"30":0,"31":0,"32":0,"33":0,"34":0,"35":0,"36":0,"37":0,"38":0,"39":0,"40":0,"41":0,"42":0,"43":0,"44":0,"45":0,"46":0,"47":0,"48":0,"49":0,"50":0,"51":0,"52":0,"53":0,"54":0,"55":0,"56":0,"57":0,"58":0,"59":0,"60":0,"61":0,"62":0,"63":0,"64":0,"65":0,"66":0,"67":0,"68":0,"69":0,"70":0,"71":0,"72":0,"73":0,"74":0},"f":{"0":0,"1":0,"2":0,"3":0,"4":0,"5":0,"6":0,"7":0,"8":0,"9":0,"10":0,"11":0,"12":0,"13":0,"14":0,"15":0,"16":0,"17":0,"18":0,"19":0,"20":0,"21":0,"22":0,"23":0,"24":0,"25":0,"26":0,"27":0,"28":0,"29":0},"b":{"0":[0,0],"1":[0,0],"2":[0,0],"3":[0,0],"4":[0,0],"5":[0,0],"6":[0,0],"7":[0,0],"8":[0,0],"9":[0,0],"10":[0,0],"11":[0,0],"12":[0,0],"13":[0,0],"14":[0,0],"15":[0,0]}}
,"F:\\github\\log-analyzer_rust\\log-analyzer\\src\\components\\ConfirmDialog.tsx": {"path":"F:\\github\\log-analyzer_rust\\log-analyzer\\src\\components\\ConfirmDialog.tsx","statementMap":{"0":{"start":{"line":1,"column":0},"end":{"line":1,"column":26}},"1":{"start":{"line":2,"column":0},"end":{"line":2,"column":46}},"2":{"start":{"line":3,"column":0},"end":{"line":3,"column":41}},"3":{"start":{"line":21,"column":29},"end":{"line":88,"column":1}},"4":{"start":{"line":31,"column":2},"end":{"line":31,"column":27}},"5":{"start":{"line":31,"column":15},"end":{"line":31,"column":27}},"6":{"start":{"line":33,"column":2},"end":{"line":87,"column":4}},"7":{"start":{"line":40,"column":24},"end":{"line":40,"column":43}},"8":{"start":{"line":72,"column":14},"end":{"line":72,"column":26}},"9":{"start":{"line":73,"column":14},"end":{"line":73,"column":25}},"10":{"start":{"line":21,"column":13},"end":{"line":21,"column":29}},"11":{"start":{"line":93,"column":32},"end":{"line":138,"column":1}},"12":{"start":{"line":94,"column":40},"end":{"line":106,"column":4}},"13":{"start":{"line":108,"column":22},"end":{"line":121,"column":3}},"14":{"start":{"line":114,"column":4},"end":{"line":120,"column":7}},"15":{"start":{"line":123,"column":22},"end":{"line":125,"column":3}},"16":{"start":{"line":124,"column":4},"end":{"line":124,"column":57}},"17":{"start":{"line":124,"column":28},"end":{"line":124,"column":54}},"18":{"start":{"line":127,"column":17},"end":{"line":131,"column":null}},"19":{"start":{"line":128,"column":4},"end":{"line":130,"column":null}},"20":{"start":{"line":134,"column":2},"end":{"line":137,"column":4}},"21":{"start":{"line":93,"column":13},"end":{"line":93,"column":32}}},"fnMap":{"0":{"name":"(anonymous_1)","decl":{"start":{"line":21,"column":29},"end":{"line":21,"column":30}},"loc":{"start":{"line":30,"column":25},"end":{"line":88,"column":1}}},"1":{"name":"(anonymous_2)","decl":{"start":{"line":40,"column":17},"end":{"line":40,"column":18}},"loc":{"start":{"line":40,"column":24},"end":{"line":40,"column":43}}},"2":{"name":"(anonymous_3)","decl":{"start":{"line":71,"column":21},"end":{"line":71,"column":24}},"loc":{"start":{"line":71,"column":26},"end":{"line":74,"column":13}}},"3":{"name":"(anonymous_4)","decl":{"start":{"line":93,"column":32},"end":{"line":93,"column":35}},"loc":{"start":{"line":93,"column":37},"end":{"line":138,"column":1}}},"4":{"name":"(anonymous_5)","decl":{"start":{"line":105,"column":15},"end":{"line":105,"column":18}},"loc":{"start":{"line":105,"column":20},"end":{"line":105,"column":23}}},"5":{"name":"(anonymous_6)","decl":{"start":{"line":108,"column":22},"end":{"line":108,"column":null}},"loc":{"start":{"line":113,"column":6},"end":{"line":121,"column":3}}},"6":{"name":"(anonymous_7)","decl":{"start":{"line":123,"column":22},"end":{"line":123,"column":25}},"loc":{"start":{"line":123,"column":27},"end":{"line":125,"column":3}}},"7":{"name":"(anonymous_8)","decl":{"start":{"line":124,"column":19},"end":{"line":124,"column":23}},"loc":{"start":{"line":124,"column":28},"end":{"line":124,"column":54}}},"8":{"name":"(anonymous_9)","decl":{"start":{"line":127,"column":17},"end":{"line":127,"column":20}},"loc":{"start":{"line":128,"column":4},"end":{"line":130,"column":null}}}},"branchMap":{"0":{"loc":{"start":{"line":25,"column":2},"end":{"line":25,"column":20}},"type":"default-arg","locations":[{"start":{"line":25,"column":16},"end":{"line":25,"column":20}}]},"1":{"loc":{"start":{"line":26,"column":2},"end":{"line":26,"column":19}},"type":"default-arg","locations":[{"start":{"line":26,"column":15},"end":{"line":26,"column":19}}]},"2":{"loc":{"start":{"line":27,"column":2},"end":{"line":27,"column":16}},"type":"default-arg","locations":[{"start":{"line":27,"column":11},"end":{"line":27,"column":16}}]},"3":{"loc":{"start":{"line":31,"column":2},"end":{"line":31,"column":27}},"type":"if","locations":[{"start":{"line":31,"column":2},"end":{"line":31,"column":27}},{"start":{},"end":{}}]},"4":{"loc":{"start":{"line":45,"column":13},"end":{"line":45,"column":73}},"type":"binary-expr","locations":[{"start":{"line":45,"column":13},"end":{"line":45,"column":19}},{"start":{"line":45,"column":23},"end":{"line":45,"column":73}}]},"5":{"loc":{"start":{"line":77,"column":14},"end":{"line":79,"column":74}},"type":"cond-expr","locations":[{"start":{"line":78,"column":18},"end":{"line":78,"column":110}},{"start":{"line":79,"column":18},"end":{"line":79,"column":74}}]},"6":{"loc":{"start":{"line":112,"column":4},"end":{"line":112,"column":18}},"type":"default-arg","locations":[{"start":{"line":112,"column":13},"end":{"line":112,"column":18}}]}},"s":{"0":0,"1":0,"2":0,"3":0,"4":0,"5":0,"6":0,"7":0,"8":0,"9":0,"10":0,"11":0,"12":0,"13":0,"14":0,"15":0,"16":0,"17":0,"18":0,"19":0,"20":0,"21":0},"f":{"0":0,"1":0,"2":0,"3":0,"4":0,"5":0,"6":0,"7":0,"8":0},"b":{"0":[0],"1":[0],"2":[0],"3":[0,0],"4":[0,0],"5":[0,0],"6":[0]}}
,"F:\\github\\log-analyzer_rust\\log-analyzer\\src\\components\\ErrorBoundaryWrapper.tsx": {"path":"F:\\github\\log-analyzer_rust\\log-analyzer\\src\\components\\ErrorBoundaryWrapper.tsx","statementMap":{"0":{"start":{"line":1,"column":0},"end":{"line":1,"column":26}},"1":{"start":{"line":2,"column":0},"end":{"line":2,"column":53}},"2":{"start":{"line":3,"column":0},"end":{"line":3,"column":70}},"3":{"start":{"line":25,"column":73},"end":{"line":82,"column":1}},"4":{"start":{"line":32,"column":22},"end":{"line":55,"column":3}},"5":{"start":{"line":34,"column":4},"end":{"line":34,"column":65}},"6":{"start":{"line":37,"column":25},"end":{"line":37,"column":79}},"7":{"start":{"line":38,"column":23},"end":{"line":38,"column":71}},"8":{"start":{"line":39,"column":4},"end":{"line":49,"column":5}},"9":{"start":{"line":40,"column":6},"end":{"line":48,"column":30}},"10":{"start":{"line":52,"column":4},"end":{"line":54,"column":5}},"11":{"start":{"line":53,"column":6},"end":{"line":53,"column":32}},"12":{"start":{"line":57,"column":31},"end":{"line":71,"column":3}},"13":{"start":{"line":58,"column":4},"end":{"line":60,"column":5}},"14":{"start":{"line":59,"column":6},"end":{"line":59,"column":22}},"15":{"start":{"line":62,"column":4},"end":{"line":70,"column":5}},"16":{"start":{"line":64,"column":8},"end":{"line":64,"column":36}},"17":{"start":{"line":66,"column":8},"end":{"line":66,"column":79}},"18":{"start":{"line":66,"column":31},"end":{"line":66,"column":78}},"19":{"start":{"line":69,"column":8},"end":{"line":69,"column":29}},"20":{"start":{"line":73,"column":2},"end":{"line":81,"column":4}},"21":{"start":{"line":25,"column":13},"end":{"line":25,"column":73}},"22":{"start":{"line":87,"column":74},"end":{"line":93,"column":1}},"23":{"start":{"line":88,"column":2},"end":{"line":92,"column":4}},"24":{"start":{"line":87,"column":13},"end":{"line":87,"column":74}},"25":{"start":{"line":101,"column":5},"end":{"line":114,"column":1}},"26":{"start":{"line":102,"column":22},"end":{"line":104,"column":3}},"27":{"start":{"line":103,"column":4},"end":{"line":103,"column":81}},"28":{"start":{"line":106,"column":2},"end":{"line":113,"column":4}},"29":{"start":{"line":98,"column":13},"end":{"line":98,"column":null}},"30":{"start":{"line":119,"column":78},"end":{"line":127,"column":1}},"31":{"start":{"line":120,"column":2},"end":{"line":126,"column":4}},"32":{"start":{"line":119,"column":13},"end":{"line":119,"column":78}},"33":{"start":{"line":129,"column":0},"end":{"line":129,"column":36}}},"fnMap":{"0":{"name":"(anonymous_1)","decl":{"start":{"line":25,"column":73},"end":{"line":25,"column":74}},"loc":{"start":{"line":31,"column":5},"end":{"line":82,"column":1}}},"1":{"name":"(anonymous_2)","decl":{"start":{"line":32,"column":22},"end":{"line":32,"column":23}},"loc":{"start":{"line":32,"column":69},"end":{"line":55,"column":3}}},"2":{"name":"(anonymous_3)","decl":{"start":{"line":57,"column":31},"end":{"line":57,"column":34}},"loc":{"start":{"line":57,"column":36},"end":{"line":71,"column":3}}},"3":{"name":"(anonymous_4)","decl":{"start":{"line":66,"column":15},"end":{"line":66,"column":16}},"loc":{"start":{"line":66,"column":31},"end":{"line":66,"column":78}}},"4":{"name":"(anonymous_5)","decl":{"start":{"line":87,"column":74},"end":{"line":87,"column":75}},"loc":{"start":{"line":87,"column":91},"end":{"line":93,"column":1}}},"5":{"name":"(anonymous_6)","decl":{"start":{"line":101,"column":5},"end":{"line":101,"column":6}},"loc":{"start":{"line":101,"column":37},"end":{"line":114,"column":1}}},"6":{"name":"(anonymous_7)","decl":{"start":{"line":102,"column":22},"end":{"line":102,"column":23}},"loc":{"start":{"line":102,"column":69},"end":{"line":104,"column":3}}},"7":{"name":"(anonymous_8)","decl":{"start":{"line":119,"column":78},"end":{"line":119,"column":79}},"loc":{"start":{"line":119,"column":95},"end":{"line":127,"column":1}}}},"branchMap":{"0":{"loc":{"start":{"line":30,"column":2},"end":{"line":30,"column":21}},"type":"default-arg","locations":[{"start":{"line":30,"column":10},"end":{"line":30,"column":21}}]},"1":{"loc":{"start":{"line":37,"column":25},"end":{"line":37,"column":79}},"type":"cond-expr","locations":[{"start":{"line":37,"column":50},"end":{"line":37,"column":63}},{"start":{"line":37,"column":66},"end":{"line":37,"column":79}}]},"2":{"loc":{"start":{"line":38,"column":23},"end":{"line":38,"column":71}},"type":"cond-expr","locations":[{"start":{"line":38,"column":48},"end":{"line":38,"column":59}},{"start":{"line":38,"column":62},"end":{"line":38,"column":71}}]},"3":{"loc":{"start":{"line":39,"column":4},"end":{"line":49,"column":5}},"type":"if","locations":[{"start":{"line":39,"column":4},"end":{"line":49,"column":5}},{"start":{},"end":{}}]},"4":{"loc":{"start":{"line":52,"column":4},"end":{"line":54,"column":5}},"type":"if","locations":[{"start":{"line":52,"column":4},"end":{"line":54,"column":5}},{"start":{},"end":{}}]},"5":{"loc":{"start":{"line":58,"column":4},"end":{"line":60,"column":5}},"type":"if","locations":[{"start":{"line":58,"column":4},"end":{"line":60,"column":5}},{"start":{},"end":{}}]},"6":{"loc":{"start":{"line":62,"column":4},"end":{"line":70,"column":5}},"type":"switch","locations":[{"start":{"line":63,"column":6},"end":{"line":64,"column":36}},{"start":{"line":65,"column":6},"end":{"line":66,"column":79}},{"start":{"line":67,"column":6},"end":{"line":67,"column":23}},{"start":{"line":68,"column":6},"end":{"line":69,"column":29}}]},"7":{"loc":{"start":{"line":103,"column":30},"end":{"line":103,"column":58}},"type":"binary-expr","locations":[{"start":{"line":103,"column":30},"end":{"line":103,"column":43}},{"start":{"line":103,"column":47},"end":{"line":103,"column":58}}]}},"s":{"0":1,"1":1,"2":1,"3":1,"4":1,"5":0,"6":0,"7":0,"8":0,"9":0,"10":0,"11":0,"12":1,"13":1,"14":0,"15":1,"16":0,"17":0,"18":0,"19":1,"20":1,"21":1,"22":1,"23":0,"24":1,"25":1,"26":0,"27":0,"28":0,"29":1,"30":1,"31":0,"32":1,"33":1},"f":{"0":1,"1":0,"2":1,"3":0,"4":0,"5":0,"6":0,"7":0},"b":{"0":[1],"1":[0,0],"2":[0,0],"3":[0,0],"4":[0,0],"5":[0,1],"6":[0,0,1,1],"7":[0,0]}}
,"F:\\github\\log-analyzer_rust\\log-analyzer\\src\\components\\ErrorFallback.tsx": {"path":"F:\\github\\log-analyzer_rust\\log-analyzer\\src\\components\\ErrorFallback.tsx","statementMap":{"0":{"start":{"line":1,"column":0},"end":{"line":1,"column":26}},"1":{"start":{"line":3,"column":0},"end":{"line":3,"column":30}},"2":{"start":{"line":10,"column":54},"end":{"line":195,"column":1}},"3":{"start":{"line":11,"column":40},"end":{"line":11,"column":61}},"4":{"start":{"line":12,"column":34},"end":{"line":12,"column":55}},"5":{"start":{"line":15,"column":23},"end":{"line":15,"column":77}},"6":{"start":{"line":16,"column":21},"end":{"line":16,"column":69}},"7":{"start":{"line":19,"column":28},"end":{"line":38,"column":3}},"8":{"start":{"line":20,"column":4},"end":{"line":20,"column":25}},"9":{"start":{"line":21,"column":4},"end":{"line":37,"column":5}},"10":{"start":{"line":23,"column":6},"end":{"line":27,"column":9}},"11":{"start":{"line":30,"column":6},"end":{"line":30,"column":61}},"12":{"start":{"line":30,"column":35},"end":{"line":30,"column":59}},"13":{"start":{"line":32,"column":6},"end":{"line":32,"column":24}},"14":{"start":{"line":34,"column":6},"end":{"line":34,"column":52}},"15":{"start":{"line":36,"column":6},"end":{"line":36,"column":28}},"16":{"start":{"line":40,"column":2},"end":{"line":194,"column":4}},"17":{"start":{"line":10,"column":13},"end":{"line":10,"column":54}},"18":{"start":{"line":200,"column":58},"end":{"line":206,"column":1}},"19":{"start":{"line":201,"column":2},"end":{"line":205,"column":4}},"20":{"start":{"line":200,"column":13},"end":{"line":200,"column":58}},"21":{"start":{"line":211,"column":61},"end":{"line":248,"column":1}},"22":{"start":{"line":213,"column":23},"end":{"line":213,"column":77}},"23":{"start":{"line":215,"column":2},"end":{"line":247,"column":4}},"24":{"start":{"line":211,"column":13},"end":{"line":211,"column":61}},"25":{"start":{"line":250,"column":61},"end":{"line":287,"column":1}},"26":{"start":{"line":252,"column":23},"end":{"line":252,"column":77}},"27":{"start":{"line":254,"column":2},"end":{"line":286,"column":4}},"28":{"start":{"line":250,"column":13},"end":{"line":250,"column":61}}},"fnMap":{"0":{"name":"(anonymous_1)","decl":{"start":{"line":10,"column":54},"end":{"line":10,"column":55}},"loc":{"start":{"line":10,"column":88},"end":{"line":195,"column":1}}},"1":{"name":"(anonymous_2)","decl":{"start":{"line":19,"column":28},"end":{"line":19,"column":33}},"loc":{"start":{"line":19,"column":39},"end":{"line":38,"column":3}}},"2":{"name":"(anonymous_3)","decl":{"start":{"line":30,"column":24},"end":{"line":30,"column":31}},"loc":{"start":{"line":30,"column":35},"end":{"line":30,"column":59}}},"3":{"name":"(anonymous_4)","decl":{"start":{"line":200,"column":58},"end":{"line":200,"column":59}},"loc":{"start":{"line":200,"column":92},"end":{"line":206,"column":1}}},"4":{"name":"(anonymous_5)","decl":{"start":{"line":211,"column":61},"end":{"line":211,"column":62}},"loc":{"start":{"line":211,"column":95},"end":{"line":248,"column":1}}},"5":{"name":"(anonymous_6)","decl":{"start":{"line":250,"column":61},"end":{"line":250,"column":62}},"loc":{"start":{"line":250,"column":95},"end":{"line":287,"column":1}}}},"branchMap":{"0":{"loc":{"start":{"line":15,"column":23},"end":{"line":15,"column":77}},"type":"cond-expr","locations":[{"start":{"line":15,"column":48},"end":{"line":15,"column":61}},{"start":{"line":15,"column":64},"end":{"line":15,"column":77}}]},"1":{"loc":{"start":{"line":16,"column":21},"end":{"line":16,"column":69}},"type":"cond-expr","locations":[{"start":{"line":16,"column":46},"end":{"line":16,"column":57}},{"start":{"line":16,"column":60},"end":{"line":16,"column":69}}]},"2":{"loc":{"start":{"line":76,"column":9},"end":{"line":97,"column":null}},"type":"binary-expr","locations":[{"start":{"line":76,"column":9},"end":{"line":76,"column":47}},{"start":{"line":77,"column":10},"end":{"line":96,"column":null}}]},"3":{"loc":{"start":{"line":88,"column":15},"end":{"line":94,"column":null}},"type":"binary-expr","locations":[{"start":{"line":88,"column":15},"end":{"line":88,"column":25}},{"start":{"line":89,"column":16},"end":{"line":93,"column":null}}]},"4":{"loc":{"start":{"line":124,"column":22},"end":{"line":124,"column":45}},"type":"binary-expr","locations":[{"start":{"line":124,"column":22},"end":{"line":124,"column":33}},{"start":{"line":124,"column":37},"end":{"line":124,"column":45}}]},"5":{"loc":{"start":{"line":127,"column":13},"end":{"line":183,"column":null}},"type":"cond-expr","locations":[{"start":{"line":128,"column":14},"end":{"line":149,"column":null}},{"start":{"line":150,"column":16},"end":{"line":183,"column":null}}]},"6":{"loc":{"start":{"line":150,"column":16},"end":{"line":183,"column":null}},"type":"cond-expr","locations":[{"start":{"line":151,"column":14},"end":{"line":166,"column":null}},{"start":{"line":168,"column":14},"end":{"line":183,"column":null}}]},"7":{"loc":{"start":{"line":213,"column":23},"end":{"line":213,"column":77}},"type":"cond-expr","locations":[{"start":{"line":213,"column":48},"end":{"line":213,"column":61}},{"start":{"line":213,"column":64},"end":{"line":213,"column":77}}]},"8":{"loc":{"start":{"line":252,"column":23},"end":{"line":252,"column":77}},"type":"cond-expr","locations":[{"start":{"line":252,"column":48},"end":{"line":252,"column":61}},{"start":{"line":252,"column":64},"end":{"line":252,"column":77}}]}},"s":{"0":3,"1":3,"2":3,"3":14,"4":14,"5":14,"6":14,"7":14,"8":0,"9":0,"10":0,"11":0,"12":0,"13":0,"14":0,"15":0,"16":14,"17":3,"18":3,"19":0,"20":3,"21":3,"22":0,"23":0,"24":3,"25":3,"26":0,"27":0,"28":3},"f":{"0":14,"1":0,"2":0,"3":0,"4":0,"5":0},"b":{"0":[14,0],"1":[14,0],"2":[14,14],"3":[14,14],"4":[14,14],"5":[0,14],"6":[0,14],"7":[0,0],"8":[0,0]}}
,"F:\\github\\log-analyzer_rust\\log-analyzer\\src\\components\\ErrorFeedback.tsx": {"path":"F:\\github\\log-analyzer_rust\\log-analyzer\\src\\components\\ErrorFeedback.tsx","statementMap":{"0":{"start":{"line":1,"column":0},"end":{"line":1,"column":40}},"1":{"start":{"line":2,"column":0},"end":{"line":2,"column":30}},"2":{"start":{"line":39,"column":63},"end":{"line":218,"column":1}},"3":{"start":{"line":45,"column":40},"end":{"line":45,"column":52}},"4":{"start":{"line":46,"column":28},"end":{"line":46,"column":40}},"5":{"start":{"line":47,"column":42},"end":{"line":47,"column":57}},"6":{"start":{"line":48,"column":36},"end":{"line":48,"column":51}},"7":{"start":{"line":50,"column":23},"end":{"line":84,"column":3}},"8":{"start":{"line":51,"column":4},"end":{"line":51,"column":23}},"9":{"start":{"line":53,"column":4},"end":{"line":55,"column":5}},"10":{"start":{"line":54,"column":6},"end":{"line":54,"column":13}},"11":{"start":{"line":57,"column":4},"end":{"line":57,"column":26}},"12":{"start":{"line":59,"column":4},"end":{"line":83,"column":5}},"13":{"start":{"line":60,"column":38},"end":{"line":69,"column":8}},"14":{"start":{"line":71,"column":6},"end":{"line":76,"column":7}},"15":{"start":{"line":72,"column":8},"end":{"line":72,"column":33}},"16":{"start":{"line":75,"column":8},"end":{"line":75,"column":49}},"17":{"start":{"line":78,"column":6},"end":{"line":78,"column":25}},"18":{"start":{"line":80,"column":6},"end":{"line":80,"column":55}},"19":{"start":{"line":82,"column":6},"end":{"line":82,"column":29}},"20":{"start":{"line":86,"column":2},"end":{"line":119,"column":3}},"21":{"start":{"line":87,"column":4},"end":{"line":118,"column":6}},"22":{"start":{"line":121,"column":2},"end":{"line":217,"column":4}},"23":{"start":{"line":142,"column":29},"end":{"line":142,"column":59}},"24":{"start":{"line":162,"column":29},"end":{"line":162,"column":53}},"25":{"start":{"line":39,"column":13},"end":{"line":39,"column":63}}},"fnMap":{"0":{"name":"(anonymous_9)","decl":{"start":{"line":39,"column":63},"end":{"line":39,"column":64}},"loc":{"start":{"line":44,"column":5},"end":{"line":218,"column":1}}},"1":{"name":"(anonymous_10)","decl":{"start":{"line":50,"column":23},"end":{"line":50,"column":28}},"loc":{"start":{"line":50,"column":52},"end":{"line":84,"column":3}}},"2":{"name":"(anonymous_11)","decl":{"start":{"line":142,"column":22},"end":{"line":142,"column":23}},"loc":{"start":{"line":142,"column":29},"end":{"line":142,"column":59}}},"3":{"name":"(anonymous_12)","decl":{"start":{"line":162,"column":22},"end":{"line":162,"column":23}},"loc":{"start":{"line":162,"column":29},"end":{"line":162,"column":53}}}},"branchMap":{"0":{"loc":{"start":{"line":53,"column":4},"end":{"line":55,"column":5}},"type":"if","locations":[{"start":{"line":53,"column":4},"end":{"line":55,"column":5}},{"start":{},"end":{}}]},"1":{"loc":{"start":{"line":67,"column":19},"end":{"line":67,"column":37}},"type":"binary-expr","locations":[{"start":{"line":67,"column":19},"end":{"line":67,"column":24}},{"start":{"line":67,"column":28},"end":{"line":67,"column":37}}]},"2":{"loc":{"start":{"line":71,"column":6},"end":{"line":76,"column":7}},"type":"if","locations":[{"start":{"line":71,"column":6},"end":{"line":76,"column":7}},{"start":{"line":73,"column":13},"end":{"line":76,"column":7}}]},"3":{"loc":{"start":{"line":86,"column":2},"end":{"line":119,"column":3}},"type":"if","locations":[{"start":{"line":86,"column":2},"end":{"line":119,"column":3}},{"start":{},"end":{}}]},"4":{"loc":{"start":{"line":175,"column":22},"end":{"line":175,"column":57}},"type":"binary-expr","locations":[{"start":{"line":175,"column":22},"end":{"line":175,"column":34}},{"start":{"line":175,"column":38},"end":{"line":175,"column":57}}]},"5":{"loc":{"start":{"line":178,"column":13},"end":{"line":202,"column":null}},"type":"cond-expr","locations":[{"start":{"line":179,"column":14},"end":{"line":200,"column":null}},{"start":{"line":202,"column":14},"end":{"line":202,"column":20}}]},"6":{"loc":{"start":{"line":205,"column":11},"end":{"line":212,"column":null}},"type":"binary-expr","locations":[{"start":{"line":205,"column":11},"end":{"line":205,"column":18}},{"start":{"line":206,"column":12},"end":{"line":209,"column":null}}]}},"s":{"0":0,"1":0,"2":0,"3":0,"4":0,"5":0,"6":0,"7":0,"8":0,"9":0,"10":0,"11":0,"12":0,"13":0,"14":0,"15":0,"16":0,"17":0,"18":0,"19":0,"20":0,"21":0,"22":0,"23":0,"24":0,"25":0},"f":{"0":0,"1":0,"2":0,"3":0},"b":{"0":[0,0],"1":[0,0],"2":[0,0],"3":[0,0],"4":[0,0],"5":[0,0],"6":[0,0]}}
,"F:\\github\\log-analyzer_rust\\log-analyzer\\src\\components\\EventManager.tsx": {"path":"F:\\github\\log-analyzer_rust\\log-analyzer\\src\\components\\EventManager.tsx","statementMap":{"0":{"start":{"line":1,"column":0},"end":{"line":1,"column":42}},"1":{"start":{"line":2,"column":0},"end":{"line":2,"column":47}},"2":{"start":{"line":3,"column":0},"end":{"line":3,"column":36}},"3":{"start":{"line":4,"column":0},"end":{"line":4,"column":51}},"4":{"start":{"line":5,"column":0},"end":{"line":5,"column":61}},"5":{"start":{"line":6,"column":0},"end":{"line":6,"column":41}},"6":{"start":{"line":15,"column":28},"end":{"line":157,"column":1}},"7":{"start":{"line":16,"column":28},"end":{"line":16,"column":53}},"8":{"start":{"line":18,"column":2},"end":{"line":153,"column":9}},"9":{"start":{"line":19,"column":4},"end":{"line":19,"column":65}},"10":{"start":{"line":22,"column":45},"end":{"line":22,"column":47}},"11":{"start":{"line":26,"column":36},"end":{"line":72,"column":5}},"12":{"start":{"line":27,"column":23},"end":{"line":69,"column":8}},"13":{"start":{"line":28,"column":88},"end":{"line":28,"column":101}},"14":{"start":{"line":29,"column":8},"end":{"line":29,"column":60}},"15":{"start":{"line":32,"column":26},"end":{"line":32,"column":49}},"16":{"start":{"line":33,"column":31},"end":{"line":33,"column":59}},"17":{"start":{"line":34,"column":29},"end":{"line":34,"column":74}},"18":{"start":{"line":34,"column":57},"end":{"line":34,"column":73}},"19":{"start":{"line":36,"column":8},"end":{"line":58,"column":9}},"20":{"start":{"line":38,"column":10},"end":{"line":38,"column":78}},"21":{"start":{"line":39,"column":10},"end":{"line":39,"column":49}},"22":{"start":{"line":40,"column":10},"end":{"line":48,"column":13}},"23":{"start":{"line":49,"column":15},"end":{"line":58,"column":9}},"24":{"start":{"line":51,"column":10},"end":{"line":57,"column":13}},"25":{"start":{"line":61,"column":8},"end":{"line":68,"column":9}},"26":{"start":{"line":62,"column":10},"end":{"line":62,"column":101}},"27":{"start":{"line":63,"column":10},"end":{"line":63,"column":76}},"28":{"start":{"line":64,"column":10},"end":{"line":64,"column":32}},"29":{"start":{"line":65,"column":15},"end":{"line":68,"column":9}},"30":{"start":{"line":66,"column":10},"end":{"line":66,"column":101}},"31":{"start":{"line":67,"column":10},"end":{"line":67,"column":78}},"32":{"start":{"line":71,"column":6},"end":{"line":71,"column":38}},"33":{"start":{"line":76,"column":40},"end":{"line":106,"column":5}},"34":{"start":{"line":77,"column":23},"end":{"line":103,"column":8}},"35":{"start":{"line":78,"column":8},"end":{"line":78,"column":64}},"36":{"start":{"line":79,"column":26},"end":{"line":79,"column":49}},"37":{"start":{"line":80,"column":31},"end":{"line":80,"column":59}},"38":{"start":{"line":83,"column":24},"end":{"line":83,"column":37}},"39":{"start":{"line":84,"column":23},"end":{"line":84,"column":79}},"40":{"start":{"line":85,"column":28},"end":{"line":85,"column":86}},"41":{"start":{"line":87,"column":8},"end":{"line":89,"column":9}},"42":{"start":{"line":88,"column":10},"end":{"line":88,"column":79}},"43":{"start":{"line":92,"column":8},"end":{"line":102,"column":9}},"44":{"start":{"line":93,"column":10},"end":{"line":93,"column":108}},"45":{"start":{"line":94,"column":10},"end":{"line":94,"column":75}},"46":{"start":{"line":95,"column":15},"end":{"line":102,"column":9}},"47":{"start":{"line":97,"column":23},"end":{"line":97,"column":67}},"48":{"start":{"line":97,"column":51},"end":{"line":97,"column":66}},"49":{"start":{"line":98,"column":10},"end":{"line":101,"column":11}},"50":{"start":{"line":99,"column":12},"end":{"line":99,"column":116}},"51":{"start":{"line":100,"column":12},"end":{"line":100,"column":82}},"52":{"start":{"line":105,"column":6},"end":{"line":105,"column":38}},"53":{"start":{"line":109,"column":37},"end":{"line":116,"column":5}},"54":{"start":{"line":110,"column":23},"end":{"line":113,"column":8}},"55":{"start":{"line":111,"column":8},"end":{"line":111,"column":61}},"56":{"start":{"line":112,"column":8},"end":{"line":112,"column":46}},"57":{"start":{"line":115,"column":6},"end":{"line":115,"column":38}},"58":{"start":{"line":119,"column":32},"end":{"line":130,"column":5}},"59":{"start":{"line":120,"column":6},"end":{"line":129,"column":7}},"60":{"start":{"line":121,"column":8},"end":{"line":125,"column":11}},"61":{"start":{"line":126,"column":8},"end":{"line":126,"column":72}},"62":{"start":{"line":128,"column":8},"end":{"line":128,"column":85}},"63":{"start":{"line":132,"column":4},"end":{"line":132,"column":26}},"64":{"start":{"line":135,"column":27},"end":{"line":135,"column":52}},"65":{"start":{"line":138,"column":4},"end":{"line":152,"column":6}},"66":{"start":{"line":139,"column":6},"end":{"line":139,"column":66}},"67":{"start":{"line":142,"column":6},"end":{"line":148,"column":9}},"68":{"start":{"line":143,"column":8},"end":{"line":147,"column":9}},"69":{"start":{"line":144,"column":10},"end":{"line":144,"column":20}},"70":{"start":{"line":146,"column":10},"end":{"line":146,"column":71}},"71":{"start":{"line":151,"column":6},"end":{"line":151,"column":29}},"72":{"start":{"line":156,"column":2},"end":{"line":156,"column":14}},"73":{"start":{"line":15,"column":13},"end":{"line":15,"column":28}}},"fnMap":{"0":{"name":"(anonymous_1)","decl":{"start":{"line":15,"column":28},"end":{"line":15,"column":31}},"loc":{"start":{"line":15,"column":33},"end":{"line":157,"column":1}}},"1":{"name":"(anonymous_2)","decl":{"start":{"line":18,"column":12},"end":{"line":18,"column":15}},"loc":{"start":{"line":18,"column":17},"end":{"line":153,"column":3}}},"2":{"name":"(anonymous_3)","decl":{"start":{"line":26,"column":36},"end":{"line":26,"column":41}},"loc":{"start":{"line":26,"column":47},"end":{"line":72,"column":5}}},"3":{"name":"(anonymous_4)","decl":{"start":{"line":27,"column":56},"end":{"line":27,"column":57}},"loc":{"start":{"line":27,"column":66},"end":{"line":69,"column":7}}},"4":{"name":"(anonymous_5)","decl":{"start":{"line":34,"column":50},"end":{"line":34,"column":51}},"loc":{"start":{"line":34,"column":57},"end":{"line":34,"column":73}}},"5":{"name":"(anonymous_6)","decl":{"start":{"line":76,"column":40},"end":{"line":76,"column":45}},"loc":{"start":{"line":76,"column":51},"end":{"line":106,"column":5}}},"6":{"name":"(anonymous_7)","decl":{"start":{"line":77,"column":60},"end":{"line":77,"column":61}},"loc":{"start":{"line":77,"column":70},"end":{"line":103,"column":7}}},"7":{"name":"(anonymous_8)","decl":{"start":{"line":97,"column":44},"end":{"line":97,"column":45}},"loc":{"start":{"line":97,"column":51},"end":{"line":97,"column":66}}},"8":{"name":"(anonymous_9)","decl":{"start":{"line":109,"column":37},"end":{"line":109,"column":42}},"loc":{"start":{"line":109,"column":48},"end":{"line":116,"column":5}}},"9":{"name":"(anonymous_10)","decl":{"start":{"line":110,"column":60},"end":{"line":110,"column":61}},"loc":{"start":{"line":110,"column":70},"end":{"line":113,"column":7}}},"10":{"name":"(anonymous_11)","decl":{"start":{"line":119,"column":32},"end":{"line":119,"column":37}},"loc":{"start":{"line":119,"column":43},"end":{"line":130,"column":5}}},"11":{"name":"(anonymous_12)","decl":{"start":{"line":138,"column":11},"end":{"line":138,"column":14}},"loc":{"start":{"line":138,"column":16},"end":{"line":152,"column":5}}},"12":{"name":"(anonymous_13)","decl":{"start":{"line":142,"column":31},"end":{"line":142,"column":38}},"loc":{"start":{"line":142,"column":41},"end":{"line":148,"column":7}}}},"branchMap":{"0":{"loc":{"start":{"line":36,"column":8},"end":{"line":58,"column":9}},"type":"if","locations":[{"start":{"line":36,"column":8},"end":{"line":58,"column":9}},{"start":{"line":49,"column":15},"end":{"line":58,"column":9}}]},"1":{"loc":{"start":{"line":36,"column":12},"end":{"line":36,"column":68}},"type":"binary-expr","locations":[{"start":{"line":36,"column":12},"end":{"line":36,"column":25}},{"start":{"line":36,"column":29},"end":{"line":36,"column":68}}]},"2":{"loc":{"start":{"line":49,"column":15},"end":{"line":58,"column":9}},"type":"if","locations":[{"start":{"line":49,"column":15},"end":{"line":58,"column":9}},{"start":{},"end":{}}]},"3":{"loc":{"start":{"line":49,"column":19},"end":{"line":49,"column":73}},"type":"binary-expr","locations":[{"start":{"line":49,"column":19},"end":{"line":49,"column":31}},{"start":{"line":49,"column":35},"end":{"line":49,"column":73}}]},"4":{"loc":{"start":{"line":61,"column":8},"end":{"line":68,"column":9}},"type":"if","locations":[{"start":{"line":61,"column":8},"end":{"line":68,"column":9}},{"start":{"line":65,"column":15},"end":{"line":68,"column":9}}]},"5":{"loc":{"start":{"line":61,"column":12},"end":{"line":61,"column":50}},"type":"binary-expr","locations":[{"start":{"line":61,"column":12},"end":{"line":61,"column":34}},{"start":{"line":61,"column":38},"end":{"line":61,"column":50}}]},"6":{"loc":{"start":{"line":65,"column":15},"end":{"line":68,"column":9}},"type":"if","locations":[{"start":{"line":65,"column":15},"end":{"line":68,"column":9}},{"start":{},"end":{}}]},"7":{"loc":{"start":{"line":65,"column":19},"end":{"line":65,"column":54}},"type":"binary-expr","locations":[{"start":{"line":65,"column":19},"end":{"line":65,"column":38}},{"start":{"line":65,"column":42},"end":{"line":65,"column":54}}]},"8":{"loc":{"start":{"line":84,"column":23},"end":{"line":84,"column":79}},"type":"cond-expr","locations":[{"start":{"line":84,"column":53},"end":{"line":84,"column":60}},{"start":{"line":84,"column":63},"end":{"line":84,"column":79}}]},"9":{"loc":{"start":{"line":85,"column":28},"end":{"line":85,"column":86}},"type":"cond-expr","locations":[{"start":{"line":85,"column":58},"end":{"line":85,"column":79}},{"start":{"line":85,"column":82},"end":{"line":85,"column":86}}]},"10":{"loc":{"start":{"line":87,"column":8},"end":{"line":89,"column":9}},"type":"if","locations":[{"start":{"line":87,"column":8},"end":{"line":89,"column":9}},{"start":{},"end":{}}]},"11":{"loc":{"start":{"line":92,"column":8},"end":{"line":102,"column":9}},"type":"if","locations":[{"start":{"line":92,"column":8},"end":{"line":102,"column":9}},{"start":{"line":95,"column":15},"end":{"line":102,"column":9}}]},"12":{"loc":{"start":{"line":95,"column":15},"end":{"line":102,"column":9}},"type":"if","locations":[{"start":{"line":95,"column":15},"end":{"line":102,"column":9}},{"start":{},"end":{}}]},"13":{"loc":{"start":{"line":98,"column":10},"end":{"line":101,"column":11}},"type":"if","locations":[{"start":{"line":98,"column":10},"end":{"line":101,"column":11}},{"start":{},"end":{}}]}},"s":{"0":1,"1":1,"2":1,"3":1,"4":1,"5":1,"6":1,"7":26,"8":26,"9":24,"10":24,"11":24,"12":24,"13":2,"14":2,"15":2,"16":2,"17":2,"18":1,"19":2,"20":1,"21":1,"22":1,"23":1,"24":1,"25":2,"26":0,"27":0,"28":0,"29":2,"30":0,"31":0,"32":23,"33":24,"34":24,"35":0,"36":0,"37":0,"38":0,"39":0,"40":0,"41":0,"42":0,"43":0,"44":0,"45":0,"46":0,"47":0,"48":0,"49":0,"50":0,"51":0,"52":23,"53":24,"54":24,"55":0,"56":0,"57":23,"58":24,"59":24,"60":24,"61":23,"62":1,"63":24,"64":24,"65":24,"66":24,"67":24,"68":36,"69":36,"70":0,"71":24,"72":26,"73":1},"f":{"0":26,"1":24,"2":24,"3":2,"4":1,"5":24,"6":0,"7":0,"8":24,"9":0,"10":24,"11":24,"12":36},"b":{"0":[1,1],"1":[2,1],"2":[1,0],"3":[1,0],"4":[0,2],"5":[2,0],"6":[0,2],"7":[2,0],"8":[0,0],"9":[0,0],"10":[0,0],"11":[0,0],"12":[0,0],"13":[0,0]}}
,"F:\\github\\log-analyzer_rust\\log-analyzer\\src\\components\\FormError.tsx": {"path":"F:\\github\\log-analyzer_rust\\log-analyzer\\src\\components\\FormError.tsx","statementMap":{"0":{"start":{"line":1,"column":0},"end":{"line":1,"column":26}},"1":{"start":{"line":31,"column":51},"end":{"line":69,"column":1}},"2":{"start":{"line":37,"column":2},"end":{"line":39,"column":3}},"3":{"start":{"line":38,"column":4},"end":{"line":38,"column":16}},"4":{"start":{"line":41,"column":18},"end":{"line":41,"column":58}},"5":{"start":{"line":43,"column":2},"end":{"line":68,"column":4}},"6":{"start":{"line":31,"column":13},"end":{"line":31,"column":51}},"7":{"start":{"line":110,"column":57},"end":{"line":167,"column":1}},"8":{"start":{"line":119,"column":18},"end":{"line":119,"column":31}},"9":{"start":{"line":120,"column":17},"end":{"line":120,"column":29}},"10":{"start":{"line":121,"column":19},"end":{"line":121,"column":33}},"11":{"start":{"line":123,"column":2},"end":{"line":166,"column":4}},"12":{"start":{"line":139,"column":10},"end":{"line":150,"column":11}},"13":{"start":{"line":140,"column":12},"end":{"line":149,"column":15}},"14":{"start":{"line":151,"column":10},"end":{"line":151,"column":23}},"15":{"start":{"line":110,"column":13},"end":{"line":110,"column":57}},"16":{"start":{"line":189,"column":65},"end":{"line":239,"column":1}},"17":{"start":{"line":194,"column":23},"end":{"line":194,"column":78}},"18":{"start":{"line":194,"column":70},"end":{"line":194,"column":77}},"19":{"start":{"line":196,"column":2},"end":{"line":198,"column":3}},"20":{"start":{"line":197,"column":4},"end":{"line":197,"column":16}},"21":{"start":{"line":200,"column":2},"end":{"line":238,"column":4}},"22":{"start":{"line":227,"column":14},"end":{"line":231,"column":null}},"23":{"start":{"line":189,"column":13},"end":{"line":189,"column":65}}},"fnMap":{"0":{"name":"(anonymous_1)","decl":{"start":{"line":31,"column":51},"end":{"line":31,"column":52}},"loc":{"start":{"line":36,"column":5},"end":{"line":69,"column":1}}},"1":{"name":"(anonymous_2)","decl":{"start":{"line":110,"column":57},"end":{"line":110,"column":58}},"loc":{"start":{"line":118,"column":5},"end":{"line":167,"column":1}}},"2":{"name":"(anonymous_3)","decl":{"start":{"line":138,"column":38},"end":{"line":138,"column":39}},"loc":{"start":{"line":138,"column":48},"end":{"line":152,"column":9}}},"3":{"name":"(anonymous_4)","decl":{"start":{"line":189,"column":65},"end":{"line":189,"column":66}},"loc":{"start":{"line":193,"column":5},"end":{"line":239,"column":1}}},"4":{"name":"(anonymous_5)","decl":{"start":{"line":194,"column":53},"end":{"line":194,"column":54}},"loc":{"start":{"line":194,"column":70},"end":{"line":194,"column":77}}},"5":{"name":"(anonymous_6)","decl":{"start":{"line":226,"column":30},"end":{"line":226,"column":31}},"loc":{"start":{"line":227,"column":14},"end":{"line":231,"column":null}}}},"branchMap":{"0":{"loc":{"start":{"line":34,"column":2},"end":{"line":34,"column":17}},"type":"default-arg","locations":[{"start":{"line":34,"column":13},"end":{"line":34,"column":17}}]},"1":{"loc":{"start":{"line":35,"column":2},"end":{"line":35,"column":16}},"type":"default-arg","locations":[{"start":{"line":35,"column":14},"end":{"line":35,"column":16}}]},"2":{"loc":{"start":{"line":37,"column":2},"end":{"line":39,"column":3}},"type":"if","locations":[{"start":{"line":37,"column":2},"end":{"line":39,"column":3}},{"start":{},"end":{}}]},"3":{"loc":{"start":{"line":41,"column":18},"end":{"line":41,"column":58}},"type":"cond-expr","locations":[{"start":{"line":41,"column":28},"end":{"line":41,"column":46}},{"start":{"line":41,"column":49},"end":{"line":41,"column":58}}]},"4":{"loc":{"start":{"line":50,"column":7},"end":{"line":64,"column":null}},"type":"binary-expr","locations":[{"start":{"line":50,"column":7},"end":{"line":50,"column":15}},{"start":{"line":51,"column":8},"end":{"line":63,"column":null}}]},"5":{"loc":{"start":{"line":114,"column":2},"end":{"line":114,"column":18}},"type":"default-arg","locations":[{"start":{"line":114,"column":13},"end":{"line":114,"column":18}}]},"6":{"loc":{"start":{"line":117,"column":2},"end":{"line":117,"column":16}},"type":"default-arg","locations":[{"start":{"line":117,"column":14},"end":{"line":117,"column":16}}]},"7":{"loc":{"start":{"line":130,"column":9},"end":{"line":133,"column":null}},"type":"binary-expr","locations":[{"start":{"line":130,"column":9},"end":{"line":130,"column":17}},{"start":{"line":131,"column":10},"end":{"line":131,"column":null}}]},"8":{"loc":{"start":{"line":139,"column":10},"end":{"line":150,"column":11}},"type":"if","locations":[{"start":{"line":139,"column":10},"end":{"line":150,"column":11}},{"start":{},"end":{}}]},"9":{"loc":{"start":{"line":143,"column":34},"end":{"line":148,"column":39}},"type":"binary-expr","locations":[{"start":{"line":143,"column":34},"end":{"line":148,"column":26}},{"start":{"line":148,"column":30},"end":{"line":148,"column":39}}]},"10":{"loc":{"start":{"line":144,"column":16},"end":{"line":144,"column":41}},"type":"cond-expr","locations":[{"start":{"line":144,"column":27},"end":{"line":144,"column":34}},{"start":{"line":144,"column":37},"end":{"line":144,"column":41}}]},"11":{"loc":{"start":{"line":145,"column":16},"end":{"line":145,"column":40}},"type":"cond-expr","locations":[{"start":{"line":145,"column":27},"end":{"line":145,"column":33}},{"start":{"line":145,"column":36},"end":{"line":145,"column":40}}]},"12":{"loc":{"start":{"line":155,"column":7},"end":{"line":161,"column":null}},"type":"binary-expr","locations":[{"start":{"line":155,"column":7},"end":{"line":155,"column":15}},{"start":{"line":155,"column":19},"end":{"line":155,"column":28}},{"start":{"line":156,"column":8},"end":{"line":160,"column":null}}]},"13":{"loc":{"start":{"line":191,"column":2},"end":{"line":191,"column":19}},"type":"default-arg","locations":[{"start":{"line":191,"column":10},"end":{"line":191,"column":19}}]},"14":{"loc":{"start":{"line":192,"column":2},"end":{"line":192,"column":16}},"type":"default-arg","locations":[{"start":{"line":192,"column":14},"end":{"line":192,"column":16}}]},"15":{"loc":{"start":{"line":196,"column":2},"end":{"line":198,"column":3}},"type":"if","locations":[{"start":{"line":196,"column":2},"end":{"line":198,"column":3}},{"start":{},"end":{}}]}},"s":{"0":0,"1":0,"2":0,"3":0,"4":0,"5":0,"6":0,"7":0,"8":0,"9":0,"10":0,"11":0,"12":0,"13":0,"14":0,"15":0,"16":0,"17":0,"18":0,"19":0,"20":0,"21":0,"22":0,"23":0},"f":{"0":0,"1":0,"2":0,"3":0,"4":0,"5":0},"b":{"0":[0],"1":[0],"2":[0,0],"3":[0,0],"4":[0,0],"5":[0],"6":[0],"7":[0,0],"8":[0,0],"9":[0,0],"10":[0,0],"11":[0,0],"12":[0,0,0],"13":[0],"14":[0],"15":[0,0]}}
,"F:\\github\\log-analyzer_rust\\log-analyzer\\src\\components\\Skeleton.tsx": {"path":"F:\\github\\log-analyzer_rust\\log-analyzer\\src\\components\\Skeleton.tsx","statementMap":{"0":{"start":{"line":1,"column":0},"end":{"line":1,"column":26}},"1":{"start":{"line":2,"column":0},"end":{"line":2,"column":41}},"2":{"start":{"line":9,"column":24},"end":{"line":19,"column":1}},"3":{"start":{"line":10,"column":2},"end":{"line":18,"column":4}},"4":{"start":{"line":9,"column":13},"end":{"line":9,"column":24}},"5":{"start":{"line":22,"column":37},"end":{"line":40,"column":1}},"6":{"start":{"line":23,"column":2},"end":{"line":39,"column":4}},"7":{"start":{"line":22,"column":13},"end":{"line":22,"column":37}},"8":{"start":{"line":43,"column":32},"end":{"line":61,"column":1}},"9":{"start":{"line":44,"column":2},"end":{"line":60,"column":4}},"10":{"start":{"line":43,"column":13},"end":{"line":43,"column":32}},"11":{"start":{"line":64,"column":35},"end":{"line":84,"column":1}},"12":{"start":{"line":65,"column":2},"end":{"line":83,"column":4}},"13":{"start":{"line":64,"column":13},"end":{"line":64,"column":35}},"14":{"start":{"line":87,"column":31},"end":{"line":100,"column":1}},"15":{"start":{"line":88,"column":2},"end":{"line":99,"column":4}},"16":{"start":{"line":91,"column":8},"end":{"line":95,"column":null}},"17":{"start":{"line":87,"column":13},"end":{"line":87,"column":31}},"18":{"start":{"line":103,"column":33},"end":{"line":111,"column":1}},"19":{"start":{"line":104,"column":2},"end":{"line":110,"column":4}},"20":{"start":{"line":103,"column":13},"end":{"line":103,"column":33}},"21":{"start":{"line":114,"column":28},"end":{"line":122,"column":1}},"22":{"start":{"line":115,"column":2},"end":{"line":121,"column":4}},"23":{"start":{"line":118,"column":8},"end":{"line":118,"column":33}},"24":{"start":{"line":114,"column":13},"end":{"line":114,"column":28}}},"fnMap":{"0":{"name":"(anonymous_1)","decl":{"start":{"line":9,"column":24},"end":{"line":9,"column":25}},"loc":{"start":{"line":9,"column":90},"end":{"line":19,"column":1}}},"1":{"name":"(anonymous_2)","decl":{"start":{"line":22,"column":37},"end":{"line":22,"column":40}},"loc":{"start":{"line":22,"column":42},"end":{"line":40,"column":1}}},"2":{"name":"(anonymous_3)","decl":{"start":{"line":43,"column":32},"end":{"line":43,"column":35}},"loc":{"start":{"line":43,"column":37},"end":{"line":61,"column":1}}},"3":{"name":"(anonymous_4)","decl":{"start":{"line":64,"column":35},"end":{"line":64,"column":38}},"loc":{"start":{"line":64,"column":40},"end":{"line":84,"column":1}}},"4":{"name":"(anonymous_5)","decl":{"start":{"line":87,"column":31},"end":{"line":87,"column":34}},"loc":{"start":{"line":87,"column":36},"end":{"line":100,"column":1}}},"5":{"name":"(anonymous_6)","decl":{"start":{"line":90,"column":26},"end":{"line":90,"column":27}},"loc":{"start":{"line":91,"column":8},"end":{"line":95,"column":null}}},"6":{"name":"(anonymous_7)","decl":{"start":{"line":103,"column":33},"end":{"line":103,"column":36}},"loc":{"start":{"line":103,"column":38},"end":{"line":111,"column":1}}},"7":{"name":"(anonymous_8)","decl":{"start":{"line":114,"column":28},"end":{"line":114,"column":29}},"loc":{"start":{"line":114,"column":85},"end":{"line":122,"column":1}}},"8":{"name":"(anonymous_9)","decl":{"start":{"line":117,"column":29},"end":{"line":117,"column":30}},"loc":{"start":{"line":118,"column":8},"end":{"line":118,"column":33}}}},"branchMap":{"0":{"loc":{"start":{"line":114,"column":31},"end":{"line":114,"column":40}},"type":"default-arg","locations":[{"start":{"line":114,"column":39},"end":{"line":114,"column":40}}]},"1":{"loc":{"start":{"line":114,"column":42},"end":{"line":114,"column":79}},"type":"default-arg","locations":[{"start":{"line":114,"column":58},"end":{"line":114,"column":79}}]}},"s":{"0":0,"1":0,"2":0,"3":0,"4":0,"5":0,"6":0,"7":0,"8":0,"9":0,"10":0,"11":0,"12":0,"13":0,"14":0,"15":0,"16":0,"17":0,"18":0,"19":0,"20":0,"21":0,"22":0,"23":0,"24":0},"f":{"0":0,"1":0,"2":0,"3":0,"4":0,"5":0,"6":0,"7":0,"8":0},"b":{"0":[0],"1":[0]}}
,"F:\\github\\log-analyzer_rust\\log-analyzer\\src\\components\\SyncStatusIndicator.tsx": {"path":"F:\\github\\log-analyzer_rust\\log-analyzer\\src\\components\\SyncStatusIndicator.tsx","statementMap":{"0":{"start":{"line":9,"column":0},"end":{"line":9,"column":51}},"1":{"start":{"line":10,"column":0},"end":{"line":10,"column":81}},"2":{"start":{"line":11,"column":0},"end":{"line":11,"column":75}},"3":{"start":{"line":27,"column":71},"end":{"line":114,"column":1}},"4":{"start":{"line":32,"column":51},"end":{"line":32,"column":76}},"5":{"start":{"line":33,"column":52},"end":{"line":33,"column":67}},"6":{"start":{"line":36,"column":2},"end":{"line":42,"column":31}},"7":{"start":{"line":37,"column":4},"end":{"line":41,"column":5}},"8":{"start":{"line":38,"column":6},"end":{"line":38,"column":33}},"9":{"start":{"line":39,"column":20},"end":{"line":39,"column":71}},"10":{"start":{"line":39,"column":37},"end":{"line":39,"column":64}},"11":{"start":{"line":40,"column":6},"end":{"line":40,"column":39}},"12":{"start":{"line":40,"column":19},"end":{"line":40,"column":38}},"13":{"start":{"line":44,"column":2},"end":{"line":58,"column":3}},"14":{"start":{"line":45,"column":4},"end":{"line":57,"column":6}},"15":{"start":{"line":60,"column":2},"end":{"line":113,"column":4}},"16":{"start":{"line":27,"column":13},"end":{"line":27,"column":71}},"17":{"start":{"line":127,"column":55},"end":{"line":160,"column":1}},"18":{"start":{"line":133,"column":36},"end":{"line":133,"column":51}},"19":{"start":{"line":135,"column":2},"end":{"line":141,"column":13}},"20":{"start":{"line":136,"column":4},"end":{"line":140,"column":5}},"21":{"start":{"line":137,"column":6},"end":{"line":137,"column":25}},"22":{"start":{"line":138,"column":20},"end":{"line":138,"column":62}},"23":{"start":{"line":138,"column":37},"end":{"line":138,"column":56}},"24":{"start":{"line":139,"column":6},"end":{"line":139,"column":39}},"25":{"start":{"line":139,"column":19},"end":{"line":139,"column":38}},"26":{"start":{"line":143,"column":22},"end":{"line":147,"column":4}},"27":{"start":{"line":149,"column":2},"end":{"line":159,"column":4}},"28":{"start":{"line":127,"column":13},"end":{"line":127,"column":55}},"29":{"start":{"line":172,"column":51},"end":{"line":201,"column":1}},"30":{"start":{"line":177,"column":2},"end":{"line":184,"column":3}},"31":{"start":{"line":178,"column":4},"end":{"line":183,"column":6}},"32":{"start":{"line":186,"column":2},"end":{"line":193,"column":3}},"33":{"start":{"line":187,"column":4},"end":{"line":192,"column":6}},"34":{"start":{"line":195,"column":2},"end":{"line":200,"column":4}},"35":{"start":{"line":172,"column":13},"end":{"line":172,"column":51}},"36":{"start":{"line":208,"column":14},"end":{"line":208,"column":24}},"37":{"start":{"line":209,"column":17},"end":{"line":209,"column":47}},"38":{"start":{"line":210,"column":18},"end":{"line":210,"column":43}},"39":{"start":{"line":212,"column":2},"end":{"line":212,"column":37}},"40":{"start":{"line":212,"column":19},"end":{"line":212,"column":37}},"41":{"start":{"line":213,"column":2},"end":{"line":213,"column":45}},"42":{"start":{"line":213,"column":20},"end":{"line":213,"column":45}},"43":{"start":{"line":215,"column":18},"end":{"line":215,"column":42}},"44":{"start":{"line":216,"column":2},"end":{"line":216,"column":45}},"45":{"start":{"line":216,"column":20},"end":{"line":216,"column":45}},"46":{"start":{"line":218,"column":19},"end":{"line":218,"column":43}},"47":{"start":{"line":219,"column":2},"end":{"line":219,"column":47}},"48":{"start":{"line":219,"column":21},"end":{"line":219,"column":47}},"49":{"start":{"line":221,"column":2},"end":{"line":221,"column":35}},"50":{"start":{"line":224,"column":0},"end":{"line":224,"column":35}}},"fnMap":{"0":{"name":"(anonymous_9)","decl":{"start":{"line":27,"column":71},"end":{"line":27,"column":72}},"loc":{"start":{"line":31,"column":5},"end":{"line":114,"column":1}}},"1":{"name":"(anonymous_10)","decl":{"start":{"line":36,"column":12},"end":{"line":36,"column":15}},"loc":{"start":{"line":36,"column":17},"end":{"line":42,"column":3}}},"2":{"name":"(anonymous_11)","decl":{"start":{"line":39,"column":31},"end":{"line":39,"column":34}},"loc":{"start":{"line":39,"column":37},"end":{"line":39,"column":64}}},"3":{"name":"(anonymous_12)","decl":{"start":{"line":40,"column":13},"end":{"line":40,"column":16}},"loc":{"start":{"line":40,"column":19},"end":{"line":40,"column":38}}},"4":{"name":"(anonymous_13)","decl":{"start":{"line":127,"column":55},"end":{"line":127,"column":56}},"loc":{"start":{"line":132,"column":5},"end":{"line":160,"column":1}}},"5":{"name":"(anonymous_14)","decl":{"start":{"line":135,"column":12},"end":{"line":135,"column":15}},"loc":{"start":{"line":135,"column":17},"end":{"line":141,"column":3}}},"6":{"name":"(anonymous_15)","decl":{"start":{"line":138,"column":31},"end":{"line":138,"column":34}},"loc":{"start":{"line":138,"column":37},"end":{"line":138,"column":56}}},"7":{"name":"(anonymous_16)","decl":{"start":{"line":139,"column":13},"end":{"line":139,"column":16}},"loc":{"start":{"line":139,"column":19},"end":{"line":139,"column":38}}},"8":{"name":"(anonymous_17)","decl":{"start":{"line":172,"column":51},"end":{"line":172,"column":52}},"loc":{"start":{"line":176,"column":5},"end":{"line":201,"column":1}}},"9":{"name":"formatRelativeTime","decl":{"start":{"line":207,"column":9},"end":{"line":207,"column":27}},"loc":{"start":{"line":207,"column":38},"end":{"line":222,"column":1}}}},"branchMap":{"0":{"loc":{"start":{"line":28,"column":2},"end":{"line":28,"column":21}},"type":"default-arg","locations":[{"start":{"line":28,"column":16},"end":{"line":28,"column":21}}]},"1":{"loc":{"start":{"line":29,"column":2},"end":{"line":29,"column":17}},"type":"default-arg","locations":[{"start":{"line":29,"column":12},"end":{"line":29,"column":17}}]},"2":{"loc":{"start":{"line":30,"column":2},"end":{"line":30,"column":16}},"type":"default-arg","locations":[{"start":{"line":30,"column":14},"end":{"line":30,"column":16}}]},"3":{"loc":{"start":{"line":37,"column":4},"end":{"line":41,"column":5}},"type":"if","locations":[{"start":{"line":37,"column":4},"end":{"line":41,"column":5}},{"start":{},"end":{}}]},"4":{"loc":{"start":{"line":44,"column":2},"end":{"line":58,"column":3}},"type":"if","locations":[{"start":{"line":44,"column":2},"end":{"line":58,"column":3}},{"start":{},"end":{}}]},"5":{"loc":{"start":{"line":48,"column":9},"end":{"line":49,"column":null}},"type":"binary-expr","locations":[{"start":{"line":48,"column":9},"end":{"line":48,"column":26}},{"start":{"line":49,"column":10},"end":{"line":49,"column":73}}]},"6":{"loc":{"start":{"line":51,"column":9},"end":{"line":54,"column":null}},"type":"binary-expr","locations":[{"start":{"line":51,"column":9},"end":{"line":51,"column":37}},{"start":{"line":52,"column":10},"end":{"line":53,"column":null}}]},"7":{"loc":{"start":{"line":64,"column":27},"end":{"line":64,"column":56}},"type":"cond-expr","locations":[{"start":{"line":64,"column":51},"end":{"line":64,"column":52}},{"start":{"line":64,"column":55},"end":{"line":64,"column":56}}]},"8":{"loc":{"start":{"line":69,"column":7},"end":{"line":110,"column":null}},"type":"binary-expr","locations":[{"start":{"line":69,"column":7},"end":{"line":69,"column":18}},{"start":{"line":70,"column":8},"end":{"line":109,"column":null}}]},"9":{"loc":{"start":{"line":74,"column":13},"end":{"line":79,"column":null}},"type":"cond-expr","locations":[{"start":{"line":75,"column":14},"end":{"line":75,"column":79}},{"start":{"line":76,"column":16},"end":{"line":79,"column":null}}]},"10":{"loc":{"start":{"line":76,"column":16},"end":{"line":79,"column":null}},"type":"cond-expr","locations":[{"start":{"line":77,"column":14},"end":{"line":77,"column":60}},{"start":{"line":79,"column":14},"end":{"line":79,"column":61}}]},"11":{"loc":{"start":{"line":84,"column":11},"end":{"line":91,"column":null}},"type":"binary-expr","locations":[{"start":{"line":84,"column":11},"end":{"line":84,"column":33}},{"start":{"line":85,"column":12},"end":{"line":90,"column":null}}]},"12":{"loc":{"start":{"line":88,"column":15},"end":{"line":89,"column":null}},"type":"binary-expr","locations":[{"start":{"line":88,"column":15},"end":{"line":88,"column":32}},{"start":{"line":89,"column":16},"end":{"line":89,"column":70}}]},"13":{"loc":{"start":{"line":95,"column":11},"end":{"line":99,"column":null}},"type":"binary-expr","locations":[{"start":{"line":95,"column":11},"end":{"line":95,"column":39}},{"start":{"line":96,"column":12},"end":{"line":98,"column":null}}]},"14":{"loc":{"start":{"line":103,"column":11},"end":{"line":108,"column":null}},"type":"binary-expr","locations":[{"start":{"line":103,"column":11},"end":{"line":103,"column":42}},{"start":{"line":104,"column":12},"end":{"line":107,"column":null}}]},"15":{"loc":{"start":{"line":129,"column":2},"end":{"line":129,"column":18}},"type":"default-arg","locations":[{"start":{"line":129,"column":9},"end":{"line":129,"column":18}}]},"16":{"loc":{"start":{"line":131,"column":2},"end":{"line":131,"column":16}},"type":"default-arg","locations":[{"start":{"line":131,"column":14},"end":{"line":131,"column":16}}]},"17":{"loc":{"start":{"line":136,"column":4},"end":{"line":140,"column":5}},"type":"if","locations":[{"start":{"line":136,"column":4},"end":{"line":140,"column":5}},{"start":{},"end":{}}]},"18":{"loc":{"start":{"line":153,"column":10},"end":{"line":153,"column":56}},"type":"cond-expr","locations":[{"start":{"line":153,"column":22},"end":{"line":153,"column":51}},{"start":{"line":153,"column":54},"end":{"line":153,"column":56}}]},"19":{"loc":{"start":{"line":174,"column":2},"end":{"line":174,"column":19}},"type":"default-arg","locations":[{"start":{"line":174,"column":14},"end":{"line":174,"column":19}}]},"20":{"loc":{"start":{"line":175,"column":2},"end":{"line":175,"column":16}},"type":"default-arg","locations":[{"start":{"line":175,"column":14},"end":{"line":175,"column":16}}]},"21":{"loc":{"start":{"line":177,"column":2},"end":{"line":184,"column":3}},"type":"if","locations":[{"start":{"line":177,"column":2},"end":{"line":184,"column":3}},{"start":{},"end":{}}]},"22":{"loc":{"start":{"line":186,"column":2},"end":{"line":193,"column":3}},"type":"if","locations":[{"start":{"line":186,"column":2},"end":{"line":193,"column":3}},{"start":{},"end":{}}]},"23":{"loc":{"start":{"line":212,"column":2},"end":{"line":212,"column":37}},"type":"if","locations":[{"start":{"line":212,"column":2},"end":{"line":212,"column":37}},{"start":{},"end":{}}]},"24":{"loc":{"start":{"line":213,"column":2},"end":{"line":213,"column":45}},"type":"if","locations":[{"start":{"line":213,"column":2},"end":{"line":213,"column":45}},{"start":{},"end":{}}]},"25":{"loc":{"start":{"line":216,"column":2},"end":{"line":216,"column":45}},"type":"if","locations":[{"start":{"line":216,"column":2},"end":{"line":216,"column":45}},{"start":{},"end":{}}]},"26":{"loc":{"start":{"line":219,"column":2},"end":{"line":219,"column":47}},"type":"if","locations":[{"start":{"line":219,"column":2},"end":{"line":219,"column":47}},{"start":{},"end":{}}]}},"s":{"0":0,"1":0,"2":0,"3":0,"4":0,"5":0,"6":0,"7":0,"8":0,"9":0,"10":0,"11":0,"12":0,"13":0,"14":0,"15":0,"16":0,"17":0,"18":0,"19":0,"20":0,"21":0,"22":0,"23":0,"24":0,"25":0,"26":0,"27":0,"28":0,"29":0,"30":0,"31":0,"32":0,"33":0,"34":0,"35":0,"36":0,"37":0,"38":0,"39":0,"40":0,"41":0,"42":0,"43":0,"44":0,"45":0,"46":0,"47":0,"48":0,"49":0,"50":0},"f":{"0":0,"1":0,"2":0,"3":0,"4":0,"5":0,"6":0,"7":0,"8":0,"9":0},"b":{"0":[0],"1":[0],"2":[0],"3":[0,0],"4":[0,0],"5":[0,0],"6":[0,0],"7":[0,0],"8":[0,0],"9":[0,0],"10":[0,0],"11":[0,0],"12":[0,0],"13":[0,0],"14":[0,0],"15":[0],"16":[0],"17":[0,0],"18":[0,0],"19":[0],"20":[0],"21":[0,0],"22":[0,0],"23":[0,0],"24":[0,0],"25":[0,0],"26":[0,0]}}
,"F:\\github\\log-analyzer_rust\\log-analyzer\\src\\components\\UserFeedback.tsx": {"path":"F:\\github\\log-analyzer_rust\\log-analyzer\\src\\components\\UserFeedback.tsx","statementMap":{"0":{"start":{"line":1,"column":0},"end":{"line":1,"column":40}},"1":{"start":{"line":2,"column":0},"end":{"line":2,"column":59}},"2":{"start":{"line":3,"column":0},"end":{"line":3,"column":65}},"3":{"start":{"line":33,"column":57},"end":{"line":253,"column":1}},"4":{"start":{"line":40,"column":34},"end":{"line":46,"column":4}},"5":{"start":{"line":47,"column":42},"end":{"line":47,"column":57}},"6":{"start":{"line":48,"column":85},"end":{"line":48,"column":105}},"7":{"start":{"line":50,"column":23},"end":{"line":108,"column":3}},"8":{"start":{"line":51,"column":4},"end":{"line":51,"column":23}},"9":{"start":{"line":54,"column":4},"end":{"line":54,"column":28}},"10":{"start":{"line":57,"column":43},"end":{"line":57,"column":45}},"11":{"start":{"line":59,"column":4},"end":{"line":61,"column":5}},"12":{"start":{"line":60,"column":6},"end":{"line":60,"column":59}},"13":{"start":{"line":63,"column":4},"end":{"line":65,"column":5}},"14":{"start":{"line":64,"column":6},"end":{"line":64,"column":58}},"15":{"start":{"line":67,"column":4},"end":{"line":70,"column":5}},"16":{"start":{"line":68,"column":6},"end":{"line":68,"column":34}},"17":{"start":{"line":69,"column":6},"end":{"line":69,"column":13}},"18":{"start":{"line":72,"column":4},"end":{"line":72,"column":26}},"19":{"start":{"line":74,"column":4},"end":{"line":107,"column":5}},"20":{"start":{"line":76,"column":6},"end":{"line":88,"column":7}},"21":{"start":{"line":77,"column":8},"end":{"line":87,"column":11}},"22":{"start":{"line":91,"column":6},"end":{"line":95,"column":9}},"23":{"start":{"line":97,"column":6},"end":{"line":97,"column":16}},"24":{"start":{"line":99,"column":6},"end":{"line":104,"column":9}},"25":{"start":{"line":106,"column":6},"end":{"line":106,"column":29}},"26":{"start":{"line":110,"column":28},"end":{"line":112,"column":3}},"27":{"start":{"line":111,"column":4},"end":{"line":111,"column":47}},"28":{"start":{"line":111,"column":25},"end":{"line":111,"column":44}},"29":{"start":{"line":114,"column":2},"end":{"line":116,"column":3}},"30":{"start":{"line":115,"column":4},"end":{"line":115,"column":16}},"31":{"start":{"line":118,"column":2},"end":{"line":252,"column":4}},"32":{"start":{"line":151,"column":20},"end":{"line":164,"column":null}},"33":{"start":{"line":154,"column":37},"end":{"line":154,"column":60}},"34":{"start":{"line":174,"column":35},"end":{"line":174,"column":95}},"35":{"start":{"line":174,"column":56},"end":{"line":174,"column":93}},"36":{"start":{"line":194,"column":35},"end":{"line":194,"column":98}},"37":{"start":{"line":194,"column":56},"end":{"line":194,"column":96}},"38":{"start":{"line":208,"column":35},"end":{"line":208,"column":104}},"39":{"start":{"line":208,"column":56},"end":{"line":208,"column":102}},"40":{"start":{"line":224,"column":35},"end":{"line":224,"column":92}},"41":{"start":{"line":224,"column":56},"end":{"line":224,"column":90}},"42":{"start":{"line":33,"column":13},"end":{"line":33,"column":57}},"43":{"start":{"line":255,"column":0},"end":{"line":255,"column":28}}},"fnMap":{"0":{"name":"(anonymous_9)","decl":{"start":{"line":33,"column":57},"end":{"line":33,"column":58}},"loc":{"start":{"line":39,"column":5},"end":{"line":253,"column":1}}},"1":{"name":"(anonymous_10)","decl":{"start":{"line":50,"column":23},"end":{"line":50,"column":28}},"loc":{"start":{"line":50,"column":52},"end":{"line":108,"column":3}}},"2":{"name":"(anonymous_11)","decl":{"start":{"line":110,"column":28},"end":{"line":110,"column":29}},"loc":{"start":{"line":110,"column":47},"end":{"line":112,"column":3}}},"3":{"name":"(anonymous_12)","decl":{"start":{"line":111,"column":16},"end":{"line":111,"column":20}},"loc":{"start":{"line":111,"column":25},"end":{"line":111,"column":44}}},"4":{"name":"(anonymous_13)","decl":{"start":{"line":150,"column":39},"end":{"line":150,"column":40}},"loc":{"start":{"line":151,"column":20},"end":{"line":164,"column":null}}},"5":{"name":"(anonymous_14)","decl":{"start":{"line":154,"column":31},"end":{"line":154,"column":34}},"loc":{"start":{"line":154,"column":37},"end":{"line":154,"column":60}}},"6":{"name":"(anonymous_15)","decl":{"start":{"line":174,"column":28},"end":{"line":174,"column":29}},"loc":{"start":{"line":174,"column":35},"end":{"line":174,"column":95}}},"7":{"name":"(anonymous_16)","decl":{"start":{"line":174,"column":47},"end":{"line":174,"column":51}},"loc":{"start":{"line":174,"column":56},"end":{"line":174,"column":93}}},"8":{"name":"(anonymous_17)","decl":{"start":{"line":194,"column":28},"end":{"line":194,"column":29}},"loc":{"start":{"line":194,"column":35},"end":{"line":194,"column":98}}},"9":{"name":"(anonymous_18)","decl":{"start":{"line":194,"column":47},"end":{"line":194,"column":51}},"loc":{"start":{"line":194,"column":56},"end":{"line":194,"column":96}}},"10":{"name":"(anonymous_19)","decl":{"start":{"line":208,"column":28},"end":{"line":208,"column":29}},"loc":{"start":{"line":208,"column":35},"end":{"line":208,"column":104}}},"11":{"name":"(anonymous_20)","decl":{"start":{"line":208,"column":47},"end":{"line":208,"column":51}},"loc":{"start":{"line":208,"column":56},"end":{"line":208,"column":102}}},"12":{"name":"(anonymous_21)","decl":{"start":{"line":224,"column":28},"end":{"line":224,"column":29}},"loc":{"start":{"line":224,"column":35},"end":{"line":224,"column":92}}},"13":{"name":"(anonymous_22)","decl":{"start":{"line":224,"column":47},"end":{"line":224,"column":51}},"loc":{"start":{"line":224,"column":56},"end":{"line":224,"column":90}}}},"branchMap":{"0":{"loc":{"start":{"line":59,"column":4},"end":{"line":61,"column":5}},"type":"if","locations":[{"start":{"line":59,"column":4},"end":{"line":61,"column":5}},{"start":{},"end":{}}]},"1":{"loc":{"start":{"line":63,"column":4},"end":{"line":65,"column":5}},"type":"if","locations":[{"start":{"line":63,"column":4},"end":{"line":65,"column":5}},{"start":{},"end":{}}]},"2":{"loc":{"start":{"line":63,"column":8},"end":{"line":63,"column":76}},"type":"binary-expr","locations":[{"start":{"line":63,"column":8},"end":{"line":63,"column":22}},{"start":{"line":63,"column":26},"end":{"line":63,"column":76}}]},"3":{"loc":{"start":{"line":67,"column":4},"end":{"line":70,"column":5}},"type":"if","locations":[{"start":{"line":67,"column":4},"end":{"line":70,"column":5}},{"start":{},"end":{}}]},"4":{"loc":{"start":{"line":76,"column":6},"end":{"line":88,"column":7}},"type":"if","locations":[{"start":{"line":76,"column":6},"end":{"line":88,"column":7}},{"start":{},"end":{}}]},"5":{"loc":{"start":{"line":114,"column":2},"end":{"line":116,"column":3}},"type":"if","locations":[{"start":{"line":114,"column":2},"end":{"line":116,"column":3}},{"start":{},"end":{}}]},"6":{"loc":{"start":{"line":137,"column":11},"end":{"line":142,"column":null}},"type":"binary-expr","locations":[{"start":{"line":137,"column":11},"end":{"line":137,"column":23}},{"start":{"line":138,"column":12},"end":{"line":141,"column":null}}]},"7":{"loc":{"start":{"line":156,"column":24},"end":{"line":158,"column":null}},"type":"cond-expr","locations":[{"start":{"line":157,"column":28},"end":{"line":157,"column":45}},{"start":{"line":158,"column":28},"end":{"line":158,"column":null}}]},"8":{"loc":{"start":{"line":160,"column":54},"end":{"line":160,"column":75}},"type":"cond-expr","locations":[{"start":{"line":160,"column":67},"end":{"line":160,"column":70}},{"start":{"line":160,"column":73},"end":{"line":160,"column":75}}]},"9":{"loc":{"start":{"line":245,"column":17},"end":{"line":245,"column":62}},"type":"cond-expr","locations":[{"start":{"line":245,"column":32},"end":{"line":245,"column":44}},{"start":{"line":245,"column":47},"end":{"line":245,"column":62}}]}},"s":{"0":0,"1":0,"2":0,"3":0,"4":0,"5":0,"6":0,"7":0,"8":0,"9":0,"10":0,"11":0,"12":0,"13":0,"14":0,"15":0,"16":0,"17":0,"18":0,"19":0,"20":0,"21":0,"22":0,"23":0,"24":0,"25":0,"26":0,"27":0,"28":0,"29":0,"30":0,"31":0,"32":0,"33":0,"34":0,"35":0,"36":0,"37":0,"38":0,"39":0,"40":0,"41":0,"42":0,"43":0},"f":{"0":0,"1":0,"2":0,"3":0,"4":0,"5":0,"6":0,"7":0,"8":0,"9":0,"10":0,"11":0,"12":0,"13":0},"b":{"0":[0,0],"1":[0,0],"2":[0,0],"3":[0,0],"4":[0,0],"5":[0,0],"6":[0,0],"7":[0,0],"8":[0,0],"9":[0,0]}}
[...]
mous_2)","decl":{"start":{"line":52,"column":43},"end":{"line":52,"column":44}},"loc":{"start":{"line":52,"column":53},"end":{"line":54,"column":9}}},"3":{"name":"(anonymous_3)","decl":{"start":{"line":56,"column":22},"end":{"line":56,"column":23}},"loc":{"start":{"line":56,"column":37},"end":{"line":58,"column":10}}},"4":{"name":"(anonymous_4)","decl":{"start":{"line":56,"column":41},"end":{"line":56,"column":42}},"loc":{"start":{"line":56,"column":51},"end":{"line":58,"column":9}}},"5":{"name":"(anonymous_5)","decl":{"start":{"line":60,"column":25},"end":{"line":60,"column":26}},"loc":{"start":{"line":60,"column":42},"end":{"line":65,"column":10}}},"6":{"name":"(anonymous_6)","decl":{"start":{"line":60,"column":46},"end":{"line":60,"column":47}},"loc":{"start":{"line":60,"column":56},"end":{"line":65,"column":9}}},"7":{"name":"(anonymous_7)","decl":{"start":{"line":61,"column":51},"end":{"line":61,"column":52}},"loc":{"start":{"line":61,"column":56},"end":{"line":61,"column":67}}},"8":{"name":"(anonymous_8)","decl":{"start":{"line":67,"column":25},"end":{"line":67,"column":26}},"loc":{"start":{"line":67,"column":33},"end":{"line":69,"column":10}}},"9":{"name":"(anonymous_9)","decl":{"start":{"line":67,"column":37},"end":{"line":67,"column":38}},"loc":{"start":{"line":67,"column":47},"end":{"line":69,"column":9}}},"10":{"name":"(anonymous_10)","decl":{"start":{"line":68,"column":53},"end":{"line":68,"column":54}},"loc":{"start":{"line":68,"column":58},"end":{"line":68,"column":69}}},"11":{"name":"(anonymous_11)","decl":{"start":{"line":71,"column":20},"end":{"line":71,"column":21}},"loc":{"start":{"line":71,"column":33},"end":{"line":73,"column":10}}},"12":{"name":"(anonymous_12)","decl":{"start":{"line":71,"column":37},"end":{"line":71,"column":38}},"loc":{"start":{"line":71,"column":47},"end":{"line":73,"column":9}}},"13":{"name":"(anonymous_13)","decl":{"start":{"line":75,"column":18},"end":{"line":75,"column":19}},"loc":{"start":{"line":75,"column":29},"end":{"line":77,"column":10}}},"14":{"name":"(anonymous_14)","decl":{"start":{"line":75,"column":33},"end":{"line":75,"column":34}},"loc":{"start":{"line":75,"column":43},"end":{"line":77,"column":9}}}},"branchMap":{"0":{"loc":{"start":{"line":62,"column":10},"end":{"line":64,"column":11}},"type":"if","locations":[{"start":{"line":62,"column":10},"end":{"line":64,"column":11}},{"start":{},"end":{}}]}},"s":{"0":7,"1":7,"2":7,"3":7,"4":7,"5":23,"6":23,"7":16,"8":16,"9":18,"10":18,"11":19,"12":18,"13":16,"14":6,"15":6,"16":6,"17":12,"18":12,"19":12,"20":12},"f":{"0":7,"1":23,"2":23,"3":16,"4":16,"5":18,"6":18,"7":19,"8":6,"9":6,"10":6,"11":12,"12":12,"13":12,"14":12},"b":{"0":[16,2]}}
,"F:\\github\\log-analyzer_rust\\log-analyzer\\src\\test-utils\\e2e.tsx": {"path":"F:\\github\\log-analyzer_rust\\log-analyzer\\src\\test-utils\\e2e.tsx","statementMap":{"0":{"start":{"line":12,"column":0},"end":{"line":14,"column":4}},"1":{"start":{"line":12,"column":41},"end":{"line":14,"column":2}},"2":{"start":{"line":16,"column":0},"end":{"line":19,"column":4}},"3":{"start":{"line":16,"column":42},"end":{"line":19,"column":2}},"4":{"start":{"line":22,"column":0},"end":{"line":31,"column":4}},"5":{"start":{"line":22,"column":36},"end":{"line":31,"column":2}},"6":{"start":{"line":28,"column":28},"end":{"line":28,"column":34}},"7":{"start":{"line":6,"column":0},"end":{"line":6,"column":26}},"8":{"start":{"line":7,"column":0},"end":{"line":7,"column":65}},"9":{"start":{"line":8,"column":0},"end":{"line":8,"column":73}},"10":{"start":{"line":9,"column":0},"end":{"line":9,"column":25}},"11":{"start":{"line":33,"column":32},"end":{"line":45,"column":1}},"12":{"start":{"line":34,"column":2},"end":{"line":44,"column":5}},"13":{"start":{"line":33,"column":13},"end":{"line":33,"column":32}},"14":{"start":{"line":47,"column":68},"end":{"line":55,"column":1}},"15":{"start":{"line":48,"column":22},"end":{"line":48,"column":40}},"16":{"start":{"line":50,"column":2},"end":{"line":54,"column":4}},"17":{"start":{"line":47,"column":13},"end":{"line":47,"column":68}},"18":{"start":{"line":62,"column":32},"end":{"line":77,"column":1}},"19":{"start":{"line":63,"column":2},"end":{"line":67,"column":4}},"20":{"start":{"line":71,"column":2},"end":{"line":76,"column":4}},"21":{"start":{"line":73,"column":6},"end":{"line":73,"column":81}},"22":{"start":{"line":62,"column":13},"end":{"line":62,"column":32}},"23":{"start":{"line":82,"column":33},"end":{"line":100,"column":1}},"24":{"start":{"line":83,"column":2},"end":{"line":83,"column":41}},"25":{"start":{"line":84,"column":2},"end":{"line":99,"column":5}},"26":{"start":{"line":85,"column":4},"end":{"line":98,"column":5}},"27":{"start":{"line":87,"column":8},"end":{"line":87,"column":71}},"28":{"start":{"line":89,"column":8},"end":{"line":89,"column":35}},"29":{"start":{"line":91,"column":8},"end":{"line":91,"column":33}},"30":{"start":{"line":93,"column":8},"end":{"line":93,"column":35}},"31":{"start":{"line":95,"column":8},"end":{"line":95,"column":35}},"32":{"start":{"line":97,"column":8},"end":{"line":97,"column":37}},"33":{"start":{"line":82,"column":13},"end":{"line":82,"column":33}}},"fnMap":{"0":{"name":"(anonymous_1)","decl":{"start":{"line":12,"column":34},"end":{"line":12,"column":37}},"loc":{"start":{"line":12,"column":41},"end":{"line":14,"column":2}}},"1":{"name":"(anonymous_2)","decl":{"start":{"line":16,"column":35},"end":{"line":16,"column":38}},"loc":{"start":{"line":16,"column":42},"end":{"line":19,"column":2}}},"2":{"name":"(anonymous_3)","decl":{"start":{"line":22,"column":29},"end":{"line":22,"column":32}},"loc":{"start":{"line":22,"column":36},"end":{"line":31,"column":2}}},"3":{"name":"(anonymous_4)","decl":{"start":{"line":28,"column":22},"end":{"line":28,"column":25}},"loc":{"start":{"line":28,"column":28},"end":{"line":28,"column":34}}},"4":{"name":"(anonymous_5)","decl":{"start":{"line":33,"column":32},"end":{"line":33,"column":35}},"loc":{"start":{"line":33,"column":37},"end":{"line":45,"column":1}}},"5":{"name":"(anonymous_6)","decl":{"start":{"line":47,"column":68},"end":{"line":47,"column":69}},"loc":{"start":{"line":47,"column":85},"end":{"line":55,"column":1}}},"6":{"name":"(anonymous_7)","decl":{"start":{"line":62,"column":32},"end":{"line":62,"column":37}},"loc":{"start":{"line":62,"column":43},"end":{"line":77,"column":1}}},"7":{"name":"(anonymous_8)","decl":{"start":{"line":72,"column":4},"end":{"line":72,"column":7}},"loc":{"start":{"line":72,"column":9},"end":{"line":74,"column":5}}},"8":{"name":"(anonymous_9)","decl":{"start":{"line":82,"column":33},"end":{"line":82,"column":34}},"loc":{"start":{"line":82,"column":82},"end":{"line":100,"column":1}}},"9":{"name":"(anonymous_10)","decl":{"start":{"line":83,"column":31},"end":{"line":83,"column":34}},"loc":{"start":{"line":83,"column":36},"end":{"line":83,"column":39}}},"10":{"name":"(anonymous_11)","decl":{"start":{"line":84,"column":32},"end":{"line":84,"column":33}},"loc":{"start":{"line":84,"column":52},"end":{"line":99,"column":3}}}},"branchMap":{"0":{"loc":{"start":{"line":85,"column":4},"end":{"line":98,"column":5}},"type":"switch","locations":[{"start":{"line":86,"column":6},"end":{"line":87,"column":71}},{"start":{"line":88,"column":6},"end":{"line":89,"column":35}},{"start":{"line":90,"column":6},"end":{"line":91,"column":33}},{"start":{"line":92,"column":6},"end":{"line":93,"column":35}},{"start":{"line":94,"column":6},"end":{"line":95,"column":35}},{"start":{"line":96,"column":6},"end":{"line":97,"column":37}}]}},"s":{"0":2,"1":1,"2":2,"3":1,"4":2,"5":1,"6":0,"7":2,"8":2,"9":2,"10":2,"11":2,"12":0,"13":2,"14":2,"15":0,"16":0,"17":2,"18":2,"19":0,"20":0,"21":0,"22":2,"23":2,"24":0,"25":0,"26":0,"27":0,"28":0,"29":0,"30":0,"31":0,"32":0,"33":2},"f":{"0":1,"1":1,"2":1,"3":0,"4":0,"5":0,"6":0,"7":0,"8":0,"9":0,"10":0},"b":{"0":[0,0,0,0,0,0]}}
,"F:\\github\\log-analyzer_rust\\log-analyzer\\src\\types\\common.ts": {"path":"F:\\github\\log-analyzer_rust\\log-analyzer\\src\\types\\common.ts","statementMap":{"0":{"start":{"line":40,"column":0},"end":{"line":40,"column":null}},"1":{"start":{"line":41,"column":2},"end":{"line":41,"column":null}},"2":{"start":{"line":42,"column":2},"end":{"line":42,"column":null}}},"fnMap":{"0":{"name":"(anonymous_0)","decl":{"start":{"line":40,"column":0},"end":{"line":40,"column":12}},"loc":{"start":{"line":40,"column":22},"end":{"line":43,"column":1}}}},"branchMap":{"0":{"loc":{"start":{"line":40,"column":12},"end":{"line":40,"column":null}},"type":"binary-expr","locations":[{"start":{"line":40,"column":12},"end":{"line":40,"column":22}},{"start":{"line":40,"column":22},"end":{"line":40,"column":null}}]}},"s":{"0":0,"1":0,"2":0},"f":{"0":0},"b":{"0":[0,0]}}
,"F:\\github\\log-analyzer_rust\\log-analyzer\\src\\types\\websocket.ts": {"path":"F:\\github\\log-analyzer_rust\\log-analyzer\\src\\types\\websocket.ts","statementMap":{"0":{"start":{"line":197,"column":13},"end":{"line":204,"column":2}}},"fnMap":{},"branchMap":{},"s":{"0":0},"f":{},"b":{}}
,"F:\\github\\log-analyzer_rust\\log-analyzer\\src\\utils\\classNames.ts": {"path":"F:\\github\\log-analyzer_rust\\log-analyzer\\src\\utils\\classNames.ts","statementMap":{"0":{"start":{"line":10,"column":0},"end":{"line":10,"column":16}},"1":{"start":{"line":2,"column":0},"end":{"line":2,"column":45}},"2":{"start":{"line":3,"column":0},"end":{"line":3,"column":41}},"3":{"start":{"line":11,"column":2},"end":{"line":11,"column":31}}},"fnMap":{"0":{"name":"cn","decl":{"start":{"line":10,"column":16},"end":{"line":10,"column":18}},"loc":{"start":{"line":10,"column":42},"end":{"line":12,"column":1}}}},"branchMap":{},"s":{"0":4,"1":4,"2":4,"3":68},"f":{"0":68},"b":{}}
,"F:\\github\\log-analyzer_rust\\log-analyzer\\src\\utils\\errorHandler.ts": {"path":"F:\\github\\log-analyzer_rust\\log-analyzer\\src\\utils\\errorHandler.ts","statementMap":{"0":{"start":{"line":2,"column":0},"end":{"line":2,"column":34}},"1":{"start":{"line":7,"column":75},"end":{"line":40,"column":2}},"2":{"start":{"line":52,"column":21},"end":{"line":52,"column":34}},"3":{"start":{"line":53,"column":4},"end":{"line":53,"column":46}},"4":{"start":{"line":56,"column":4},"end":{"line":60,"column":5}},"5":{"start":{"line":57,"column":6},"end":{"line":59,"column":7}},"6":{"start":{"line":58,"column":8},"end":{"line":58,"column":54}},"7":{"start":{"line":63,"column":4},"end":{"line":65,"column":5}},"8":{"start":{"line":64,"column":6},"end":{"line":64,"column":29}},"9":{"start":{"line":66,"column":4},"end":{"line":66,"column":20}},"10":{"start":{"line":75,"column":21},"end":{"line":75,"column":34}},"11":{"start":{"line":76,"column":4},"end":{"line":78,"column":40}},"12":{"start":{"line":45,"column":0},"end":{"line":45,"column":13}}},"fnMap":{"0":{"name":"(anonymous_0)","decl":{"start":{"line":51,"column":2},"end":{"line":51,"column":8}},"loc":{"start":{"line":51,"column":26},"end":{"line":67,"column":3}}},"1":{"name":"(anonymous_1)","decl":{"start":{"line":74,"column":2},"end":{"line":74,"column":8}},"loc":{"start":{"line":74,"column":31},"end":{"line":79,"column":3}}}},"branchMap":{"0":{"loc":{"start":{"line":57,"column":6},"end":{"line":59,"column":7}},"type":"if","locations":[{"start":{"line":57,"column":6},"end":{"line":59,"column":7}},{"start":{},"end":{}}]},"1":{"loc":{"start":{"line":63,"column":4},"end":{"line":65,"column":5}},"type":"if","locations":[{"start":{"line":63,"column":4},"end":{"line":65,"column":5}},{"start":{},"end":{}}]},"2":{"loc":{"start":{"line":76,"column":11},"end":{"line":78,"column":39}},"type":"binary-expr","locations":[{"start":{"line":76,"column":11},"end":{"line":76,"column":46}},{"start":{"line":77,"column":11},"end":{"line":77,"column":45}},{"start":{"line":78,"column":11},"end":{"line":78,"column":39}}]}},"s":{"0":0,"1":0,"2":0,"3":0,"4":0,"5":0,"6":0,"7":0,"8":0,"9":0,"10":0,"11":0,"12":0},"f":{"0":0,"1":0},"b":{"0":[0,0],"1":[0,0],"2":[0,0,0]}}
,"F:\\github\\log-analyzer_rust\\log-analyzer\\src\\utils\\logger.ts": {"path":"F:\\github\\log-analyzer_rust\\log-analyzer\\src\\utils\\logger.ts","statementMap":{"0":{"start":{"line":24,"column":0},"end":{"line":24,"column":null}},"1":{"start":{"line":25,"column":2},"end":{"line":25,"column":null}},"2":{"start":{"line":26,"column":2},"end":{"line":26,"column":null}},"3":{"start":{"line":27,"column":2},"end":{"line":27,"column":null}},"4":{"start":{"line":28,"column":2},"end":{"line":28,"column":null}},"5":{"start":{"line":36,"column":10},"end":{"line":38,"column":12}},"6":{"start":{"line":40,"column":10},"end":{"line":40,"column":null}},"7":{"start":{"line":43,"column":31},"end":{"line":43,"column":65}},"8":{"start":{"line":44,"column":4},"end":{"line":44,"column":66}},"9":{"start":{"line":48,"column":22},"end":{"line":48,"column":46}},"10":{"start":{"line":50,"column":4},"end":{"line":72,"column":5}},"11":{"start":{"line":52,"column":21},"end":{"line":57,"column":8}},"12":{"start":{"line":58,"column":20},"end":{"line":58,"column":29}},"13":{"start":{"line":60,"column":21},"end":{"line":60,"column":86}},"14":{"start":{"line":62,"column":6},"end":{"line":64,"column":7}},"15":{"start":{"line":63,"column":8},"end":{"line":63,"column":74}},"16":{"start":{"line":65,"column":6},"end":{"line":65,"column":61}},"17":{"start":{"line":68,"column":6},"end":{"line":70,"column":7}},"18":{"start":{"line":69,"column":8},"end":{"line":69,"column":53}},"19":{"start":{"line":71,"column":6},"end":{"line":71,"column":84}},"20":{"start":{"line":82,"column":4},"end":{"line":92,"column":5}},"21":{"start":{"line":84,"column":6},"end":{"line":86,"column":7}},"22":{"start":{"line":85,"column":8},"end":{"line":85,"column":76}},"23":{"start":{"line":89,"column":6},"end":{"line":91,"column":7}},"24":{"start":{"line":90,"column":8},"end":{"line":90,"column":74}},"25":{"start":{"line":102,"column":4},"end":{"line":108,"column":5}},"26":{"start":{"line":104,"column":6},"end":{"line":104,"column":73}},"27":{"start":{"line":107,"column":6},"end":{"line":107,"column":71}},"28":{"start":{"line":118,"column":4},"end":{"line":124,"column":5}},"29":{"start":{"line":120,"column":6},"end":{"line":120,"column":58}},"30":{"start":{"line":123,"column":6},"end":{"line":123,"column":72}},"31":{"start":{"line":134,"column":4},"end":{"line":140,"column":5}},"32":{"start":{"line":136,"column":6},"end":{"line":136,"column":76}},"33":{"start":{"line":139,"column":6},"end":{"line":139,"column":74}},"34":{"start":{"line":147,"column":4},"end":{"line":147,"column":26}},"35":{"start":{"line":154,"column":4},"end":{"line":154,"column":25}},"36":{"start":{"line":161,"column":13},"end":{"line":161,"column":39}}},"fnMap":{"0":{"name":"(anonymous_0)","decl":{"start":{"line":24,"column":0},"end":{"line":24,"column":12}},"loc":{"start":{"line":24,"column":24},"end":{"line":29,"column":1}}},"1":{"name":"(anonymous_1)","decl":{"start":{"line":34,"column":0},"end":{"line":34,"column":6}},"loc":{"start":{"line":34,"column":0},"end":{"line":156,"column":1}}},"2":{"name":"(anonymous_2)","decl":{"start":{"line":42,"column":10},"end":{"line":42,"column":19}},"loc":{"start":{"line":42,"column":35},"end":{"line":45,"column":3}}},"3":{"name":"(anonymous_3)","decl":{"start":{"line":47,"column":10},"end":{"line":47,"column":16}},"loc":{"start":{"line":47,"column":71},"end":{"line":73,"column":3}}},"4":{"name":"(anonymous_4)","decl":{"start":{"line":81,"column":2},"end":{"line":81,"column":7}},"loc":{"start":{"line":81,"column":61},"end":{"line":93,"column":3}}},"5":{"name":"(anonymous_5)","decl":{"start":{"line":101,"column":2},"end":{"line":101,"column":6}},"loc":{"start":{"line":101,"column":60},"end":{"line":109,"column":3}}},"6":{"name":"(anonymous_6)","decl":{"start":{"line":117,"column":2},"end":{"line":117,"column":6}},"loc":{"start":{"line":117,"column":60},"end":{"line":125,"column":3}}},"7":{"name":"(anonymous_7)","decl":{"start":{"line":133,"column":2},"end":{"line":133,"column":7}},"loc":{"start":{"line":133,"column":61},"end":{"line":141,"column":3}}},"8":{"name":"(anonymous_8)","decl":{"start":{"line":146,"column":2},"end":{"line":146,"column":10}},"loc":{"start":{"line":146,"column":26},"end":{"line":148,"column":3}}},"9":{"name":"(anonymous_9)","decl":{"start":{"line":153,"column":2},"end":{"line":153,"column":10}},"loc":{"start":{"line":153,"column":10},"end":{"line":155,"column":3}}}},"branchMap":{"0":{"loc":{"start":{"line":24,"column":12},"end":{"line":24,"column":null}},"type":"binary-expr","locations":[{"start":{"line":24,"column":12},"end":{"line":24,"column":24}},{"start":{"line":24,"column":24},"end":{"line":24,"column":null}}]},"1":{"loc":{"start":{"line":36,"column":18},"end":{"line":38,"column":10}},"type":"cond-expr","locations":[{"start":{"line":37,"column":6},"end":{"line":37,"column":43}},{"start":{"line":38,"column":6},"end":{"line":38,"column":10}}]},"2":{"loc":{"start":{"line":50,"column":4},"end":{"line":72,"column":5}},"type":"if","locations":[{"start":{"line":50,"column":4},"end":{"line":72,"column":5}},{"start":{"line":66,"column":11},"end":{"line":72,"column":5}}]},"3":{"loc":{"start":{"line":50,"column":8},"end":{"line":50,"column":64}},"type":"binary-expr","locations":[{"start":{"line":50,"column":8},"end":{"line":50,"column":18}},{"start":{"line":50,"column":22},"end":{"line":50,"column":29}},{"start":{"line":50,"column":33},"end":{"line":50,"column":64}}]},"4":{"loc":{"start":{"line":62,"column":6},"end":{"line":64,"column":7}},"type":"if","locations":[{"start":{"line":62,"column":6},"end":{"line":64,"column":7}},{"start":{},"end":{}}]},"5":{"loc":{"start":{"line":68,"column":6},"end":{"line":70,"column":7}},"type":"if","locations":[{"start":{"line":68,"column":6},"end":{"line":70,"column":7}},{"start":{},"end":{}}]},"6":{"loc":{"start":{"line":68,"column":10},"end":{"line":68,"column":68}},"type":"binary-expr","locations":[{"start":{"line":68,"column":10},"end":{"line":68,"column":17}},{"start":{"line":68,"column":22},"end":{"line":68,"column":30}},{"start":{"line":68,"column":34},"end":{"line":68,"column":67}}]},"7":{"loc":{"start":{"line":71,"column":41},"end":{"line":71,"column":54}},"type":"binary-expr","locations":[{"start":{"line":71,"column":41},"end":{"line":71,"column":48}},{"start":{"line":71,"column":52},"end":{"line":71,"column":54}}]},"8":{"loc":{"start":{"line":82,"column":4},"end":{"line":92,"column":5}},"type":"if","locations":[{"start":{"line":82,"column":4},"end":{"line":92,"column":5}},{"start":{"line":87,"column":11},"end":{"line":92,"column":5}}]},"9":{"loc":{"start":{"line":84,"column":6},"end":{"line":86,"column":7}},"type":"if","locations":[{"start":{"line":84,"column":6},"end":{"line":86,"column":7}},{"start":{},"end":{}}]},"10":{"loc":{"start":{"line":89,"column":6},"end":{"line":91,"column":7}},"type":"if","locations":[{"start":{"line":89,"column":6},"end":{"line":91,"column":7}},{"start":{},"end":{}}]},"11":{"loc":{"start":{"line":102,"column":4},"end":{"line":108,"column":5}},"type":"if","locations":[{"start":{"line":102,"column":4},"end":{"line":108,"column":5}},{"start":{"line":105,"column":11},"end":{"line":108,"column":5}}]},"12":{"loc":{"start":{"line":118,"column":4},"end":{"line":124,"column":5}},"type":"if","locations":[{"start":{"line":118,"column":4},"end":{"line":124,"column":5}},{"start":{"line":121,"column":11},"end":{"line":124,"column":5}}]},"13":{"loc":{"start":{"line":134,"column":4},"end":{"line":140,"column":5}},"type":"if","locations":[{"start":{"line":134,"column":4},"end":{"line":140,"column":5}},{"start":{"line":137,"column":11},"end":{"line":140,"column":5}}]}},"s":{"0":1,"1":1,"2":1,"3":1,"4":1,"5":1,"6":1,"7":0,"8":0,"9":0,"10":0,"11":0,"12":0,"13":0,"14":0,"15":0,"16":0,"17":0,"18":0,"19":0,"20":0,"21":0,"22":0,"23":0,"24":0,"25":0,"26":0,"27":0,"28":0,"29":0,"30":0,"31":0,"32":0,"33":0,"34":0,"35":0,"36":1},"f":{"0":1,"1":1,"2":0,"3":0,"4":0,"5":0,"6":0,"7":0,"8":0,"9":0},"b":{"0":[1,1],"1":[1,0],"2":[0,0],"3":[0,0,0],"4":[0,0],"5":[0,0],"6":[0,0,0],"7":[0,0],"8":[0,0],"9":[0,0],"10":[0,0],"11":[0,0],"12":[0,0],"13":[0,0]}}
}
