TN:
SF:src\App.tsx
FN:29,(anonymous_9)
FN:29,(anonymous_10)
FN:30,(anonymous_11)
FN:30,(anonymous_12)
FN:31,(anonymous_13)
FN:31,(anonymous_14)
FN:32,(anonymous_15)
FN:32,(anonymous_16)
FN:33,(anonymous_17)
FN:33,(anonymous_18)
FN:36,(anonymous_19)
FN:46,AppContent
FN:47,(anonymous_21)
FN:48,(anonymous_22)
FN:49,(anonymous_23)
FN:50,(anonymous_24)
FN:51,(anonymous_25)
FN:52,(anonymous_26)
FN:60,(anonymous_27)
FN:63,(anonymous_28)
FN:66,(anonymous_29)
FN:75,(anonymous_30)
FN:105,(anonymous_31)
FN:136,(anonymous_32)
FN:137,(anonymous_33)
FN:138,(anonymous_34)
FN:139,(anonymous_35)
FN:143,(anonymous_36)
FN:167,(anonymous_37)
FN:223,App
FNF:30
FNH:0
FNDA:0,(anonymous_9)
FNDA:0,(anonymous_10)
FNDA:0,(anonymous_11)
FNDA:0,(anonymous_12)
FNDA:0,(anonymous_13)
FNDA:0,(anonymous_14)
FNDA:0,(anonymous_15)
FNDA:0,(anonymous_16)
FNDA:0,(anonymous_17)
FNDA:0,(anonymous_18)
FNDA:0,(anonymous_19)
FNDA:0,AppContent
FNDA:0,(anonymous_21)
FNDA:0,(anonymous_22)
FNDA:0,(anonymous_23)
FNDA:0,(anonymous_24)
FNDA:0,(anonymous_25)
FNDA:0,(anonymous_26)
FNDA:0,(anonymous_27)
FNDA:0,(anonymous_28)
FNDA:0,(anonymous_29)
FNDA:0,(anonymous_30)
FNDA:0,(anonymous_31)
FNDA:0,(anonymous_32)
FNDA:0,(anonymous_33)
FNDA:0,(anonymous_34)
FNDA:0,(anonymous_35)
FNDA:0,(anonymous_36)
FNDA:0,(anonymous_37)
FNDA:0,App
DA:1,2
DA:2,2
DA:6,2
DA:7,2
DA:8,2
DA:9,2
DA:12,2
DA:15,2
DA:16,2
DA:19,2
DA:20,2
DA:21,2
DA:22,2
DA:25,2
DA:26,2
DA:29,2
DA:30,2
DA:31,2
DA:32,2
DA:33,2
DA:36,2
DA:37,0
DA:47,0
DA:48,0
DA:49,0
DA:50,0
DA:51,0
DA:52,0
DA:54,0
DA:55,0
DA:57,0
DA:58,0
DA:60,0
DA:63,0
DA:66,0
DA:67,0
DA:69,0
DA:72,0
DA:75,0
DA:76,0
DA:79,0
DA:81,0
DA:82,0
DA:88,0
DA:91,0
DA:95,0
DA:97,0
DA:98,0
DA:102,0
DA:105,0
DA:106,0
DA:107,0
DA:113,0
DA:114,0
DA:131,0
DA:136,0
DA:137,0
DA:138,0
DA:139,0
DA:143,0
DA:169,0
DA:223,2
DA:224,0
LF:63
LH:22
BRDA:60,0,0,0
BRDA:60,0,1,0
BRDA:79,1,0,0
BRDA:79,1,1,0
BRDA:81,2,0,0
BRDA:81,2,1,0
BRDA:82,3,0,0
BRDA:82,3,1,0
BRDA:84,4,0,0
BRDA:84,4,1,0
BRDA:106,5,0,0
BRDA:106,5,1,0
BRDA:113,6,0,0
BRDA:113,6,1,0
BRDA:118,7,0,0
BRDA:118,7,1,0
BRDA:141,8,0,0
BRDA:141,8,1,0
BRDA:149,9,0,0
BRDA:149,9,1,0
BRDA:157,10,0,0
BRDA:157,10,1,0
BRDA:174,11,0,0
BRDA:174,11,1,0
BRDA:175,12,0,0
BRDA:175,12,1,0
BRDA:176,13,0,0
BRDA:176,13,1,0
BRDA:177,14,0,0
BRDA:177,14,1,0
BRDA:178,15,0,0
BRDA:178,15,1,0
BRF:32
BRH:0
end_of_record
TN:
SF:src\components\ConfirmDialog.tsx
FN:21,(anonymous_1)
FN:40,(anonymous_2)
FN:71,(anonymous_3)
FN:93,(anonymous_4)
FN:105,(anonymous_5)
FN:108,(anonymous_6)
FN:123,(anonymous_7)
FN:124,(anonymous_8)
FN:127,(anonymous_9)
FNF:9
FNH:0
FNDA:0,(anonymous_1)
FNDA:0,(anonymous_2)
FNDA:0,(anonymous_3)
FNDA:0,(anonymous_4)
FNDA:0,(anonymous_5)
FNDA:0,(anonymous_6)
FNDA:0,(anonymous_7)
FNDA:0,(anonymous_8)
FNDA:0,(anonymous_9)
DA:1,0
DA:2,0
DA:3,0
DA:21,0
DA:31,0
DA:33,0
DA:40,0
DA:72,0
DA:73,0
DA:93,0
DA:94,0
DA:108,0
DA:114,0
DA:123,0
DA:124,0
DA:127,0
DA:128,0
DA:134,0
LF:18
LH:0
BRDA:25,0,0,0
BRDA:26,1,0,0
BRDA:27,2,0,0
BRDA:31,3,0,0
BRDA:31,3,1,0
BRDA:45,4,0,0
BRDA:45,4,1,0
BRDA:77,5,0,0
BRDA:77,5,1,0
BRDA:112,6,0,0
BRF:10
BRH:0
end_of_record
TN:
SF:src\components\ErrorBoundaryWrapper.tsx
FN:25,(anonymous_1)
FN:32,(anonymous_2)
FN:57,(anonymous_3)
FN:66,(anonymous_4)
FN:87,(anonymous_5)
FN:101,(anonymous_6)
FN:102,(anonymous_7)
FN:119,(anonymous_8)
FNF:8
FNH:2
FNDA:1,(anonymous_1)
FNDA:0,(anonymous_2)
FNDA:1,(anonymous_3)
FNDA:0,(anonymous_4)
FNDA:0,(anonymous_5)
FNDA:0,(anonymous_6)
FNDA:0,(anonymous_7)
FNDA:0,(anonymous_8)
DA:1,1
DA:2,1
DA:3,1
DA:25,1
DA:32,1
DA:34,0
DA:37,0
DA:38,0
DA:39,0
DA:40,0
DA:52,0
DA:53,0
DA:57,1
DA:58,1
DA:59,0
DA:62,1
DA:64,0
DA:66,0
DA:69,1
DA:73,1
DA:87,1
DA:88,0
DA:98,1
DA:101,1
DA:102,0
DA:103,0
DA:106,0
DA:119,1
DA:120,0
DA:129,1
LF:30
LH:15
BRDA:30,0,0,1
BRDA:37,1,0,0
BRDA:37,1,1,0
BRDA:38,2,0,0
BRDA:38,2,1,0
BRDA:39,3,0,0
BRDA:39,3,1,0
BRDA:52,4,0,0
BRDA:52,4,1,0
BRDA:58,5,0,0
BRDA:58,5,1,1
BRDA:62,6,0,0
BRDA:62,6,1,0
BRDA:62,6,2,1
BRDA:62,6,3,1
BRDA:103,7,0,0
BRDA:103,7,1,0
BRF:17
BRH:4
end_of_record
TN:
SF:src\components\ErrorFallback.tsx
FN:10,(anonymous_1)
FN:19,(anonymous_2)
FN:30,(anonymous_3)
FN:200,(anonymous_4)
FN:211,(anonymous_5)
FN:250,(anonymous_6)
FNF:6
FNH:1
FNDA:14,(anonymous_1)
FNDA:0,(anonymous_2)
FNDA:0,(anonymous_3)
FNDA:0,(anonymous_4)
FNDA:0,(anonymous_5)
FNDA:0,(anonymous_6)
DA:1,3
DA:3,3
DA:10,3
DA:11,14
DA:12,14
DA:15,14
DA:16,14
DA:19,14
DA:20,0
DA:21,0
DA:23,0
DA:30,0
DA:32,0
DA:34,0
DA:36,0
DA:40,14
DA:200,3
DA:201,0
DA:211,3
DA:213,0
DA:215,0
DA:250,3
DA:252,0
DA:254,0
LF:24
LH:12
BRDA:15,0,0,14
BRDA:15,0,1,0
BRDA:16,1,0,14
BRDA:16,1,1,0
BRDA:76,2,0,14
BRDA:76,2,1,14
BRDA:88,3,0,14
BRDA:88,3,1,14
BRDA:124,4,0,14
BRDA:124,4,1,14
BRDA:127,5,0,0
BRDA:127,5,1,14
BRDA:150,6,0,0
BRDA:150,6,1,14
BRDA:213,7,0,0
BRDA:213,7,1,0
BRDA:252,8,0,0
BRDA:252,8,1,0
BRF:18
BRH:10
end_of_record
TN:
SF:src\components\ErrorFeedback.tsx
FN:39,(anonymous_9)
FN:50,(anonymous_10)
FN:142,(anonymous_11)
FN:162,(anonymous_12)
FNF:4
FNH:0
FNDA:0,(anonymous_9)
FNDA:0,(anonymous_10)
FNDA:0,(anonymous_11)
FNDA:0,(anonymous_12)
DA:1,0
DA:2,0
DA:39,0
DA:45,0
DA:46,0
DA:47,0
DA:48,0
DA:50,0
DA:51,0
DA:53,0
DA:54,0
DA:57,0
DA:59,0
DA:60,0
DA:71,0
DA:72,0
DA:75,0
DA:78,0
DA:80,0
DA:82,0
DA:86,0
DA:87,0
DA:121,0
DA:142,0
DA:162,0
LF:25
LH:0
BRDA:53,0,0,0
BRDA:53,0,1,0
BRDA:67,1,0,0
BRDA:67,1,1,0
BRDA:71,2,0,0
BRDA:71,2,1,0
BRDA:86,3,0,0
BRDA:86,3,1,0
BRDA:175,4,0,0
BRDA:175,4,1,0
BRDA:178,5,0,0
BRDA:178,5,1,0
BRDA:205,6,0,0
BRDA:205,6,1,0
BRF:14
BRH:0
end_of_record
TN:
SF:src\components\EventManager.tsx
FN:15,(anonymous_1)
FN:18,(anonymous_2)
FN:26,(anonymous_3)
FN:27,(anonymous_4)
FN:34,(anonymous_5)
FN:76,(anonymous_6)
FN:77,(anonymous_7)
FN:97,(anonymous_8)
FN:109,(anonymous_9)
FN:110,(anonymous_10)
FN:119,(anonymous_11)
FN:138,(anonymous_12)
FN:142,(anonymous_13)
FNF:13
FNH:10
FNDA:26,(anonymous_1)
FNDA:24,(anonymous_2)
FNDA:24,(anonymous_3)
FNDA:2,(anonymous_4)
FNDA:1,(anonymous_5)
FNDA:24,(anonymous_6)
FNDA:0,(anonymous_7)
FNDA:0,(anonymous_8)
FNDA:24,(anonymous_9)
FNDA:0,(anonymous_10)
FNDA:24,(anonymous_11)
FNDA:24,(anonymous_12)
FNDA:36,(anonymous_13)
DA:1,1
DA:2,1
DA:3,1
DA:4,1
DA:5,1
DA:6,1
DA:15,1
DA:16,26
DA:18,26
DA:19,24
DA:22,24
DA:26,24
DA:27,24
DA:28,2
DA:29,2
DA:32,2
DA:33,2
DA:34,2
DA:36,2
DA:38,1
DA:39,1
DA:40,1
DA:49,1
DA:51,1
DA:61,2
DA:62,0
DA:63,0
DA:64,0
DA:65,2
DA:66,0
DA:67,0
DA:71,23
DA:76,24
DA:77,24
DA:78,0
DA:79,0
DA:80,0
DA:83,0
DA:84,0
DA:85,0
DA:87,0
DA:88,0
DA:92,0
DA:93,0
DA:94,0
DA:95,0
DA:97,0
DA:98,0
DA:99,0
DA:100,0
DA:105,23
DA:109,24
DA:110,24
DA:111,0
DA:112,0
DA:115,23
DA:119,24
DA:120,24
DA:121,24
DA:126,23
DA:128,1
DA:132,24
DA:135,24
DA:138,24
DA:139,24
DA:142,24
DA:143,36
DA:144,36
DA:146,0
DA:151,24
DA:156,26
LF:71
LH:47
BRDA:36,0,0,1
BRDA:36,0,1,1
BRDA:36,1,0,2
BRDA:36,1,1,1
BRDA:49,2,0,1
BRDA:49,2,1,0
BRDA:49,3,0,1
BRDA:49,3,1,0
BRDA:61,4,0,0
BRDA:61,4,1,2
BRDA:61,5,0,2
BRDA:61,5,1,0
BRDA:65,6,0,0
BRDA:65,6,1,2
BRDA:65,7,0,2
BRDA:65,7,1,0
BRDA:84,8,0,0
BRDA:84,8,1,0
BRDA:85,9,0,0
BRDA:85,9,1,0
BRDA:87,10,0,0
BRDA:87,10,1,0
BRDA:92,11,0,0
BRDA:92,11,1,0
BRDA:95,12,0,0
BRDA:95,12,1,0
BRDA:98,13,0,0
BRDA:98,13,1,0
BRF:28
BRH:10
end_of_record
TN:
SF:src\components\FormError.tsx
FN:31,(anonymous_1)
FN:110,(anonymous_2)
FN:138,(anonymous_3)
FN:189,(anonymous_4)
FN:194,(anonymous_5)
FN:226,(anonymous_6)
FNF:6
FNH:0
FNDA:0,(anonymous_1)
FNDA:0,(anonymous_2)
FNDA:0,(anonymous_3)
FNDA:0,(anonymous_4)
FNDA:0,(anonymous_5)
FNDA:0,(anonymous_6)
DA:1,0
DA:31,0
DA:37,0
DA:38,0
DA:41,0
DA:43,0
DA:110,0
DA:119,0
DA:120,0
DA:121,0
DA:123,0
DA:139,0
DA:140,0
DA:151,0
DA:189,0
DA:194,0
DA:196,0
DA:197,0
DA:200,0
DA:227,0
LF:20
LH:0
BRDA:34,0,0,0
BRDA:35,1,0,0
BRDA:37,2,0,0
BRDA:37,2,1,0
BRDA:41,3,0,0
BRDA:41,3,1,0
BRDA:50,4,0,0
BRDA:50,4,1,0
BRDA:114,5,0,0
BRDA:117,6,0,0
BRDA:130,7,0,0
BRDA:130,7,1,0
BRDA:139,8,0,0
BRDA:139,8,1,0
BRDA:143,9,0,0
BRDA:143,9,1,0
BRDA:144,10,0,0
BRDA:144,10,1,0
BRDA:145,11,0,0
BRDA:145,11,1,0
BRDA:155,12,0,0
BRDA:155,12,1,0
BRDA:155,12,2,0
BRDA:191,13,0,0
BRDA:192,14,0,0
BRDA:196,15,0,0
BRDA:196,15,1,0
BRF:27
BRH:0
end_of_record
TN:
SF:src\components\Skeleton.tsx
FN:9,(anonymous_1)
FN:22,(anonymous_2)
FN:43,(anonymous_3)
FN:64,(anonymous_4)
FN:87,(anonymous_5)
FN:90,(anonymous_6)
FN:103,(anonymous_7)
FN:114,(anonymous_8)
FN:117,(anonymous_9)
FNF:9
FNH:0
FNDA:0,(anonymous_1)
FNDA:0,(anonymous_2)
FNDA:0,(anonymous_3)
FNDA:0,(anonymous_4)
FNDA:0,(anonymous_5)
FNDA:0,(anonymous_6)
FNDA:0,(anonymous_7)
FNDA:0,(anonymous_8)
FNDA:0,(anonymous_9)
DA:1,0
DA:2,0
DA:9,0
DA:10,0
DA:22,0
DA:23,0
DA:43,0
DA:44,0
DA:64,0
DA:65,0
DA:87,0
DA:88,0
DA:91,0
DA:103,0
DA:104,0
DA:114,0
DA:115,0
DA:118,0
LF:18
LH:0
BRDA:114,0,0,0
BRDA:114,1,0,0
BRF:2
BRH:0
end_of_record
TN:
SF:src\components\SyncStatusIndicator.tsx
FN:27,(anonymous_9)
FN:36,(anonymous_10)
FN:39,(anonymous_11)
FN:40,(anonymous_12)
FN:127,(anonymous_13)
FN:135,(anonymous_14)
FN:138,(anonymous_15)
FN:139,(anonymous_16)
FN:172,(anonymous_17)
FN:207,formatRelativeTime
FNF:10
FNH:0
FNDA:0,(anonymous_9)
FNDA:0,(anonymous_10)
FNDA:0,(anonymous_11)
FNDA:0,(anonymous_12)
FNDA:0,(anonymous_13)
FNDA:0,(anonymous_14)
FNDA:0,(anonymous_15)
FNDA:0,(anonymous_16)
FNDA:0,(anonymous_17)
FNDA:0,formatRelativeTime
DA:9,0
DA:10,0
DA:11,0
DA:27,0
DA:32,0
DA:33,0
DA:36,0
DA:37,0
DA:38,0
DA:39,0
DA:40,0
DA:44,0
DA:45,0
DA:60,0
DA:127,0
DA:133,0
DA:135,0
DA:136,0
DA:137,0
DA:138,0
DA:139,0
DA:143,0
DA:149,0
DA:172,0
DA:177,0
DA:178,0
DA:186,0
DA:187,0
DA:195,0
DA:208,0
DA:209,0
DA:210,0
DA:212,0
DA:213,0
DA:215,0
DA:216,0
DA:218,0
DA:219,0
DA:221,0
DA:224,0
LF:40
LH:0
BRDA:28,0,0,0
BRDA:29,1,0,0
BRDA:30,2,0,0
BRDA:37,3,0,0
BRDA:37,3,1,0
BRDA:44,4,0,0
BRDA:44,4,1,0
BRDA:48,5,0,0
BRDA:48,5,1,0
BRDA:51,6,0,0
BRDA:51,6,1,0
BRDA:64,7,0,0
BRDA:64,7,1,0
BRDA:69,8,0,0
BRDA:69,8,1,0
BRDA:74,9,0,0
BRDA:74,9,1,0
BRDA:76,10,0,0
BRDA:76,10,1,0
BRDA:84,11,0,0
BRDA:84,11,1,0
BRDA:88,12,0,0
BRDA:88,12,1,0
BRDA:95,13,0,0
BRDA:95,13,1,0
BRDA:103,14,0,0
BRDA:103,14,1,0
BRDA:129,15,0,0
BRDA:131,16,0,0
BRDA:136,17,0,0
BRDA:136,17,1,0
BRDA:153,18,0,0
BRDA:153,18,1,0
BRDA:174,19,0,0
BRDA:175,20,0,0
BRDA:177,21,0,0
BRDA:177,21,1,0
BRDA:186,22,0,0
BRDA:186,22,1,0
BRDA:212,23,0,0
BRDA:212,23,1,0
BRDA:213,24,0,0
BRDA:213,24,1,0
BRDA:216,25,0,0
BRDA:216,25,1,0
BRDA:219,26,0,0
BRDA:219,26,1,0
BRF:47
BRH:0
end_of_record
TN:
SF:src\components\UserFeedback.tsx
FN:33,(anonymous_9)
FN:50,(anonymous_10)
FN:110,(anonymous_11)
FN:111,(anonymous_12)
FN:150,(anonymous_13)
FN:154,(anonymous_14)
FN:174,(anonymous_15)
FN:174,(anonymous_16)
FN:194,(anonymous_17)
FN:194,(anonymous_18)
FN:208,(anonymous_19)
FN:208,(anonymous_20)
FN:224,(anonymous_21)
FN:224,(anonymous_22)
FNF:14
FNH:0
FNDA:0,(anonymous_9)
FNDA:0,(anonymous_10)
FNDA:0,(anonymous_11)
FNDA:0,(anonymous_12)
FNDA:0,(anonymous_13)
FNDA:0,(anonymous_14)
FNDA:0,(anonymous_15)
FNDA:0,(anonymous_16)
FNDA:0,(anonymous_17)
FNDA:0,(anonymous_18)
FNDA:0,(anonymous_19)
FNDA:0,(anonymous_20)
FNDA:0,(anonymous_21)
FNDA:0,(anonymous_22)
DA:1,0
DA:2,0
DA:3,0
DA:33,0
DA:40,0
DA:47,0
DA:48,0
DA:50,0
DA:51,0
DA:54,0
DA:57,0
DA:59,0
DA:60,0
DA:63,0
DA:64,0
DA:67,0
DA:68,0
DA:69,0
DA:72,0
DA:74,0
DA:76,0
DA:77,0
DA:91,0
DA:97,0
DA:99,0
DA:106,0
DA:110,0
DA:111,0
DA:114,0
DA:115,0
DA:118,0
DA:151,0
DA:154,0
DA:174,0
DA:194,0
DA:208,0
DA:224,0
DA:255,0
LF:38
LH:0
BRDA:59,0,0,0
BRDA:59,0,1,0
BRDA:63,1,0,0
BRDA:63,1,1,0
BRDA:63,2,0,0
BRDA:63,2,1,0
BRDA:67,3,0,0
BRDA:67,3,1,0
BRDA:76,4,0,0
BRDA:76,4,1,0
BRDA:114,5,0,0
BRDA:114,5,1,0
BRDA:137,6,0,0
BRDA:137,6,1,0
BRDA:156,7,0,0
BRDA:156,7,1,0
BRDA:160,8,0,0
BRDA:160,8,1,0
BRDA:245,9,0,0
BRDA:245,9,1,0
BRF:20
BRH:0
end_of_record
TN:
SF:src\components\VirtualFileTree.tsx
FN:51,formatFileSize
FN:65,(anonymous_10)
FN:73,(anonymous_11)
FN:75,(anonymous_12)
FN:79,(anonymous_13)
FN:132,(anonymous_14)
FN:177,(anonymous_15)
FN:187,(anonymous_16)
FN:194,(anonymous_17)
FN:255,(anonymous_18)
FNF:10
FNH:10
FNDA:7,formatFileSize
FNDA:21,(anonymous_10)
FNDA:7,(anonymous_11)
FNDA:7,(anonymous_12)
FNDA:3,(anonymous_13)
FNDA:6,(anonymous_14)
FNDA:19,(anonymous_15)
FNDA:10,(anonymous_16)
FNDA:10,(anonymous_17)
FNDA:8,(anonymous_18)
DA:1,1
DA:2,1
DA:3,1
DA:4,1
DA:5,1
DA:52,7
DA:53,7
DA:54,7
DA:55,7
DA:56,7
DA:65,1
DA:70,21
DA:71,21
DA:73,21
DA:74,7
DA:75,7
DA:79,21
DA:80,3
DA:81,3
DA:85,21
DA:86,7
DA:107,14
DA:133,6
DA:177,1
DA:182,19
DA:183,19
DA:184,19
DA:187,19
DA:188,10
DA:189,0
DA:190,0
DA:191,0
DA:194,10
DA:195,10
DA:196,10
DA:198,10
DA:199,10
DA:201,10
DA:205,8
DA:206,8
DA:208,1
DA:209,1
DA:210,1
DA:212,9
DA:216,10
DA:220,19
DA:221,10
DA:230,9
DA:231,1
DA:243,8
DA:244,1
DA:252,7
DA:256,8
DA:268,1
LF:54
LH:51
BRDA:52,0,0,0
BRDA:52,0,1,7
BRDA:74,1,0,7
BRDA:74,1,1,0
BRDA:80,2,0,3
BRDA:80,2,1,0
BRDA:80,3,0,3
BRDA:80,3,1,3
BRDA:85,4,0,7
BRDA:85,4,1,14
BRDA:117,5,0,6
BRDA:117,5,1,8
BRDA:130,6,0,14
BRDA:130,6,1,6
BRDA:130,6,2,6
BRDA:188,7,0,0
BRDA:188,7,1,10
BRDA:208,8,0,1
BRDA:208,8,1,0
BRDA:208,9,0,1
BRDA:208,9,1,1
BRDA:208,10,0,0
BRDA:208,10,1,0
BRDA:220,11,0,10
BRDA:220,11,1,9
BRDA:230,12,0,1
BRDA:230,12,1,8
BRDA:243,13,0,1
BRDA:243,13,1,7
BRF:29
BRH:22
end_of_record
TN:
SF:src\components\modals\FileFilterSettings.tsx
FN:18,(anonymous_9)
FN:38,(anonymous_10)
FN:44,(anonymous_11)
FN:58,(anonymous_12)
FN:73,(anonymous_13)
FN:83,(anonymous_14)
FN:86,(anonymous_15)
FN:90,(anonymous_16)
FN:101,(anonymous_17)
FN:104,(anonymous_18)
FN:117,(anonymous_19)
FN:160,(anonymous_20)
FN:184,(anonymous_21)
FN:211,(anonymous_22)
FN:222,(anonymous_23)
FN:246,(anonymous_24)
FN:247,(anonymous_25)
FN:258,(anonymous_26)
FN:265,(anonymous_27)
FN:287,(anonymous_28)
FN:288,(anonymous_29)
FN:296,(anonymous_30)
FN:303,(anonymous_31)
FNF:23
FNH:0
FNDA:0,(anonymous_9)
FNDA:0,(anonymous_10)
FNDA:0,(anonymous_11)
FNDA:0,(anonymous_12)
FNDA:0,(anonymous_13)
FNDA:0,(anonymous_14)
FNDA:0,(anonymous_15)
FNDA:0,(anonymous_16)
FNDA:0,(anonymous_17)
FNDA:0,(anonymous_18)
FNDA:0,(anonymous_19)
FNDA:0,(anonymous_20)
FNDA:0,(anonymous_21)
FNDA:0,(anonymous_22)
FNDA:0,(anonymous_23)
FNDA:0,(anonymous_24)
FNDA:0,(anonymous_25)
FNDA:0,(anonymous_26)
FNDA:0,(anonymous_27)
FNDA:0,(anonymous_28)
FNDA:0,(anonymous_29)
FNDA:0,(anonymous_30)
FNDA:0,(anonymous_31)
DA:1,0
DA:2,0
DA:3,0
DA:5,0
DA:6,0
DA:18,0
DA:23,0
DA:32,0
DA:33,0
DA:34,0
DA:35,0
DA:38,0
DA:39,0
DA:40,0
DA:44,0
DA:45,0
DA:46,0
DA:47,0
DA:48,0
DA:49,0
DA:51,0
DA:52,0
DA:54,0
DA:58,0
DA:59,0
DA:60,0
DA:61,0
DA:62,0
DA:63,0
DA:64,0
DA:66,0
DA:67,0
DA:69,0
DA:73,0
DA:74,0
DA:75,0
DA:79,0
DA:83,0
DA:84,0
DA:86,0
DA:90,0
DA:91,0
DA:92,0
DA:93,0
DA:97,0
DA:101,0
DA:102,0
DA:104,0
DA:108,0
DA:110,0
DA:117,0
DA:160,0
DA:184,0
DA:211,0
DA:222,0
DA:246,0
DA:247,0
DA:259,0
DA:265,0
DA:287,0
DA:288,0
DA:297,0
DA:303,0
DA:330,0
LF:64
LH:0
BRDA:39,0,0,0
BRDA:39,0,1,0
BRDA:74,1,0,0
BRDA:74,1,1,0
BRDA:74,2,0,0
BRDA:74,2,1,0
BRDA:92,3,0,0
BRDA:92,3,1,0
BRDA:92,4,0,0
BRDA:92,4,1,0
BRDA:108,5,0,0
BRDA:108,5,1,0
BRDA:129,6,0,0
BRDA:129,6,1,0
BRDA:199,7,0,0
BRDA:199,7,1,0
BRDA:229,8,0,0
BRDA:229,8,1,0
BRDA:237,9,0,0
BRDA:237,9,1,0
BRDA:247,10,0,0
BRDA:247,10,1,0
BRDA:256,11,0,0
BRDA:256,11,1,0
BRDA:278,12,0,0
BRDA:278,12,1,0
BRDA:278,12,2,0
BRDA:288,13,0,0
BRDA:288,13,1,0
BRDA:294,14,0,0
BRDA:294,14,1,0
BRDA:322,15,0,0
BRDA:322,15,1,0
BRF:33
BRH:0
end_of_record
TN:
SF:src\components\modals\FilterPalette.tsx
FN:12,(anonymous_1)
FN:21,(anonymous_2)
FN:22,(anonymous_3)
FN:45,(anonymous_4)
FN:46,(anonymous_5)
FN:62,(anonymous_6)
FN:74,(anonymous_7)
FN:79,(anonymous_8)
FNF:8
FNH:0
FNDA:0,(anonymous_1)
FNDA:0,(anonymous_2)
FNDA:0,(anonymous_3)
FNDA:0,(anonymous_4)
FNDA:0,(anonymous_5)
FNDA:0,(anonymous_6)
FNDA:0,(anonymous_7)
FNDA:0,(anonymous_8)
DA:1,0
DA:2,0
DA:3,0
DA:4,0
DA:12,0
DA:19,0
DA:21,0
DA:22,0
DA:24,0
DA:26,0
DA:46,0
DA:47,0
DA:49,0
DA:63,0
DA:75,0
DA:76,0
DA:79,0
DA:104,0
LF:18
LH:0
BRDA:19,0,0,0
BRDA:19,0,1,0
BRDA:47,1,0,0
BRDA:47,1,1,0
BRDA:82,2,0,0
BRDA:82,2,1,0
BRDA:87,3,0,0
BRDA:87,3,1,0
BRF:8
BRH:0
end_of_record
TN:
SF:src\components\modals\KeywordModal.tsx
FN:13,(anonymous_9)
FN:19,(anonymous_10)
FN:27,(anonymous_11)
FN:28,(anonymous_12)
FN:50,(anonymous_13)
FN:70,(anonymous_14)
FN:79,(anonymous_15)
FN:82,(anonymous_16)
FN:106,(anonymous_17)
FN:112,(anonymous_18)
FN:117,(anonymous_19)
FN:129,(anonymous_20)
FN:142,(anonymous_21)
FN:142,(anonymous_22)
FNF:14
FNH:0
FNDA:0,(anonymous_9)
FNDA:0,(anonymous_10)
FNDA:0,(anonymous_11)
FNDA:0,(anonymous_12)
FNDA:0,(anonymous_13)
FNDA:0,(anonymous_14)
FNDA:0,(anonymous_15)
FNDA:0,(anonymous_16)
FNDA:0,(anonymous_17)
FNDA:0,(anonymous_18)
FNDA:0,(anonymous_19)
FNDA:0,(anonymous_20)
FNDA:0,(anonymous_21)
FNDA:0,(anonymous_22)
DA:1,0
DA:2,0
DA:3,0
DA:4,0
DA:7,0
DA:13,0
DA:14,0
DA:15,0
DA:16,0
DA:19,0
DA:20,0
DA:21,0
DA:22,0
DA:23,0
DA:27,0
DA:28,0
DA:29,0
DA:31,0
DA:38,0
DA:41,0
DA:43,0
DA:50,0
DA:70,0
DA:80,0
DA:82,0
DA:106,0
DA:113,0
DA:118,0
DA:119,0
DA:120,0
DA:130,0
DA:131,0
DA:132,0
DA:142,0
DA:164,0
LF:35
LH:0
BRDA:14,0,0,0
BRDA:14,0,1,0
BRDA:15,1,0,0
BRDA:15,1,1,0
BRDA:16,2,0,0
BRDA:16,2,1,0
BRDA:20,3,0,0
BRDA:20,3,1,0
BRDA:21,4,0,0
BRDA:21,4,1,0
BRDA:22,5,0,0
BRDA:22,5,1,0
BRDA:23,6,0,0
BRDA:23,6,1,0
BRDA:29,7,0,0
BRDA:29,7,1,0
BRDA:29,8,0,0
BRDA:29,8,1,0
BRDA:32,9,0,0
BRDA:32,9,1,0
BRDA:41,10,0,0
BRDA:41,10,1,0
BRDA:55,11,0,0
BRDA:55,11,1,0
BRDA:86,12,0,0
BRDA:86,12,1,0
BRF:26
BRH:0
end_of_record
TN:
SF:src\components\modals\index.ts
FN:2,(anonymous_1)
FN:3,(anonymous_2)
FN:4,(anonymous_3)
FNF:3
FNH:0
FNDA:0,(anonymous_1)
FNDA:0,(anonymous_2)
FNDA:0,(anonymous_3)
DA:2,0
DA:3,0
DA:4,0
LF:3
LH:0
BRF:0
BRH:0
end_of_record
TN:
SF:src\components\renderers\HybridLogRenderer.tsx
FN:24,(anonymous_9)
FN:28,(anonymous_10)
FN:45,(anonymous_11)
FN:51,(anonymous_12)
FN:56,(anonymous_13)
FN:68,(anonymous_14)
FN:99,(anonymous_15)
FN:102,(anonymous_16)
FN:108,(anonymous_17)
FN:109,(anonymous_18)
FN:110,(anonymous_19)
FN:125,(anonymous_20)
FN:126,(anonymous_21)
FN:127,(anonymous_22)
FN:139,(anonymous_23)
FN:144,(anonymous_24)
FN:153,(anonymous_25)
FN:159,(anonymous_26)
FN:175,(anonymous_27)
FN:215,(anonymous_28)
FN:226,(anonymous_29)
FN:228,(anonymous_30)
FN:239,(anonymous_31)
FN:254,(anonymous_32)
FN:272,(anonymous_33)
FN:285,(anonymous_34)
FNF:26
FNH:0
FNDA:0,(anonymous_9)
FNDA:0,(anonymous_10)
FNDA:0,(anonymous_11)
FNDA:0,(anonymous_12)
FNDA:0,(anonymous_13)
FNDA:0,(anonymous_14)
FNDA:0,(anonymous_15)
FNDA:0,(anonymous_16)
FNDA:0,(anonymous_17)
FNDA:0,(anonymous_18)
FNDA:0,(anonymous_19)
FNDA:0,(anonymous_20)
FNDA:0,(anonymous_21)
FNDA:0,(anonymous_22)
FNDA:0,(anonymous_23)
FNDA:0,(anonymous_24)
FNDA:0,(anonymous_25)
FNDA:0,(anonymous_26)
FNDA:0,(anonymous_27)
FNDA:0,(anonymous_28)
FNDA:0,(anonymous_29)
FNDA:0,(anonymous_30)
FNDA:0,(anonymous_31)
FNDA:0,(anonymous_32)
FNDA:0,(anonymous_33)
FNDA:0,(anonymous_34)
DA:1,0
DA:2,0
DA:3,0
DA:4,0
DA:24,0
DA:25,0
DA:26,0
DA:28,0
DA:29,0
DA:30,0
DA:32,0
DA:33,0
DA:34,0
DA:36,0
DA:41,0
DA:45,0
DA:51,0
DA:52,0
DA:54,0
DA:56,0
DA:57,0
DA:58,0
DA:59,0
DA:62,0
DA:68,0
DA:69,0
DA:71,0
DA:72,0
DA:74,0
DA:75,0
DA:78,0
DA:79,0
DA:85,0
DA:86,0
DA:89,0
DA:91,0
DA:99,0
DA:100,0
DA:101,0
DA:102,0
DA:103,0
DA:104,0
DA:107,0
DA:108,0
DA:110,0
DA:111,0
DA:112,0
DA:116,0
DA:122,0
DA:123,0
DA:125,0
DA:126,0
DA:128,0
DA:129,0
DA:134,0
DA:139,0
DA:141,0
DA:144,0
DA:153,0
DA:154,0
DA:156,0
DA:159,0
DA:160,0
DA:162,0
DA:172,0
DA:176,0
DA:177,0
DA:178,0
DA:179,0
DA:197,0
DA:205,0
DA:206,0
DA:209,0
DA:210,0
DA:215,0
DA:226,0
DA:228,0
DA:231,0
DA:233,0
DA:235,0
DA:239,0
DA:249,0
DA:250,0
DA:252,0
DA:255,0
DA:256,0
DA:257,0
DA:259,0
DA:272,0
DA:285,0
DA:287,0
DA:294,0
LF:92
LH:0
BRDA:34,0,0,0
BRDA:34,0,1,0
BRDA:52,1,0,0
BRDA:52,1,1,0
BRDA:69,2,0,0
BRDA:69,2,1,0
BRDA:78,3,0,0
BRDA:78,3,1,0
BRDA:111,4,0,0
BRDA:111,4,1,0
BRDA:122,5,0,0
BRDA:122,5,1,0
BRDA:128,6,0,0
BRDA:128,6,1,0
BRDA:142,7,0,0
BRDA:142,7,1,0
BRDA:153,8,0,0
BRDA:154,9,0,0
BRDA:154,9,1,0
BRDA:160,10,0,0
BRDA:160,10,1,0
BRDA:174,11,0,0
BRDA:174,11,1,0
BRDA:177,12,0,0
BRDA:177,12,1,0
BRDA:178,13,0,0
BRDA:178,13,1,0
BRDA:184,14,0,0
BRDA:184,14,1,0
BRDA:199,15,0,0
BRDA:199,15,1,0
BRDA:209,16,0,0
BRDA:209,16,1,0
BRDA:209,17,0,0
BRDA:209,17,1,0
BRDA:213,18,0,0
BRDA:213,18,1,0
BRDA:213,18,2,0
BRDA:228,19,0,0
BRDA:228,19,1,0
BRDA:233,20,0,0
BRDA:233,20,1,0
BRDA:257,21,0,0
BRDA:257,21,1,0
BRDA:263,22,0,0
BRDA:263,22,1,0
BRDA:265,23,0,0
BRDA:265,23,1,0
BRDA:288,24,0,0
BRDA:288,24,1,0
BRDA:288,24,2,0
BRF:51
BRH:0
end_of_record
TN:
SF:src\components\renderers\index.ts
FN:2,(anonymous_1)
FNF:1
FNH:0
FNDA:0,(anonymous_1)
DA:2,0
LF:1
LH:0
BRF:0
BRH:0
end_of_record
TN:
SF:src\components\search\KeywordStatsPanel.tsx
FN:32,(anonymous_9)
FN:41,(anonymous_10)
FN:58,(anonymous_11)
FN:82,(anonymous_12)
FNF:4
FNH:0
FNDA:0,(anonymous_9)
FNDA:0,(anonymous_10)
FNDA:0,(anonymous_11)
FNDA:0,(anonymous_12)
DA:1,0
DA:2,0
DA:3,0
DA:32,0
DA:38,0
DA:39,0
DA:41,0
DA:43,0
DA:58,0
DA:83,0
LF:10
LH:0
BRDA:60,0,0,0
BRDA:60,0,1,0
BRDA:64,1,0,0
BRDA:64,1,1,0
BRDA:67,2,0,0
BRDA:67,2,1,0
BRDA:80,3,0,0
BRDA:80,3,1,0
BRF:8
BRH:0
end_of_record
TN:
SF:src\components\ui\Button.tsx
FN:9,(anonymous_1)
FN:37,(anonymous_2)
FNF:2
FNH:2
FNDA:28,(anonymous_1)
FNDA:2,(anonymous_2)
DA:1,3
DA:2,3
DA:9,3
DA:17,28
DA:26,28
DA:38,2
DA:39,2
LF:7
LH:7
BRDA:11,0,0,28
BRDA:39,1,0,2
BRDA:39,1,1,2
BRDA:43,2,0,28
BRDA:43,2,1,0
BRF:5
BRH:4
end_of_record
TN:
SF:src\components\ui\Card.tsx
FN:8,(anonymous_1)
FNF:1
FNH:0
FNDA:0,(anonymous_1)
DA:1,3
DA:2,3
DA:8,3
DA:9,0
LF:4
LH:3
BRF:0
BRH:0
end_of_record
TN:
SF:src\components\ui\ConnectionStatus.tsx
FN:71,(anonymous_1)
FN:136,(anonymous_2)
FN:176,(anonymous_3)
FNF:3
FNH:0
FNDA:0,(anonymous_1)
FNDA:0,(anonymous_2)
FNDA:0,(anonymous_3)
DA:9,3
DA:34,3
DA:71,3
DA:79,0
DA:81,0
DA:136,3
DA:142,0
DA:144,0
DA:150,0
DA:158,0
DA:176,3
DA:181,0
DA:184,0
DA:185,0
DA:188,0
LF:15
LH:5
BRDA:73,0,0,0
BRDA:74,1,0,0
BRDA:76,2,0,0
BRDA:77,3,0,0
BRDA:85,4,0,0
BRDA:85,4,1,0
BRDA:85,5,0,0
BRDA:85,5,1,0
BRDA:94,6,0,0
BRDA:94,6,1,0
BRDA:97,7,0,0
BRDA:97,7,1,0
BRDA:97,7,2,0
BRDA:104,8,0,0
BRDA:104,8,1,0
BRDA:104,8,2,0
BRDA:111,9,0,0
BRDA:111,9,1,0
BRDA:111,9,2,0
BRDA:111,9,3,0
BRDA:138,10,0,0
BRDA:139,11,0,0
BRDA:161,12,0,0
BRDA:161,12,1,0
BRDA:184,13,0,0
BRDA:184,13,1,0
BRDA:184,14,0,0
BRDA:184,14,1,0
BRDA:193,15,0,0
BRDA:193,15,1,0
BRDA:197,16,0,0
BRDA:197,16,1,0
BRF:32
BRH:0
end_of_record
TN:
SF:src\components\ui\FormField.tsx
FN:17,(anonymous_1)
FN:67,(anonymous_2)
FN:101,(anonymous_3)
FN:135,(anonymous_4)
FN:162,(anonymous_5)
FN:163,(anonymous_6)
FN:199,(anonymous_7)
FN:201,(anonymous_8)
FNF:8
FNH:0
FNDA:0,(anonymous_1)
FNDA:0,(anonymous_2)
FNDA:0,(anonymous_3)
FNDA:0,(anonymous_4)
FNDA:0,(anonymous_5)
FNDA:0,(anonymous_6)
FNDA:0,(anonymous_7)
FNDA:0,(anonymous_8)
DA:1,3
DA:2,3
DA:17,3
DA:26,0
DA:27,0
DA:28,0
DA:29,0
DA:30,0
DA:32,0
DA:68,0
DA:71,0
DA:75,0
DA:76,0
DA:89,0
DA:102,0
DA:130,3
DA:135,3
DA:136,0
DA:158,3
DA:162,3
DA:163,0
DA:165,0
DA:166,0
DA:169,0
DA:200,0
DA:201,0
DA:202,0
LF:27
LH:7
BRDA:21,0,0,0
BRDA:26,1,0,0
BRDA:26,1,1,0
BRDA:30,2,0,0
BRDA:30,2,1,0
BRDA:30,3,0,0
BRDA:30,3,1,0
BRDA:35,4,0,0
BRDA:35,4,1,0
BRDA:40,5,0,0
BRDA:40,5,1,0
BRDA:44,6,0,0
BRDA:44,6,1,0
BRDA:56,7,0,0
BRDA:56,7,1,0
BRDA:68,8,0,0
BRDA:68,8,1,0
BRDA:71,9,0,0
BRDA:71,9,1,0
BRDA:71,9,2,0
BRDA:75,10,0,0
BRDA:75,10,1,0
BRDA:79,11,0,0
BRDA:79,11,1,0
BRDA:80,12,0,0
BRDA:80,12,1,0
BRDA:81,13,0,0
BRDA:81,13,1,0
BRDA:85,14,0,0
BRDA:85,14,1,0
BRDA:94,15,0,0
BRDA:94,15,1,0
BRDA:138,16,0,0
BRDA:138,16,1,0
BRDA:143,17,0,0
BRDA:143,17,1,0
BRDA:162,18,0,0
BRDA:165,19,0,0
BRDA:165,19,1,0
BRDA:200,20,0,0
BRDA:200,20,1,0
BRF:41
BRH:0
end_of_record
TN:
SF:src\components\ui\Input.tsx
FN:9,(anonymous_1)
FNF:1
FNH:0
FNDA:0,(anonymous_1)
DA:1,3
DA:2,3
DA:8,3
DA:10,0
DA:26,3
LF:5
LH:4
BRF:0
BRH:0
end_of_record
TN:
SF:src\components\ui\NavItem.tsx
FN:8,(anonymous_1)
FNF:1
FNH:0
FNDA:0,(anonymous_1)
DA:1,3
DA:2,3
DA:8,3
DA:15,0
LF:4
LH:3
BRDA:21,0,0,0
BRDA:21,0,1,0
BRF:2
BRH:0
end_of_record
TN:
SF:src\components\ui\index.ts
FN:2,(anonymous_0)
FN:3,(anonymous_1)
FN:4,(anonymous_2)
FN:5,(anonymous_3)
FN:6,(anonymous_4)
FN:6,(anonymous_5)
FN:6,(anonymous_6)
FN:7,(anonymous_7)
FNF:8
FNH:1
FNDA:28,(anonymous_0)
FNDA:0,(anonymous_1)
FNDA:0,(anonymous_2)
FNDA:0,(anonymous_3)
FNDA:0,(anonymous_4)
FNDA:0,(anonymous_5)
FNDA:0,(anonymous_6)
FNDA:0,(anonymous_7)
DA:2,31
DA:3,3
DA:4,3
DA:5,3
DA:6,3
DA:7,3
LF:6
LH:6
BRF:0
BRH:0
end_of_record
TN:
SF:src\constants\colors.ts
FNF:0
FNH:0
DA:5,0
LF:1
LH:0
BRF:0
BRH:0
end_of_record
TN:
SF:src\contexts\AppContext.tsx
FN:69,(anonymous_0)
FN:80,(anonymous_1)
FN:108,(anonymous_2)
FN:119,(anonymous_3)
FN:127,(anonymous_4)
FN:160,(anonymous_5)
FN:171,(anonymous_6)
FN:179,(anonymous_7)
FN:185,(anonymous_8)
FN:219,(anonymous_9)
FN:230,(anonymous_10)
FN:238,(anonymous_11)
FN:288,(anonymous_12)
FN:319,(anonymous_13)
FN:327,(anonymous_14)
FN:331,(anonymous_15)
FN:337,(anonymous_16)
FN:348,(anonymous_17)
FN:352,(anonymous_18)
FN:357,(anonymous_19)
FN:358,(anonymous_20)
FN:378,(anonymous_21)
FN:385,(anonymous_22)
FN:386,(anonymous_23)
FN:399,(anonymous_24)
FN:406,(anonymous_25)
FN:409,(anonymous_26)
FN:417,(anonymous_27)
FN:425,(anonymous_28)
FN:430,(anonymous_29)
FN:479,(anonymous_30)
FN:501,(anonymous_31)
FN:516,(anonymous_32)
FN:522,(anonymous_33)
FN:523,(anonymous_34)
FN:524,(anonymous_35)
FN:525,(anonymous_36)
FN:528,(anonymous_37)
FN:552,(anonymous_38)
FN:560,(anonymous_39)
FN:568,(anonymous_40)
FN:576,(anonymous_41)
FNF:42
FNH:0
FNDA:0,(anonymous_0)
FNDA:0,(anonymous_1)
FNDA:0,(anonymous_2)
FNDA:0,(anonymous_3)
FNDA:0,(anonymous_4)
FNDA:0,(anonymous_5)
FNDA:0,(anonymous_6)
FNDA:0,(anonymous_7)
FNDA:0,(anonymous_8)
FNDA:0,(anonymous_9)
FNDA:0,(anonymous_10)
FNDA:0,(anonymous_11)
FNDA:0,(anonymous_12)
FNDA:0,(anonymous_13)
FNDA:0,(anonymous_14)
FNDA:0,(anonymous_15)
FNDA:0,(anonymous_16)
FNDA:0,(anonymous_17)
FNDA:0,(anonymous_18)
FNDA:0,(anonymous_19)
FNDA:0,(anonymous_20)
FNDA:0,(anonymous_21)
FNDA:0,(anonymous_22)
FNDA:0,(anonymous_23)
FNDA:0,(anonymous_24)
FNDA:0,(anonymous_25)
FNDA:0,(anonymous_26)
FNDA:0,(anonymous_27)
FNDA:0,(anonymous_28)
FNDA:0,(anonymous_29)
FNDA:0,(anonymous_30)
FNDA:0,(anonymous_31)
FNDA:0,(anonymous_32)
FNDA:0,(anonymous_33)
FNDA:0,(anonymous_34)
FNDA:0,(anonymous_35)
FNDA:0,(anonymous_36)
FNDA:0,(anonymous_37)
FNDA:0,(anonymous_38)
FNDA:0,(anonymous_39)
FNDA:0,(anonymous_40)
FNDA:0,(anonymous_41)
DA:1,0
DA:2,0
DA:3,0
DA:4,0
DA:69,0
DA:70,0
DA:72,0
DA:75,0
DA:76,0
DA:80,0
DA:83,0
DA:86,0
DA:108,0
DA:109,0
DA:111,0
DA:114,0
DA:117,0
DA:120,0
DA:125,0
DA:127,0
DA:131,0
DA:134,0
DA:137,0
DA:160,0
DA:161,0
DA:163,0
DA:166,0
DA:169,0
DA:172,0
DA:177,0
DA:179,0
DA:183,0
DA:186,0
DA:191,0
DA:194,0
DA:197,0
DA:219,0
DA:220,0
DA:222,0
DA:225,0
DA:228,0
DA:231,0
DA:236,0
DA:238,0
DA:242,0
DA:245,0
DA:248,0
DA:279,0
DA:280,0
DA:281,0
DA:282,0
DA:288,0
DA:290,0
DA:297,0
DA:304,0
DA:311,0
DA:318,0
DA:319,0
DA:320,0
DA:324,0
DA:327,0
DA:328,0
DA:331,0
DA:332,0
DA:333,0
DA:336,0
DA:337,0
DA:338,0
DA:340,0
DA:344,0
DA:348,0
DA:349,0
DA:352,0
DA:353,0
DA:357,0
DA:358,0
DA:359,0
DA:360,0
DA:361,0
DA:362,0
DA:364,0
DA:365,0
DA:368,0
DA:371,0
DA:375,0
DA:376,0
DA:378,0
DA:379,0
DA:380,0
DA:384,0
DA:385,0
DA:386,0
DA:389,0
DA:390,0
DA:394,0
DA:395,0
DA:399,0
DA:400,0
DA:401,0
DA:406,0
DA:409,0
DA:410,0
DA:411,0
DA:417,0
DA:419,0
DA:422,0
DA:425,0
DA:426,0
DA:427,0
DA:430,0
DA:432,0
DA:434,0
DA:435,0
DA:436,0
DA:448,0
DA:450,0
DA:466,0
DA:467,0
DA:471,0
DA:472,0
DA:473,0
DA:479,0
DA:480,0
DA:481,0
DA:486,0
DA:489,0
DA:491,0
DA:492,0
DA:501,0
DA:502,0
DA:503,0
DA:506,0
DA:516,0
DA:517,0
DA:518,0
DA:522,0
DA:523,0
DA:524,0
DA:525,0
DA:528,0
DA:529,0
DA:531,0
DA:535,0
DA:552,0
DA:553,0
DA:554,0
DA:555,0
DA:557,0
DA:560,0
DA:561,0
DA:562,0
DA:563,0
DA:565,0
DA:568,0
DA:569,0
DA:570,0
DA:571,0
DA:573,0
DA:576,0
DA:577,0
DA:578,0
DA:579,0
DA:581,0
LF:163
LH:0
BRDA:70,0,0,0
BRDA:70,0,1,0
BRDA:70,0,2,0
BRDA:70,0,3,0
BRDA:70,0,4,0
BRDA:109,1,0,0
BRDA:109,1,1,0
BRDA:109,1,2,0
BRDA:109,1,3,0
BRDA:109,1,4,0
BRDA:109,1,5,0
BRDA:109,1,6,0
BRDA:120,2,0,0
BRDA:120,2,1,0
BRDA:161,3,0,0
BRDA:161,3,1,0
BRDA:161,3,2,0
BRDA:161,3,3,0
BRDA:161,3,4,0
BRDA:161,3,5,0
BRDA:161,3,6,0
BRDA:161,3,7,0
BRDA:172,4,0,0
BRDA:172,4,1,0
BRDA:186,5,0,0
BRDA:186,5,1,0
BRDA:220,6,0,0
BRDA:220,6,1,0
BRDA:220,6,2,0
BRDA:220,6,3,0
BRDA:220,6,4,0
BRDA:220,6,5,0
BRDA:220,6,6,0
BRDA:231,7,0,0
BRDA:231,7,1,0
BRDA:361,8,0,0
BRDA:361,8,1,0
BRDA:364,9,0,0
BRDA:364,9,1,0
BRDA:379,10,0,0
BRDA:379,10,1,0
BRDA:379,11,0,0
BRDA:379,11,1,0
BRDA:389,12,0,0
BRDA:389,12,1,0
BRDA:394,13,0,0
BRDA:394,13,1,0
BRDA:410,14,0,0
BRDA:410,14,1,0
BRDA:432,15,0,0
BRDA:432,15,1,0
BRDA:432,16,0,0
BRDA:432,16,1,0
BRDA:448,17,0,0
BRDA:448,17,1,0
BRDA:448,18,0,0
BRDA:448,18,1,0
BRDA:466,19,0,0
BRDA:466,19,1,0
BRDA:471,20,0,0
BRDA:471,20,1,0
BRDA:480,21,0,0
BRDA:480,21,1,0
BRDA:489,22,0,0
BRDA:489,22,1,0
BRDA:491,23,0,0
BRDA:491,23,1,0
BRDA:554,24,0,0
BRDA:554,24,1,0
BRDA:562,25,0,0
BRDA:562,25,1,0
BRDA:570,26,0,0
BRDA:570,26,1,0
BRDA:578,27,0,0
BRDA:578,27,1,0
BRF:75
BRH:0
end_of_record
TN:
SF:src\events\EventBus.ts
FN:53,(anonymous_0)
FN:60,(anonymous_1)
FN:86,(anonymous_2)
FN:96,(anonymous_3)
FN:104,(anonymous_4)
FN:111,(anonymous_5)
FN:134,(anonymous_6)
FN:150,(anonymous_7)
FN:168,(anonymous_8)
FN:187,(anonymous_9)
FN:208,(anonymous_10)
FN:292,(anonymous_11)
FN:330,(anonymous_12)
FN:340,(anonymous_13)
FN:368,(anonymous_14)
FN:379,(anonymous_15)
FN:396,(anonymous_16)
FN:407,(anonymous_17)
FNF:18
FNH:17
FNDA:30,(anonymous_0)
FNDA:22,(anonymous_1)
FNDA:19,(anonymous_2)
FNDA:0,(anonymous_3)
FNDA:26,(anonymous_4)
FNDA:15,(anonymous_5)
FNDA:30,(anonymous_6)
FNDA:5,(anonymous_7)
FNDA:22,(anonymous_8)
FNDA:1,(anonymous_9)
FNDA:30,(anonymous_10)
FNDA:30,(anonymous_11)
FNDA:22,(anonymous_12)
FNDA:21,(anonymous_13)
FNDA:15,(anonymous_14)
FNDA:1,(anonymous_15)
FNDA:26,(anonymous_16)
FNDA:1,(anonymous_17)
DA:21,3
DA:22,3
DA:23,3
DA:54,30
DA:55,30
DA:61,22
DA:62,22
DA:66,4
DA:67,3
DA:71,1
DA:72,0
DA:76,0
DA:80,1
DA:87,19
DA:94,19
DA:95,0
DA:96,0
DA:97,0
DA:105,26
DA:112,15
DA:123,30
DA:124,30
DA:125,30
DA:126,30
DA:135,30
DA:142,30
DA:144,30
DA:145,3
DA:146,3
DA:151,5
DA:152,3
DA:154,5
DA:172,22
DA:173,19
DA:176,22
DA:177,22
DA:179,22
DA:180,0
DA:187,22
DA:188,1
DA:189,1
DA:190,0
DA:192,1
DA:193,1
DA:209,30
DA:210,30
DA:212,30
DA:213,0
DA:216,30
DA:218,30
DA:221,27
DA:222,24
DA:225,24
DA:226,2
DA:227,0
DA:235,2
DA:236,2
DA:239,22
DA:241,22
DA:242,3
DA:243,0
DA:251,3
DA:252,3
DA:256,19
DA:260,22
DA:264,3
DA:266,3
DA:267,3
DA:269,0
DA:272,3
DA:282,3
DA:283,3
DA:293,30
DA:294,2
DA:297,28
DA:298,28
DA:300,26
DA:302,2
DA:304,0
DA:305,0
DA:308,3
DA:309,3
DA:310,3
DA:311,0
DA:320,3
DA:322,0
DA:331,22
DA:332,22
DA:333,4
DA:334,0
DA:336,4
DA:340,18
DA:341,21
DA:342,21
DA:345,2
DA:347,2
DA:358,18
DA:369,15
DA:380,1
DA:388,1
DA:389,0
DA:397,26
DA:399,26
DA:400,0
DA:408,1
DA:410,1
DA:411,0
DA:412,0
DA:424,3
DA:429,3
LF:110
LH:90
BRDA:62,0,0,18
BRDA:62,0,1,4
BRDA:66,1,0,3
BRDA:66,1,1,1
BRDA:71,2,0,0
BRDA:71,2,1,1
BRDA:94,3,0,0
BRDA:94,3,1,19
BRDA:134,4,0,3
BRDA:136,5,0,30
BRDA:136,5,1,29
BRDA:137,6,0,30
BRDA:137,6,1,29
BRDA:138,7,0,30
BRDA:138,7,1,3
BRDA:139,8,0,30
BRDA:139,8,1,30
BRDA:144,9,0,3
BRDA:144,9,1,27
BRDA:151,10,0,3
BRDA:151,10,1,2
BRDA:172,11,0,19
BRDA:172,11,1,3
BRDA:179,12,0,0
BRDA:179,12,1,22
BRDA:189,13,0,0
BRDA:189,13,1,1
BRDA:192,14,0,1
BRDA:192,14,1,0
BRDA:212,15,0,0
BRDA:212,15,1,30
BRDA:221,16,0,24
BRDA:221,16,1,3
BRDA:221,17,0,27
BRDA:221,17,1,26
BRDA:225,18,0,2
BRDA:225,18,1,22
BRDA:226,19,0,0
BRDA:226,19,1,2
BRDA:241,20,0,3
BRDA:241,20,1,19
BRDA:242,21,0,0
BRDA:242,21,1,3
BRDA:266,22,0,3
BRDA:266,22,1,0
BRDA:275,23,0,3
BRDA:275,23,1,0
BRDA:282,24,0,3
BRDA:282,24,1,0
BRDA:293,25,0,2
BRDA:293,25,1,28
BRDA:298,26,0,26
BRDA:298,26,1,2
BRDA:298,26,2,0
BRDA:308,27,0,3
BRDA:308,27,1,0
BRDA:309,28,0,3
BRDA:309,28,1,0
BRDA:310,29,0,0
BRDA:310,29,1,3
BRDA:332,30,0,4
BRDA:332,30,1,18
BRDA:332,31,0,22
BRDA:332,31,1,18
BRDA:333,32,0,0
BRDA:333,32,1,4
BRDA:350,33,0,2
BRDA:350,33,1,0
BRDA:351,34,0,2
BRDA:351,34,1,1
BRDA:388,35,0,0
BRDA:388,35,1,1
BRDA:399,36,0,0
BRDA:399,36,1,26
BRDA:410,37,0,0
BRDA:410,37,1,1
BRF:76
BRH:56
end_of_record
TN:
SF:src\events\types.ts
FN:98,(anonymous_0)
FN:106,(anonymous_1)
FN:118,(anonymous_2)
FNF:3
FNH:2
FNDA:3,(anonymous_0)
FNDA:5,(anonymous_1)
FNDA:0,(anonymous_2)
DA:14,3
DA:23,3
DA:35,3
DA:56,3
DA:82,3
DA:97,3
DA:99,3
DA:100,3
DA:101,3
DA:104,3
DA:105,3
DA:106,5
DA:109,3
DA:110,3
DA:117,3
DA:119,0
DA:120,0
DA:121,0
DA:123,0
DA:124,0
LF:20
LH:15
BRDA:104,0,0,3
BRDA:104,0,1,0
BRDA:105,1,0,3
BRDA:105,1,1,0
BRF:4
BRH:2
end_of_record
TN:
SF:src\hooks\index.ts
FN:2,(anonymous_0)
FN:3,(anonymous_1)
FN:4,(anonymous_2)
FNF:3
FNH:0
FNDA:0,(anonymous_0)
FNDA:0,(anonymous_1)
FNDA:0,(anonymous_2)
DA:2,0
DA:3,0
DA:4,0
LF:3
LH:0
BRF:0
BRH:0
end_of_record
TN:
SF:src\hooks\useConfigManager.ts
FN:10,(anonymous_0)
FN:11,(anonymous_1)
FN:12,(anonymous_2)
FN:20,(anonymous_3)
FN:28,(anonymous_4)
FN:29,(anonymous_5)
FN:50,(anonymous_6)
FN:57,(anonymous_7)
FN:62,(anonymous_8)
FNF:9
FNH:0
FNDA:0,(anonymous_0)
FNDA:0,(anonymous_1)
FNDA:0,(anonymous_2)
FNDA:0,(anonymous_3)
FNDA:0,(anonymous_4)
FNDA:0,(anonymous_5)
FNDA:0,(anonymous_6)
FNDA:0,(anonymous_7)
FNDA:0,(anonymous_8)
DA:1,0
DA:2,0
DA:3,0
DA:4,0
DA:5,0
DA:10,0
DA:11,0
DA:12,0
DA:13,0
DA:16,0
DA:17,0
DA:20,0
DA:22,0
DA:23,0
DA:27,0
DA:28,0
DA:29,0
DA:33,0
DA:34,0
DA:35,0
DA:38,0
DA:41,0
DA:46,0
DA:50,0
DA:52,0
DA:53,0
DA:57,0
DA:58,0
DA:62,0
DA:63,0
DA:64,0
DA:69,0
LF:32
LH:0
BRDA:22,0,0,0
BRDA:22,0,1,0
BRDA:22,1,0,0
BRDA:22,1,1,0
BRDA:33,2,0,0
BRDA:33,2,1,0
BRDA:52,3,0,0
BRDA:52,3,1,0
BRDA:63,4,0,0
BRDA:63,4,1,0
BRDA:72,5,0,0
BRDA:72,5,1,0
BRF:12
BRH:0
end_of_record
TN:
SF:src\hooks\useErrorManagement.ts
FN:38,(anonymous_0)
FN:46,(anonymous_1)
FN:72,(anonymous_2)
FN:111,(anonymous_3)
FN:115,(anonymous_4)
FN:136,(anonymous_5)
FN:138,(anonymous_6)
FN:140,(anonymous_7)
FN:153,(anonymous_8)
FN:160,(anonymous_9)
FN:167,(anonymous_10)
FN:212,(anonymous_11)
FN:220,(anonymous_12)
FN:222,(anonymous_13)
FN:223,(anonymous_14)
FNF:15
FNH:0
FNDA:0,(anonymous_0)
FNDA:0,(anonymous_1)
FNDA:0,(anonymous_2)
FNDA:0,(anonymous_3)
FNDA:0,(anonymous_4)
FNDA:0,(anonymous_5)
FNDA:0,(anonymous_6)
FNDA:0,(anonymous_7)
FNDA:0,(anonymous_8)
FNDA:0,(anonymous_9)
FNDA:0,(anonymous_10)
FNDA:0,(anonymous_11)
FNDA:0,(anonymous_12)
FNDA:0,(anonymous_13)
FNDA:0,(anonymous_14)
DA:1,0
DA:2,0
DA:38,0
DA:39,0
DA:40,0
DA:41,0
DA:46,0
DA:56,0
DA:57,0
DA:59,0
DA:71,0
DA:72,0
DA:73,0
DA:74,0
DA:78,0
DA:79,0
DA:80,0
DA:91,0
DA:95,0
DA:96,0
DA:98,0
DA:99,0
DA:101,0
DA:105,0
DA:111,0
DA:112,0
DA:114,0
DA:115,0
DA:116,0
DA:118,0
DA:119,0
DA:121,0
DA:124,0
DA:127,0
DA:129,0
DA:136,0
DA:137,0
DA:138,0
DA:139,0
DA:140,0
DA:141,0
DA:143,0
DA:146,0
DA:153,0
DA:154,0
DA:160,0
DA:161,0
DA:167,0
DA:168,0
DA:169,0
DA:171,0
DA:172,0
DA:174,0
DA:175,0
DA:176,0
DA:178,0
DA:179,0
DA:180,0
DA:182,0
DA:183,0
DA:184,0
DA:186,0
DA:187,0
DA:188,0
DA:190,0
DA:191,0
DA:192,0
DA:194,0
DA:196,0
DA:197,0
DA:200,0
DA:212,0
DA:213,0
DA:214,0
DA:220,0
DA:221,0
DA:222,0
DA:223,0
DA:225,0
DA:233,0
DA:255,0
LF:81
LH:0
BRDA:56,0,0,0
BRDA:56,0,1,0
BRDA:57,1,0,0
BRDA:57,1,1,0
BRDA:63,2,0,0
BRDA:63,2,1,0
BRDA:65,3,0,0
BRDA:65,3,1,0
BRDA:67,4,0,0
BRDA:67,4,1,0
BRDA:79,5,0,0
BRDA:79,5,1,0
BRDA:95,6,0,0
BRDA:95,6,1,0
BRDA:96,7,0,0
BRDA:96,7,1,0
BRDA:98,8,0,0
BRDA:98,8,1,0
BRDA:98,9,0,0
BRDA:98,9,1,0
BRDA:112,10,0,0
BRDA:112,10,1,0
BRDA:116,11,0,0
BRDA:116,11,1,0
BRDA:118,12,0,0
BRDA:118,12,1,0
BRDA:137,13,0,0
BRDA:137,13,1,0
BRDA:171,14,0,0
BRDA:171,14,1,0
BRDA:172,15,0,0
BRDA:172,15,1,0
BRDA:172,15,2,0
BRDA:172,15,3,0
BRDA:172,15,4,0
BRDA:172,15,5,0
BRDA:196,16,0,0
BRDA:196,16,1,0
BRDA:202,17,0,0
BRDA:202,17,1,0
BRF:40
BRH:0
end_of_record
TN:
SF:src\hooks\useKeyboardShortcuts.ts
FN:18,(anonymous_0)
FN:19,(anonymous_1)
FN:20,(anonymous_2)
FN:38,(anonymous_3)
FNF:4
FNH:0
FNDA:0,(anonymous_0)
FNDA:0,(anonymous_1)
FNDA:0,(anonymous_2)
FNDA:0,(anonymous_3)
DA:1,0
DA:18,0
DA:19,0
DA:20,0
DA:21,0
DA:22,0
DA:23,0
DA:24,0
DA:25,0
DA:26,0
DA:28,0
DA:29,0
DA:30,0
DA:31,0
DA:36,0
DA:38,0
DA:39,0
DA:47,0
LF:18
LH:0
BRDA:22,0,0,0
BRDA:22,0,1,0
BRDA:22,1,0,0
BRDA:22,1,1,0
BRDA:23,2,0,0
BRDA:23,2,1,0
BRDA:24,3,0,0
BRDA:24,3,1,0
BRDA:25,4,0,0
BRDA:25,4,1,0
BRDA:28,5,0,0
BRDA:28,5,1,0
BRDA:28,6,0,0
BRDA:28,6,1,0
BRDA:28,6,2,0
BRDA:28,6,3,0
BRDA:28,6,4,0
BRF:17
BRH:0
end_of_record
TN:
SF:src\hooks\useKeywordManager.ts
FN:9,(anonymous_0)
FN:10,(anonymous_1)
FN:11,(anonymous_2)
FN:12,(anonymous_3)
FN:13,(anonymous_4)
FN:14,(anonymous_5)
FN:15,(anonymous_6)
FN:16,(anonymous_7)
FN:17,(anonymous_8)
FN:22,(anonymous_9)
FN:30,(anonymous_10)
FN:38,(anonymous_11)
FN:46,(anonymous_12)
FN:53,(anonymous_13)
FNF:14
FNH:0
FNDA:0,(anonymous_0)
FNDA:0,(anonymous_1)
FNDA:0,(anonymous_2)
FNDA:0,(anonymous_3)
FNDA:0,(anonymous_4)
FNDA:0,(anonymous_5)
FNDA:0,(anonymous_6)
FNDA:0,(anonymous_7)
FNDA:0,(anonymous_8)
FNDA:0,(anonymous_9)
FNDA:0,(anonymous_10)
FNDA:0,(anonymous_11)
FNDA:0,(anonymous_12)
FNDA:0,(anonymous_13)
DA:1,2
DA:2,2
DA:3,2
DA:9,2
DA:10,0
DA:11,0
DA:12,0
DA:13,0
DA:14,0
DA:15,0
DA:16,0
DA:17,0
DA:22,0
DA:23,0
DA:24,0
DA:30,0
DA:31,0
DA:32,0
DA:38,0
DA:39,0
DA:40,0
DA:46,0
DA:47,0
DA:53,0
DA:54,0
DA:55,0
DA:57,0
DA:61,0
LF:28
LH:4
BRDA:54,0,0,0
BRDA:54,0,1,0
BRF:2
BRH:0
end_of_record
TN:
SF:src\hooks\useQueryErrorHandler.ts
FN:8,(anonymous_0)
FN:14,(anonymous_1)
FN:40,(anonymous_2)
FN:63,(anonymous_3)
FN:64,(anonymous_4)
FN:70,(anonymous_5)
FN:71,(anonymous_6)
FN:77,(anonymous_7)
FN:99,(anonymous_8)
FNF:9
FNH:0
FNDA:0,(anonymous_0)
FNDA:0,(anonymous_1)
FNDA:0,(anonymous_2)
FNDA:0,(anonymous_3)
FNDA:0,(anonymous_4)
FNDA:0,(anonymous_5)
FNDA:0,(anonymous_6)
FNDA:0,(anonymous_7)
FNDA:0,(anonymous_8)
DA:1,0
DA:2,0
DA:8,0
DA:9,0
DA:14,0
DA:20,0
DA:23,0
DA:24,0
DA:28,0
DA:40,0
DA:45,0
DA:47,0
DA:48,0
DA:51,0
DA:63,0
DA:64,0
DA:70,0
DA:71,0
DA:77,0
DA:79,0
DA:80,0
DA:84,0
DA:85,0
DA:89,0
DA:90,0
DA:93,0
DA:99,0
DA:100,0
DA:103,0
DA:113,0
LF:30
LH:0
BRDA:23,0,0,0
BRDA:23,0,1,0
BRDA:23,1,0,0
BRDA:23,1,1,0
BRDA:30,2,0,0
BRDA:30,2,1,0
BRDA:47,3,0,0
BRDA:47,3,1,0
BRDA:47,4,0,0
BRDA:47,4,1,0
BRDA:53,5,0,0
BRDA:53,5,1,0
BRDA:79,6,0,0
BRDA:79,6,1,0
BRDA:84,7,0,0
BRDA:84,7,1,0
BRDA:84,8,0,0
BRDA:84,8,1,0
BRDA:89,9,0,0
BRDA:89,9,1,0
BRDA:89,10,0,0
BRDA:89,10,1,0
BRF:22
BRH:0
end_of_record
TN:
SF:src\hooks\useResourceManager.ts
FN:7,(anonymous_0)
FN:14,(anonymous_1)
FN:21,(anonymous_2)
FN:25,(anonymous_3)
FN:31,(anonymous_4)
FN:37,(anonymous_5)
FN:47,(anonymous_6)
FN:59,(anonymous_7)
FN:60,(anonymous_8)
FN:70,(anonymous_9)
FN:77,(anonymous_10)
FN:79,(anonymous_11)
FN:86,(anonymous_12)
FN:91,(anonymous_13)
FN:99,(anonymous_14)
FN:104,(anonymous_15)
FN:122,(anonymous_16)
FN:131,(anonymous_17)
FN:135,(anonymous_18)
FN:142,(anonymous_19)
FN:154,(anonymous_20)
FN:162,(anonymous_21)
FN:166,(anonymous_22)
FN:180,(anonymous_23)
FN:186,(anonymous_24)
FN:196,(anonymous_25)
FN:214,(anonymous_26)
FN:218,(anonymous_27)
FNF:28
FNH:25
FNDA:10,(anonymous_0)
FNDA:10,(anonymous_1)
FNDA:10,(anonymous_2)
FNDA:4,(anonymous_3)
FNDA:2,(anonymous_4)
FNDA:2,(anonymous_5)
FNDA:1,(anonymous_6)
FNDA:11,(anonymous_7)
FNDA:3,(anonymous_8)
FNDA:3,(anonymous_9)
FNDA:2,(anonymous_10)
FNDA:0,(anonymous_11)
FNDA:1,(anonymous_12)
FNDA:1,(anonymous_13)
FNDA:4,(anonymous_14)
FNDA:1,(anonymous_15)
FNDA:4,(anonymous_16)
FNDA:4,(anonymous_17)
FNDA:7,(anonymous_18)
FNDA:2,(anonymous_19)
FNDA:1,(anonymous_20)
FNDA:1,(anonymous_21)
FNDA:4,(anonymous_22)
FNDA:3,(anonymous_23)
FNDA:3,(anonymous_24)
FNDA:3,(anonymous_25)
FNDA:0,(anonymous_26)
FNDA:0,(anonymous_27)
DA:1,1
DA:2,1
DA:7,1
DA:8,10
DA:9,10
DA:10,10
DA:11,10
DA:14,10
DA:16,10
DA:17,10
DA:18,10
DA:19,10
DA:21,10
DA:22,10
DA:25,10
DA:26,4
DA:28,10
DA:31,10
DA:32,2
DA:34,10
DA:37,10
DA:38,2
DA:39,2
DA:41,0
DA:44,10
DA:47,10
DA:48,1
DA:49,1
DA:51,0
DA:54,10
DA:59,10
DA:60,11
DA:61,3
DA:62,3
DA:65,11
DA:66,11
DA:70,10
DA:71,3
DA:72,3
DA:73,3
DA:77,10
DA:78,2
DA:79,2
DA:80,0
DA:81,0
DA:86,10
DA:87,1
DA:88,1
DA:91,1
DA:92,1
DA:95,1
DA:99,10
DA:100,4
DA:101,4
DA:104,10
DA:105,1
DA:106,1
DA:109,10
DA:122,1
DA:126,4
DA:127,4
DA:128,4
DA:131,4
DA:132,4
DA:135,4
DA:137,7
DA:138,3
DA:142,7
DA:143,2
DA:144,2
DA:148,4
DA:154,1
DA:158,1
DA:159,1
DA:162,1
DA:163,1
DA:166,1
DA:167,4
DA:168,4
DA:169,2
DA:170,2
DA:174,1
DA:180,1
DA:184,3
DA:186,3
DA:188,3
DA:189,3
DA:190,3
DA:191,1
DA:196,3
DA:198,3
DA:199,1
DA:200,1
DA:204,3
DA:205,3
DA:214,1
DA:215,0
DA:216,0
DA:218,0
DA:221,0
DA:223,0
DA:224,0
DA:225,0
DA:227,0
DA:228,0
DA:230,0
DA:232,0
DA:234,0
DA:235,0
DA:236,0
DA:239,0
DA:243,0
LF:112
LH:92
BRDA:137,0,0,3
BRDA:137,0,1,4
BRDA:168,1,0,2
BRDA:168,1,1,2
BRDA:188,2,0,3
BRDA:188,2,1,0
BRDA:190,3,0,1
BRDA:190,3,1,2
BRDA:198,4,0,1
BRDA:198,4,1,2
BRDA:204,5,0,3
BRDA:204,5,1,0
BRDA:234,6,0,0
BRDA:234,6,1,0
BRF:14
BRH:10
end_of_record
TN:
SF:src\hooks\useServerQueries.ts
FN:15,(anonymous_0)
FN:27,(anonymous_1)
FN:28,(anonymous_2)
FN:29,(anonymous_3)
FN:33,(anonymous_4)
FN:49,(anonymous_5)
FN:56,(anonymous_6)
FN:58,(anonymous_7)
FN:61,(anonymous_8)
FN:66,(anonymous_9)
FN:71,(anonymous_10)
FN:87,(anonymous_11)
FN:88,(anonymous_12)
FN:91,(anonymous_13)
FN:96,(anonymous_14)
FN:99,(anonymous_15)
FN:111,(anonymous_16)
FN:113,(anonymous_17)
FN:114,(anonymous_18)
FN:115,(anonymous_19)
FN:118,(anonymous_20)
FN:123,(anonymous_21)
FN:140,(anonymous_22)
FN:147,(anonymous_23)
FN:165,(anonymous_24)
FN:167,(anonymous_25)
FN:170,(anonymous_26)
FN:175,(anonymous_27)
FN:182,(anonymous_28)
FN:194,(anonymous_29)
FN:196,(anonymous_30)
FN:197,(anonymous_31)
FN:198,(anonymous_32)
FN:199,(anonymous_33)
FN:200,(anonymous_34)
FN:203,(anonymous_35)
FN:208,(anonymous_36)
FN:216,(anonymous_37)
FN:230,(anonymous_38)
FN:242,(anonymous_39)
FN:243,(anonymous_40)
FN:244,(anonymous_41)
FN:247,(anonymous_42)
FN:262,(anonymous_43)
FN:267,(anonymous_44)
FN:270,(anonymous_45)
FN:291,(anonymous_46)
FN:292,(anonymous_47)
FN:295,(anonymous_48)
FN:300,(anonymous_49)
FN:305,(anonymous_50)
FN:316,(anonymous_51)
FN:317,(anonymous_52)
FN:320,(anonymous_53)
FN:325,(anonymous_54)
FN:328,(anonymous_55)
FNF:56
FNH:13
FNDA:0,(anonymous_0)
FNDA:7,(anonymous_1)
FNDA:26,(anonymous_2)
FNDA:25,(anonymous_3)
FNDA:5,(anonymous_4)
FNDA:1,(anonymous_5)
FNDA:0,(anonymous_6)
FNDA:0,(anonymous_7)
FNDA:0,(anonymous_8)
FNDA:0,(anonymous_9)
FNDA:0,(anonymous_10)
FNDA:0,(anonymous_11)
FNDA:0,(anonymous_12)
FNDA:0,(anonymous_13)
FNDA:0,(anonymous_14)
FNDA:0,(anonymous_15)
FNDA:5,(anonymous_16)
FNDA:19,(anonymous_17)
FNDA:22,(anonymous_18)
FNDA:19,(anonymous_19)
FNDA:4,(anonymous_20)
FNDA:4,(anonymous_21)
FNDA:3,(anonymous_22)
FNDA:3,(anonymous_23)
FNDA:0,(anonymous_24)
FNDA:0,(anonymous_25)
FNDA:0,(anonymous_26)
FNDA:0,(anonymous_27)
FNDA:0,(anonymous_28)
FNDA:0,(anonymous_29)
FNDA:0,(anonymous_30)
FNDA:0,(anonymous_31)
FNDA:0,(anonymous_32)
FNDA:0,(anonymous_33)
FNDA:0,(anonymous_34)
FNDA:0,(anonymous_35)
FNDA:0,(anonymous_36)
FNDA:0,(anonymous_37)
FNDA:0,(anonymous_38)
FNDA:0,(anonymous_39)
FNDA:0,(anonymous_40)
FNDA:0,(anonymous_41)
FNDA:0,(anonymous_42)
FNDA:0,(anonymous_43)
FNDA:0,(anonymous_44)
FNDA:0,(anonymous_45)
FNDA:0,(anonymous_46)
FNDA:0,(anonymous_47)
FNDA:0,(anonymous_48)
FNDA:0,(anonymous_49)
FNDA:0,(anonymous_50)
FNDA:0,(anonymous_51)
FNDA:0,(anonymous_52)
FNDA:0,(anonymous_53)
FNDA:0,(anonymous_54)
FNDA:0,(anonymous_55)
DA:1,1
DA:2,1
DA:3,1
DA:4,1
DA:5,1
DA:6,1
DA:12,1
DA:15,0
DA:27,1
DA:28,26
DA:29,25
DA:31,7
DA:34,5
DA:35,5
DA:38,4
DA:39,4
DA:41,4
DA:42,4
DA:45,4
DA:49,1
DA:56,1
DA:57,0
DA:58,0
DA:60,0
DA:62,0
DA:63,0
DA:64,0
DA:68,0
DA:69,0
DA:72,0
DA:73,0
DA:87,1
DA:88,0
DA:90,0
DA:92,0
DA:93,0
DA:94,0
DA:97,0
DA:100,0
DA:101,0
DA:111,1
DA:112,5
DA:113,19
DA:114,22
DA:115,19
DA:117,5
DA:119,4
DA:120,4
DA:121,3
DA:125,4
DA:126,4
DA:135,4
DA:136,4
DA:138,4
DA:141,3
DA:142,3
DA:145,0
DA:148,3
DA:149,3
DA:152,3
DA:153,3
DA:154,3
DA:165,1
DA:166,0
DA:167,0
DA:169,0
DA:171,0
DA:172,0
DA:173,0
DA:176,0
DA:177,0
DA:180,0
DA:183,0
DA:184,0
DA:194,1
DA:195,0
DA:196,0
DA:197,0
DA:198,0
DA:199,0
DA:200,0
DA:202,0
DA:204,0
DA:205,0
DA:206,0
DA:209,0
DA:212,0
DA:215,0
DA:216,0
DA:217,0
DA:218,0
DA:220,0
DA:224,0
DA:227,0
DA:228,0
DA:231,0
DA:232,0
DA:242,1
DA:243,0
DA:244,0
DA:246,0
DA:248,0
DA:250,0
DA:251,0
DA:257,0
DA:260,0
DA:264,0
DA:265,0
DA:268,0
DA:271,0
DA:272,0
DA:275,0
DA:276,0
DA:291,1
DA:292,0
DA:294,0
DA:296,0
DA:297,0
DA:298,0
DA:301,0
DA:302,0
DA:305,0
DA:316,1
DA:317,0
DA:319,0
DA:321,0
DA:322,0
DA:323,0
DA:326,0
DA:329,0
DA:330,0
LF:131
LH:47
BRDA:38,0,0,4
BRDA:38,0,1,0
BRDA:41,1,0,4
BRDA:41,1,1,0
BRDA:125,2,0,4
BRDA:125,2,1,0
BRDA:152,3,0,3
BRDA:152,3,1,0
BRDA:215,4,0,0
BRDA:215,4,1,0
BRDA:217,5,0,0
BRDA:217,5,1,0
BRDA:250,6,0,0
BRDA:250,6,1,0
BRDA:268,7,0,0
BRDA:268,7,1,0
BRDA:275,8,0,0
BRDA:275,8,1,0
BRF:18
BRH:4
end_of_record
TN:
SF:src\hooks\useStateSynchronization.ts
FN:70,useStateSynchronization
FN:72,(anonymous_1)
FN:73,(anonymous_2)
FN:74,(anonymous_3)
FN:75,(anonymous_4)
FN:76,(anonymous_5)
FN:77,(anonymous_6)
FN:97,(anonymous_7)
FN:101,(anonymous_8)
FN:103,(anonymous_9)
FN:114,(anonymous_10)
FN:129,(anonymous_11)
FN:138,(anonymous_12)
FN:139,(anonymous_13)
FN:148,(anonymous_14)
FN:160,(anonymous_15)
FN:166,(anonymous_16)
FN:167,(anonymous_17)
FN:175,(anonymous_18)
FN:184,(anonymous_19)
FN:190,(anonymous_20)
FN:197,(anonymous_21)
FN:208,(anonymous_22)
FN:229,(anonymous_23)
FN:236,(anonymous_24)
FN:246,(anonymous_25)
FN:254,(anonymous_26)
FN:264,(anonymous_27)
FN:275,(anonymous_28)
FN:285,(anonymous_29)
FN:286,(anonymous_30)
FN:299,(anonymous_31)
FN:300,(anonymous_32)
FN:315,(anonymous_33)
FN:317,(anonymous_34)
FN:327,(anonymous_35)
FN:330,(anonymous_36)
FN:337,(anonymous_37)
FN:346,(anonymous_38)
FN:351,(anonymous_39)
FN:353,(anonymous_40)
FNF:41
FNH:0
FNDA:0,useStateSynchronization
FNDA:0,(anonymous_1)
FNDA:0,(anonymous_2)
FNDA:0,(anonymous_3)
FNDA:0,(anonymous_4)
FNDA:0,(anonymous_5)
FNDA:0,(anonymous_6)
FNDA:0,(anonymous_7)
FNDA:0,(anonymous_8)
FNDA:0,(anonymous_9)
FNDA:0,(anonymous_10)
FNDA:0,(anonymous_11)
FNDA:0,(anonymous_12)
FNDA:0,(anonymous_13)
FNDA:0,(anonymous_14)
FNDA:0,(anonymous_15)
FNDA:0,(anonymous_16)
FNDA:0,(anonymous_17)
FNDA:0,(anonymous_18)
FNDA:0,(anonymous_19)
FNDA:0,(anonymous_20)
FNDA:0,(anonymous_21)
FNDA:0,(anonymous_22)
FNDA:0,(anonymous_23)
FNDA:0,(anonymous_24)
FNDA:0,(anonymous_25)
FNDA:0,(anonymous_26)
FNDA:0,(anonymous_27)
FNDA:0,(anonymous_28)
FNDA:0,(anonymous_29)
FNDA:0,(anonymous_30)
FNDA:0,(anonymous_31)
FNDA:0,(anonymous_32)
FNDA:0,(anonymous_33)
FNDA:0,(anonymous_34)
FNDA:0,(anonymous_35)
FNDA:0,(anonymous_36)
FNDA:0,(anonymous_37)
FNDA:0,(anonymous_38)
FNDA:0,(anonymous_39)
FNDA:0,(anonymous_40)
DA:10,0
DA:11,0
DA:12,0
DA:13,0
DA:14,0
DA:15,0
DA:63,0
DA:64,0
DA:70,0
DA:72,0
DA:73,0
DA:74,0
DA:75,0
DA:76,0
DA:77,0
DA:80,0
DA:89,0
DA:90,0
DA:91,0
DA:97,0
DA:98,0
DA:100,0
DA:101,0
DA:103,0
DA:104,0
DA:105,0
DA:114,0
DA:115,0
DA:116,0
DA:118,0
DA:119,0
DA:121,0
DA:122,0
DA:123,0
DA:124,0
DA:125,0
DA:129,0
DA:135,0
DA:138,0
DA:139,0
DA:142,0
DA:150,0
DA:151,0
DA:155,0
DA:158,0
DA:160,0
DA:166,0
DA:167,0
DA:169,0
DA:176,0
DA:177,0
DA:181,0
DA:182,0
DA:184,0
DA:190,0
DA:191,0
DA:192,0
DA:194,0
DA:195,0
DA:197,0
DA:208,0
DA:209,0
DA:211,0
DA:212,0
DA:215,0
DA:216,0
DA:217,0
DA:218,0
DA:219,0
DA:220,0
DA:221,0
DA:222,0
DA:226,0
DA:229,0
DA:230,0
DA:231,0
DA:233,0
DA:234,0
DA:236,0
DA:239,0
DA:241,0
DA:242,0
DA:244,0
DA:246,0
DA:247,0
DA:248,0
DA:249,0
DA:251,0
DA:252,0
DA:254,0
DA:255,0
DA:256,0
DA:257,0
DA:259,0
DA:260,0
DA:262,0
DA:264,0
DA:265,0
DA:266,0
DA:268,0
DA:269,0
DA:272,0
DA:275,0
DA:285,0
DA:286,0
DA:292,0
DA:293,0
DA:294,0
DA:295,0
DA:299,0
DA:300,0
DA:304,0
DA:307,0
DA:315,0
DA:316,0
DA:317,0
DA:318,0
DA:319,0
DA:327,0
DA:329,0
DA:330,0
DA:331,0
DA:332,0
DA:333,0
DA:337,0
DA:339,0
DA:346,0
DA:348,0
DA:349,0
DA:351,0
DA:353,0
DA:354,0
DA:356,0
DA:358,0
DA:359,0
DA:364,0
DA:376,0
LF:137
LH:0
BRDA:100,0,0,0
BRDA:100,0,1,0
BRDA:116,1,0,0
BRDA:116,1,1,0
BRDA:121,2,0,0
BRDA:121,2,1,0
BRDA:122,3,0,0
BRDA:122,3,1,0
BRDA:124,4,0,0
BRDA:124,4,1,0
BRDA:145,5,0,0
BRDA:145,5,1,0
BRDA:172,6,0,0
BRDA:172,6,1,0
BRDA:192,7,0,0
BRDA:192,7,1,0
BRDA:211,8,0,0
BRDA:211,8,1,0
BRDA:216,9,0,0
BRDA:216,9,1,0
BRDA:217,10,0,0
BRDA:217,10,1,0
BRDA:218,11,0,0
BRDA:218,11,1,0
BRDA:219,12,0,0
BRDA:219,12,1,0
BRDA:220,13,0,0
BRDA:220,13,1,0
BRDA:221,14,0,0
BRDA:221,14,1,0
BRDA:233,15,0,0
BRDA:233,15,1,0
BRDA:241,16,0,0
BRDA:241,16,1,0
BRDA:251,17,0,0
BRDA:251,17,1,0
BRDA:259,18,0,0
BRDA:259,18,1,0
BRDA:268,19,0,0
BRDA:268,19,1,0
BRDA:289,20,0,0
BRDA:289,20,1,0
BRDA:292,21,0,0
BRDA:292,21,1,0
BRDA:294,22,0,0
BRDA:294,22,1,0
BRDA:294,23,0,0
BRDA:294,23,1,0
BRDA:316,24,0,0
BRDA:316,24,1,0
BRDA:316,25,0,0
BRDA:316,25,1,0
BRDA:329,26,0,0
BRDA:329,26,1,0
BRDA:329,27,0,0
BRDA:329,27,1,0
BRDA:358,28,0,0
BRDA:358,28,1,0
BRF:58
BRH:0
end_of_record
TN:
SF:src\hooks\useTaskManager.ts
FN:11,(anonymous_0)
FN:12,(anonymous_1)
FN:13,(anonymous_2)
FN:14,(anonymous_3)
FN:15,(anonymous_4)
FN:16,(anonymous_5)
FN:17,(anonymous_6)
FN:22,(anonymous_7)
FN:30,(anonymous_8)
FNF:9
FNH:0
FNDA:0,(anonymous_0)
FNDA:0,(anonymous_1)
FNDA:0,(anonymous_2)
FNDA:0,(anonymous_3)
FNDA:0,(anonymous_4)
FNDA:0,(anonymous_5)
FNDA:0,(anonymous_6)
FNDA:0,(anonymous_7)
FNDA:0,(anonymous_8)
DA:1,0
DA:2,0
DA:3,0
DA:4,0
DA:11,0
DA:12,0
DA:13,0
DA:14,0
DA:15,0
DA:16,0
DA:17,0
DA:22,0
DA:23,0
DA:24,0
DA:30,0
DA:31,0
DA:32,0
DA:34,0
DA:35,0
DA:37,0
DA:41,0
LF:21
LH:0
BRF:0
BRH:0
end_of_record
TN:
SF:src\hooks\useToast.ts
FN:29,(anonymous_1)
FN:30,(anonymous_2)
FN:54,(anonymous_3)
FN:62,(anonymous_4)
FNF:4
FNH:0
FNDA:0,(anonymous_1)
FNDA:0,(anonymous_2)
FNDA:0,(anonymous_3)
FNDA:0,(anonymous_4)
DA:12,0
DA:29,0
DA:30,0
DA:31,0
DA:37,0
DA:39,0
DA:41,0
DA:43,0
DA:48,0
DA:50,0
DA:54,0
DA:55,0
DA:56,0
DA:58,0
DA:62,0
DA:71,0
DA:74,0
LF:17
LH:0
BRDA:32,0,0,0
BRDA:32,0,1,0
BRDA:37,1,0,0
BRDA:37,1,1,0
BRDA:37,1,2,0
BRDA:37,1,3,0
BRDA:37,1,4,0
BRDA:55,2,0,0
BRDA:55,2,1,0
BRF:9
BRH:0
end_of_record
TN:
SF:src\hooks\useToastManager.ts
FN:9,(anonymous_1)
FN:11,(anonymous_2)
FN:27,(anonymous_3)
FN:32,(anonymous_4)
FN:37,(anonymous_5)
FN:42,(anonymous_6)
FN:47,(anonymous_7)
FNF:7
FNH:0
FNDA:0,(anonymous_1)
FNDA:0,(anonymous_2)
FNDA:0,(anonymous_3)
FNDA:0,(anonymous_4)
FNDA:0,(anonymous_5)
FNDA:0,(anonymous_6)
FNDA:0,(anonymous_7)
DA:1,0
DA:2,0
DA:9,0
DA:11,0
DA:12,0
DA:14,0
DA:16,0
DA:18,0
DA:20,0
DA:22,0
DA:27,0
DA:28,0
DA:32,0
DA:33,0
DA:37,0
DA:38,0
DA:42,0
DA:43,0
DA:47,0
DA:48,0
DA:51,0
LF:21
LH:0
BRDA:11,0,0,0
BRDA:14,1,0,0
BRDA:14,1,1,0
BRDA:14,1,2,0
BRDA:14,1,3,0
BRDA:28,2,0,0
BRDA:28,2,1,0
BRDA:33,3,0,0
BRDA:33,3,1,0
BRDA:38,4,0,0
BRDA:38,4,1,0
BRF:11
BRH:0
end_of_record
TN:
SF:src\hooks\useWebSocket.ts
FN:64,useWebSocket
FN:99,(anonymous_1)
FN:104,(anonymous_2)
FN:108,(anonymous_3)
FN:110,(anonymous_4)
FN:111,(anonymous_5)
FN:124,(anonymous_6)
FN:126,(anonymous_7)
FN:130,(anonymous_8)
FN:145,(anonymous_9)
FN:157,(anonymous_10)
FN:161,(anonymous_11)
FN:165,(anonymous_12)
FN:170,(anonymous_13)
FN:174,(anonymous_14)
FN:178,(anonymous_15)
FN:212,useWorkspaceEvents
FN:233,(anonymous_17)
FN:244,(anonymous_18)
FN:274,(anonymous_19)
FN:278,(anonymous_20)
FNF:21
FNH:0
FNDA:0,useWebSocket
FNDA:0,(anonymous_1)
FNDA:0,(anonymous_2)
FNDA:0,(anonymous_3)
FNDA:0,(anonymous_4)
FNDA:0,(anonymous_5)
FNDA:0,(anonymous_6)
FNDA:0,(anonymous_7)
FNDA:0,(anonymous_8)
FNDA:0,(anonymous_9)
FNDA:0,(anonymous_10)
FNDA:0,(anonymous_11)
FNDA:0,(anonymous_12)
FNDA:0,(anonymous_13)
FNDA:0,(anonymous_14)
FNDA:0,(anonymous_15)
FNDA:0,useWorkspaceEvents
FNDA:0,(anonymous_17)
FNDA:0,(anonymous_18)
FNDA:0,(anonymous_19)
FNDA:0,(anonymous_20)
DA:10,0
DA:11,0
DA:64,0
DA:72,0
DA:75,0
DA:76,0
DA:83,0
DA:91,0
DA:92,0
DA:95,0
DA:96,0
DA:99,0
DA:100,0
DA:104,0
DA:105,0
DA:108,0
DA:110,0
DA:111,0
DA:114,0
DA:117,0
DA:118,0
DA:119,0
DA:120,0
DA:124,0
DA:125,0
DA:126,0
DA:127,0
DA:130,0
DA:131,0
DA:132,0
DA:135,0
DA:136,0
DA:137,0
DA:140,0
DA:141,0
DA:145,0
DA:146,0
DA:147,0
DA:148,0
DA:149,0
DA:151,0
DA:157,0
DA:158,0
DA:161,0
DA:162,0
DA:165,0
DA:166,0
DA:170,0
DA:171,0
DA:174,0
DA:175,0
DA:178,0
DA:179,0
DA:182,0
DA:212,0
DA:221,0
DA:224,0
DA:233,0
DA:234,0
DA:244,0
DA:245,0
DA:247,0
DA:248,0
DA:249,0
DA:250,0
DA:251,0
DA:252,0
DA:253,0
DA:254,0
DA:255,0
DA:256,0
DA:257,0
DA:258,0
DA:259,0
DA:260,0
DA:261,0
DA:262,0
DA:263,0
DA:264,0
DA:268,0
DA:274,0
DA:275,0
DA:276,0
DA:278,0
DA:279,0
DA:284,0
LF:86
LH:0
BRDA:64,0,0,0
BRDA:67,1,0,0
BRDA:110,2,0,0
BRDA:110,2,1,0
BRDA:111,3,0,0
BRDA:111,3,1,0
BRDA:117,4,0,0
BRDA:117,4,1,0
BRDA:126,5,0,0
BRDA:126,5,1,0
BRDA:140,6,0,0
BRDA:140,6,1,0
BRDA:146,7,0,0
BRDA:146,7,1,0
BRDA:171,8,0,0
BRDA:171,8,1,0
BRDA:212,9,0,0
BRDA:214,10,0,0
BRDA:247,11,0,0
BRDA:247,11,1,0
BRDA:250,12,0,0
BRDA:250,12,1,0
BRDA:253,13,0,0
BRDA:253,13,1,0
BRDA:256,14,0,0
BRDA:256,14,1,0
BRDA:259,15,0,0
BRDA:259,15,1,0
BRDA:262,16,0,0
BRDA:262,16,1,0
BRDA:275,17,0,0
BRDA:275,17,1,0
BRDA:275,18,0,0
BRDA:275,18,1,0
BRF:34
BRH:0
end_of_record
TN:
SF:src\hooks\useWorkspaceMutations.ts
FN:31,(anonymous_0)
FN:33,(anonymous_1)
FN:34,(anonymous_2)
FN:35,(anonymous_3)
FN:36,(anonymous_4)
FN:37,(anonymous_5)
FN:38,(anonymous_6)
FN:39,(anonymous_7)
FN:46,(anonymous_8)
FN:54,(anonymous_9)
FN:73,(anonymous_10)
FN:78,(anonymous_11)
FN:98,(anonymous_12)
FN:106,(anonymous_13)
FN:110,(anonymous_14)
FN:121,(anonymous_15)
FN:126,(anonymous_16)
FN:139,(anonymous_17)
FN:149,(anonymous_18)
FN:153,(anonymous_19)
FN:159,(anonymous_20)
FN:160,(anonymous_21)
FN:178,(anonymous_22)
FN:191,(anonymous_23)
FN:200,(anonymous_24)
FN:204,(anonymous_25)
FNF:26
FNH:0
FNDA:0,(anonymous_0)
FNDA:0,(anonymous_1)
FNDA:0,(anonymous_2)
FNDA:0,(anonymous_3)
FNDA:0,(anonymous_4)
FNDA:0,(anonymous_5)
FNDA:0,(anonymous_6)
FNDA:0,(anonymous_7)
FNDA:0,(anonymous_8)
FNDA:0,(anonymous_9)
FNDA:0,(anonymous_10)
FNDA:0,(anonymous_11)
FNDA:0,(anonymous_12)
FNDA:0,(anonymous_13)
FNDA:0,(anonymous_14)
FNDA:0,(anonymous_15)
FNDA:0,(anonymous_16)
FNDA:0,(anonymous_17)
FNDA:0,(anonymous_18)
FNDA:0,(anonymous_19)
FNDA:0,(anonymous_20)
FNDA:0,(anonymous_21)
FNDA:0,(anonymous_22)
FNDA:0,(anonymous_23)
FNDA:0,(anonymous_24)
FNDA:0,(anonymous_25)
DA:1,0
DA:2,0
DA:3,0
DA:4,0
DA:5,0
DA:31,0
DA:32,0
DA:33,0
DA:34,0
DA:35,0
DA:36,0
DA:37,0
DA:38,0
DA:39,0
DA:45,0
DA:47,0
DA:48,0
DA:52,0
DA:56,0
DA:57,0
DA:66,0
DA:67,0
DA:68,0
DA:71,0
DA:74,0
DA:76,0
DA:79,0
DA:80,0
DA:83,0
DA:84,0
DA:88,0
DA:89,0
DA:97,0
DA:99,0
DA:100,0
DA:104,0
DA:107,0
DA:108,0
DA:111,0
DA:112,0
DA:120,0
DA:122,0
DA:123,0
DA:124,0
DA:128,0
DA:131,0
DA:132,0
DA:135,0
DA:138,0
DA:139,0
DA:140,0
DA:141,0
DA:143,0
DA:147,0
DA:150,0
DA:151,0
DA:154,0
DA:155,0
DA:158,0
DA:159,0
DA:160,0
DA:161,0
DA:167,0
DA:168,0
DA:177,0
DA:179,0
DA:180,0
DA:181,0
DA:183,0
DA:188,0
DA:193,0
DA:196,0
DA:198,0
DA:201,0
DA:202,0
DA:205,0
DA:206,0
DA:209,0
DA:210,0
DA:215,0
LF:80
LH:0
BRDA:56,0,0,0
BRDA:56,0,1,0
BRDA:83,1,0,0
BRDA:83,1,1,0
BRDA:88,2,0,0
BRDA:88,2,1,0
BRDA:138,3,0,0
BRDA:138,3,1,0
BRDA:140,4,0,0
BRDA:140,4,1,0
BRDA:158,5,0,0
BRDA:158,5,1,0
BRDA:160,6,0,0
BRDA:160,6,1,0
BRDA:167,7,0,0
BRDA:167,7,1,0
BRDA:179,8,0,0
BRDA:179,8,1,0
BRDA:201,9,0,0
BRDA:201,9,1,0
BRDA:209,10,0,0
BRDA:209,10,1,0
BRDA:225,11,0,0
BRDA:225,11,1,0
BRDA:225,11,2,0
BRDA:225,11,3,0
BRF:26
BRH:0
end_of_record
TN:
SF:src\hooks\useWorkspaceOperations.ts
FN:13,(anonymous_0)
FN:14,(anonymous_1)
FN:15,(anonymous_2)
FN:16,(anonymous_3)
FN:17,(anonymous_4)
FN:18,(anonymous_5)
FN:19,(anonymous_6)
FN:20,(anonymous_7)
FN:21,(anonymous_8)
FN:22,(anonymous_9)
FN:30,(anonymous_10)
FN:83,(anonymous_11)
FN:104,(anonymous_12)
FN:129,(anonymous_13)
FN:165,(anonymous_14)
FN:180,(anonymous_15)
FN:211,(anonymous_16)
FN:220,(anonymous_17)
FN:227,(anonymous_18)
FN:246,(anonymous_19)
FN:275,(anonymous_20)
FNF:21
FNH:0
FNDA:0,(anonymous_0)
FNDA:0,(anonymous_1)
FNDA:0,(anonymous_2)
FNDA:0,(anonymous_3)
FNDA:0,(anonymous_4)
FNDA:0,(anonymous_5)
FNDA:0,(anonymous_6)
FNDA:0,(anonymous_7)
FNDA:0,(anonymous_8)
FNDA:0,(anonymous_9)
FNDA:0,(anonymous_10)
FNDA:0,(anonymous_11)
FNDA:0,(anonymous_12)
FNDA:0,(anonymous_13)
FNDA:0,(anonymous_14)
FNDA:0,(anonymous_15)
FNDA:0,(anonymous_16)
FNDA:0,(anonymous_17)
FNDA:0,(anonymous_18)
FNDA:0,(anonymous_19)
FNDA:0,(anonymous_20)
DA:1,2
DA:2,2
DA:3,2
DA:4,2
DA:5,2
DA:6,2
DA:13,2
DA:14,0
DA:15,0
DA:16,0
DA:17,0
DA:18,0
DA:19,0
DA:20,0
DA:21,0
DA:22,0
DA:24,0
DA:25,0
DA:30,0
DA:31,0
DA:32,0
DA:33,0
DA:34,0
DA:36,0
DA:37,0
DA:38,0
DA:39,0
DA:47,0
DA:49,0
DA:50,0
DA:52,0
DA:53,0
DA:58,0
DA:62,0
DA:63,0
DA:65,0
DA:66,0
DA:69,0
DA:70,0
DA:74,0
DA:76,0
DA:83,0
DA:84,0
DA:85,0
DA:86,0
DA:91,0
DA:92,0
DA:94,0
DA:96,0
DA:97,0
DA:104,0
DA:105,0
DA:106,0
DA:107,0
DA:116,0
DA:117,0
DA:119,0
DA:121,0
DA:122,0
DA:129,0
DA:130,0
DA:131,0
DA:133,0
DA:134,0
DA:139,0
DA:146,0
DA:148,0
DA:149,0
DA:151,0
DA:165,0
DA:166,0
DA:167,0
DA:169,0
DA:170,0
DA:172,0
DA:175,0
DA:178,0
DA:180,0
DA:181,0
DA:182,0
DA:184,0
DA:188,0
DA:190,0
DA:193,0
DA:194,0
DA:195,0
DA:196,0
DA:197,0
DA:199,0
DA:202,0
DA:211,0
DA:213,0
DA:214,0
DA:215,0
DA:218,0
DA:220,0
DA:221,0
DA:222,0
DA:223,0
DA:227,0
DA:228,0
DA:232,0
DA:233,0
DA:234,0
DA:237,0
DA:238,0
DA:246,0
DA:247,0
DA:249,0
DA:250,0
DA:251,0
DA:252,0
DA:253,0
DA:255,0
DA:260,0
DA:261,0
DA:264,0
DA:265,0
DA:267,0
DA:275,0
DA:276,0
DA:280,0
DA:283,0
LF:123
LH:7
BRDA:37,0,0,0
BRDA:37,0,1,0
BRDA:69,1,0,0
BRDA:69,1,1,0
BRDA:92,2,0,0
BRDA:92,2,1,0
BRDA:117,3,0,0
BRDA:117,3,1,0
BRDA:178,4,0,0
BRDA:178,4,1,0
BRDA:181,5,0,0
BRDA:181,5,1,0
BRDA:194,6,0,0
BRDA:194,6,1,0
BRDA:196,7,0,0
BRDA:196,7,1,0
BRDA:213,8,0,0
BRDA:213,8,1,0
BRDA:221,9,0,0
BRDA:221,9,1,0
BRDA:232,10,0,0
BRDA:232,10,1,0
BRDA:250,11,0,0
BRDA:250,11,1,0
BRDA:285,12,0,0
BRDA:285,12,1,0
BRDA:285,12,2,0
BRF:27
BRH:0
end_of_record
TN:
SF:src\i18n\index.ts
FNF:0
FNH:0
DA:1,14
DA:2,14
DA:3,14
DA:4,14
DA:6,14
DA:20,14
LF:6
LH:6
BRF:0
BRH:0
end_of_record
TN:
SF:src\lib\queryClient.ts
FNF:0
FNH:0
DA:1,2
DA:12,2
LF:2
LH:2
BRF:0
BRH:0
end_of_record
TN:
SF:src\pages\KeywordsPage.tsx
FN:18,(anonymous_9)
FN:26,(anonymous_10)
FN:34,(anonymous_11)
FN:45,(anonymous_12)
FN:56,(anonymous_13)
FN:76,(anonymous_14)
FN:86,(anonymous_15)
FN:95,(anonymous_16)
FN:119,(anonymous_17)
FNF:9
FNH:0
FNDA:0,(anonymous_9)
FNDA:0,(anonymous_10)
FNDA:0,(anonymous_11)
FNDA:0,(anonymous_12)
FNDA:0,(anonymous_13)
FNDA:0,(anonymous_14)
FNDA:0,(anonymous_15)
FNDA:0,(anonymous_16)
FNDA:0,(anonymous_17)
DA:1,0
DA:2,0
DA:3,0
DA:4,0
DA:5,0
DA:6,0
DA:7,0
DA:18,0
DA:19,0
DA:20,0
DA:21,0
DA:26,0
DA:27,0
DA:28,0
DA:34,0
DA:35,0
DA:38,0
DA:46,0
DA:47,0
DA:57,0
DA:77,0
DA:78,0
DA:86,0
DA:96,0
DA:119,0
DA:127,0
LF:26
LH:0
BRDA:101,0,0,0
BRDA:101,0,1,0
BRF:2
BRH:0
end_of_record
TN:
SF:src\pages\SearchPage.tsx
FN:69,(anonymous_9)
FN:114,(anonymous_10)
FN:125,(anonymous_11)
FN:132,(anonymous_12)
FN:133,(anonymous_13)
FN:164,(anonymous_14)
FN:184,(anonymous_15)
FN:187,(anonymous_16)
FN:194,(anonymous_17)
FN:200,(anonymous_18)
FN:204,(anonymous_19)
FN:228,(anonymous_20)
FN:234,(anonymous_21)
FN:238,(anonymous_22)
FN:247,(anonymous_23)
FN:252,(anonymous_24)
FN:254,(anonymous_25)
FN:262,(anonymous_26)
FN:268,(anonymous_27)
FN:277,(anonymous_28)
FN:283,(anonymous_29)
FN:299,(anonymous_30)
FN:304,(anonymous_31)
FN:319,(anonymous_32)
FN:333,(anonymous_33)
FN:335,(anonymous_34)
FN:346,(anonymous_35)
FN:356,(anonymous_36)
FN:363,(anonymous_37)
FN:369,(anonymous_38)
FN:370,(anonymous_39)
FN:373,(anonymous_40)
FN:377,(anonymous_41)
FN:391,(anonymous_42)
FN:400,(anonymous_43)
FN:408,(anonymous_44)
FN:442,(anonymous_45)
FN:455,(anonymous_46)
FN:467,(anonymous_47)
FN:474,(anonymous_48)
FN:531,(anonymous_49)
FN:543,(anonymous_50)
FN:544,(anonymous_51)
FN:544,(anonymous_52)
FN:545,(anonymous_53)
FN:563,(anonymous_54)
FN:588,(anonymous_55)
FN:589,(anonymous_56)
FN:608,(anonymous_57)
FN:609,(anonymous_58)
FN:615,(anonymous_59)
FN:630,(anonymous_60)
FN:672,(anonymous_61)
FN:676,(anonymous_62)
FN:678,(anonymous_63)
FN:692,(anonymous_64)
FN:705,(anonymous_65)
FN:712,(anonymous_66)
FN:720,(anonymous_67)
FN:734,(anonymous_68)
FN:742,(anonymous_69)
FN:751,(anonymous_70)
FN:797,(anonymous_71)
FN:800,(anonymous_72)
FN:801,(anonymous_73)
FN:804,(anonymous_74)
FN:829,(anonymous_75)
FN:829,(anonymous_76)
FN:840,(anonymous_77)
FN:840,(anonymous_78)
FN:855,(anonymous_79)
FN:855,(anonymous_80)
FN:865,(anonymous_81)
FN:875,(anonymous_82)
FN:892,(anonymous_83)
FN:911,(anonymous_84)
FN:919,(anonymous_85)
FN:955,(anonymous_86)
FN:962,(anonymous_87)
FNF:79
FNH:0
FNDA:0,(anonymous_9)
FNDA:0,(anonymous_10)
FNDA:0,(anonymous_11)
FNDA:0,(anonymous_12)
FNDA:0,(anonymous_13)
FNDA:0,(anonymous_14)
FNDA:0,(anonymous_15)
FNDA:0,(anonymous_16)
FNDA:0,(anonymous_17)
FNDA:0,(anonymous_18)
FNDA:0,(anonymous_19)
FNDA:0,(anonymous_20)
FNDA:0,(anonymous_21)
FNDA:0,(anonymous_22)
FNDA:0,(anonymous_23)
FNDA:0,(anonymous_24)
FNDA:0,(anonymous_25)
FNDA:0,(anonymous_26)
FNDA:0,(anonymous_27)
FNDA:0,(anonymous_28)
FNDA:0,(anonymous_29)
FNDA:0,(anonymous_30)
FNDA:0,(anonymous_31)
FNDA:0,(anonymous_32)
FNDA:0,(anonymous_33)
FNDA:0,(anonymous_34)
FNDA:0,(anonymous_35)
FNDA:0,(anonymous_36)
FNDA:0,(anonymous_37)
FNDA:0,(anonymous_38)
FNDA:0,(anonymous_39)
FNDA:0,(anonymous_40)
FNDA:0,(anonymous_41)
FNDA:0,(anonymous_42)
FNDA:0,(anonymous_43)
FNDA:0,(anonymous_44)
FNDA:0,(anonymous_45)
FNDA:0,(anonymous_46)
FNDA:0,(anonymous_47)
FNDA:0,(anonymous_48)
FNDA:0,(anonymous_49)
FNDA:0,(anonymous_50)
FNDA:0,(anonymous_51)
FNDA:0,(anonymous_52)
FNDA:0,(anonymous_53)
FNDA:0,(anonymous_54)
FNDA:0,(anonymous_55)
FNDA:0,(anonymous_56)
FNDA:0,(anonymous_57)
FNDA:0,(anonymous_58)
FNDA:0,(anonymous_59)
FNDA:0,(anonymous_60)
FNDA:0,(anonymous_61)
FNDA:0,(anonymous_62)
FNDA:0,(anonymous_63)
FNDA:0,(anonymous_64)
FNDA:0,(anonymous_65)
FNDA:0,(anonymous_66)
FNDA:0,(anonymous_67)
FNDA:0,(anonymous_68)
FNDA:0,(anonymous_69)
FNDA:0,(anonymous_70)
FNDA:0,(anonymous_71)
FNDA:0,(anonymous_72)
FNDA:0,(anonymous_73)
FNDA:0,(anonymous_74)
FNDA:0,(anonymous_75)
FNDA:0,(anonymous_76)
FNDA:0,(anonymous_77)
FNDA:0,(anonymous_78)
FNDA:0,(anonymous_79)
FNDA:0,(anonymous_80)
FNDA:0,(anonymous_81)
FNDA:0,(anonymous_82)
FNDA:0,(anonymous_83)
FNDA:0,(anonymous_84)
FNDA:0,(anonymous_85)
FNDA:0,(anonymous_86)
FNDA:0,(anonymous_87)
DA:1,0
DA:2,0
DA:3,0
DA:4,0
DA:5,0
DA:6,0
DA:17,0
DA:18,0
DA:19,0
DA:20,0
DA:21,0
DA:22,0
DA:23,0
DA:25,0
DA:69,0
DA:79,0
DA:116,0
DA:125,0
DA:132,0
DA:133,0
DA:138,0
DA:139,0
DA:140,0
DA:141,0
DA:142,0
DA:143,0
DA:146,0
DA:149,0
DA:150,0
DA:151,0
DA:152,0
DA:153,0
DA:154,0
DA:155,0
DA:156,0
DA:159,0
DA:160,0
DA:163,0
DA:164,0
DA:169,0
DA:172,0
DA:178,0
DA:181,0
DA:184,0
DA:185,0
DA:187,0
DA:192,0
DA:194,0
DA:195,0
DA:200,0
DA:201,0
DA:202,0
DA:204,0
DA:205,0
DA:206,0
DA:208,0
DA:210,0
DA:212,0
DA:214,0
DA:215,0
DA:217,0
DA:218,0
DA:219,0
DA:221,0
DA:222,0
DA:226,0
DA:228,0
DA:229,0
DA:234,0
DA:235,0
DA:236,0
DA:238,0
DA:239,0
DA:246,0
DA:248,0
DA:249,0
DA:250,0
DA:252,0
DA:255,0
DA:256,0
DA:257,0
DA:258,0
DA:260,0
DA:262,0
DA:266,0
DA:269,0
DA:270,0
DA:272,0
DA:273,0
DA:278,0
DA:283,0
DA:284,0
DA:285,0
DA:286,0
DA:293,0
DA:294,0
DA:296,0
DA:300,0
DA:301,0
DA:302,0
DA:306,0
DA:307,0
DA:308,0
DA:309,0
DA:310,0
DA:312,0
DA:313,0
DA:318,0
DA:319,0
DA:320,0
DA:323,0
DA:325,0
DA:326,0
DA:331,0
DA:333,0
DA:334,0
DA:335,0
DA:336,0
DA:337,0
DA:339,0
DA:346,0
DA:347,0
DA:348,0
DA:349,0
DA:350,0
DA:351,0
DA:356,0
DA:357,0
DA:358,0
DA:363,0
DA:364,0
DA:365,0
DA:366,0
DA:369,0
DA:370,0
DA:373,0
DA:377,0
DA:378,0
DA:379,0
DA:391,0
DA:396,0
DA:400,0
DA:401,0
DA:408,0
DA:409,0
DA:410,0
DA:411,0
DA:412,0
DA:415,0
DA:416,0
DA:417,0
DA:418,0
DA:419,0
DA:422,0
DA:423,0
DA:425,0
DA:426,0
DA:433,0
DA:441,0
DA:442,0
DA:455,0
DA:458,0
DA:459,0
DA:461,0
DA:462,0
DA:467,0
DA:468,0
DA:474,0
DA:475,0
DA:476,0
DA:477,0
DA:480,0
DA:481,0
DA:482,0
DA:483,0
DA:487,0
DA:488,0
DA:489,0
DA:490,0
DA:491,0
DA:494,0
DA:495,0
DA:497,0
DA:498,0
DA:501,0
DA:503,0
DA:510,0
DA:517,0
DA:518,0
DA:519,0
DA:522,0
DA:523,0
DA:524,0
DA:531,0
DA:532,0
DA:537,0
DA:543,0
DA:544,0
DA:545,0
DA:546,0
DA:549,0
DA:550,0
DA:551,0
DA:552,0
DA:553,0
DA:554,0
DA:563,0
DA:565,0
DA:570,0
DA:572,0
DA:574,0
DA:577,0
DA:585,0
DA:586,0
DA:587,0
DA:588,0
DA:589,0
DA:591,0
DA:592,0
DA:593,0
DA:597,0
DA:598,0
DA:601,0
DA:602,0
DA:608,0
DA:609,0
DA:615,0
DA:616,0
DA:617,0
DA:618,0
DA:619,0
DA:620,0
DA:621,0
DA:623,0
DA:630,0
DA:631,0
DA:632,0
DA:633,0
DA:636,0
DA:637,0
DA:638,0
DA:646,0
DA:648,0
DA:651,0
DA:652,0
DA:658,0
DA:660,0
DA:661,0
DA:670,0
DA:673,0
DA:674,0
DA:676,0
DA:679,0
DA:680,0
DA:681,0
DA:682,0
DA:684,0
DA:690,0
DA:692,0
DA:694,0
DA:707,0
DA:708,0
DA:712,0
DA:720,0
DA:734,0
DA:742,0
DA:751,0
DA:798,0
DA:801,0
DA:804,0
DA:829,0
DA:840,0
DA:855,0
DA:866,0
DA:867,0
DA:875,0
DA:892,0
DA:912,0
DA:913,0
DA:914,0
DA:919,0
DA:955,0
DA:962,0
DA:991,0
LF:284
LH:0
BRDA:88,0,0,0
BRDA:88,0,1,0
BRDA:93,1,0,0
BRDA:93,1,1,0
BRDA:94,2,0,0
BRDA:94,2,1,0
BRDA:117,3,0,0
BRDA:117,3,1,0
BRDA:117,3,2,0
BRDA:117,3,3,0
BRDA:117,3,4,0
BRDA:185,4,0,0
BRDA:185,4,1,0
BRDA:202,5,0,0
BRDA:202,5,1,0
BRDA:210,6,0,0
BRDA:210,6,1,0
BRDA:212,7,0,0
BRDA:212,7,1,0
BRDA:212,8,0,0
BRDA:212,8,1,0
BRDA:215,9,0,0
BRDA:215,9,1,0
BRDA:221,10,0,0
BRDA:221,10,1,0
BRDA:248,11,0,0
BRDA:248,11,1,0
BRDA:248,12,0,0
BRDA:248,12,1,0
BRDA:256,13,0,0
BRDA:256,13,1,0
BRDA:270,14,0,0
BRDA:270,14,1,0
BRDA:272,15,0,0
BRDA:272,15,1,0
BRDA:272,16,0,0
BRDA:272,16,1,0
BRDA:284,17,0,0
BRDA:284,17,1,0
BRDA:284,18,0,0
BRDA:284,18,1,0
BRDA:293,19,0,0
BRDA:293,19,1,0
BRDA:309,20,0,0
BRDA:309,20,1,0
BRDA:312,21,0,0
BRDA:312,21,1,0
BRDA:318,22,0,0
BRDA:318,22,1,0
BRDA:325,23,0,0
BRDA:325,23,1,0
BRDA:348,24,0,0
BRDA:348,24,1,0
BRDA:357,25,0,0
BRDA:357,25,1,0
BRDA:364,26,0,0
BRDA:364,26,1,0
BRDA:378,27,0,0
BRDA:378,27,1,0
BRDA:378,28,0,0
BRDA:378,28,1,0
BRDA:409,29,0,0
BRDA:409,29,1,0
BRDA:416,30,0,0
BRDA:416,30,1,0
BRDA:430,31,0,0
BRDA:430,31,1,0
BRDA:441,32,0,0
BRDA:441,32,1,0
BRDA:441,33,0,0
BRDA:441,33,1,0
BRDA:475,34,0,0
BRDA:475,34,1,0
BRDA:481,35,0,0
BRDA:481,35,1,0
BRDA:494,36,0,0
BRDA:494,36,1,0
BRDA:497,37,0,0
BRDA:497,37,1,0
BRDA:497,38,0,0
BRDA:497,38,1,0
BRDA:507,39,0,0
BRDA:507,39,1,0
BRDA:517,40,0,0
BRDA:517,40,1,0
BRDA:549,41,0,0
BRDA:549,41,1,0
BRDA:552,42,0,0
BRDA:552,42,1,0
BRDA:565,43,0,0
BRDA:565,43,1,0
BRDA:572,44,0,0
BRDA:572,44,1,0
BRDA:586,45,0,0
BRDA:586,45,1,0
BRDA:618,46,0,0
BRDA:618,46,1,0
BRDA:631,47,0,0
BRDA:631,47,1,0
BRDA:646,48,0,0
BRDA:646,48,1,0
BRDA:673,49,0,0
BRDA:673,49,1,0
BRDA:679,50,0,0
BRDA:679,50,1,0
BRDA:682,51,0,0
BRDA:682,51,1,0
BRDA:712,52,0,0
BRDA:712,52,1,0
BRDA:718,53,0,0
BRDA:718,53,1,0
BRDA:728,54,0,0
BRDA:728,54,1,0
BRDA:759,55,0,0
BRDA:759,55,1,0
BRDA:762,56,0,0
BRDA:762,56,1,0
BRDA:764,57,0,0
BRDA:764,57,1,0
BRDA:771,58,0,0
BRDA:771,58,1,0
BRDA:771,58,2,0
BRDA:771,58,3,0
BRDA:771,58,4,0
BRDA:775,59,0,0
BRDA:775,59,1,0
BRDA:776,60,0,0
BRDA:776,60,1,0
BRDA:777,61,0,0
BRDA:777,61,1,0
BRDA:803,62,0,0
BRDA:803,62,1,0
BRDA:810,63,0,0
BRDA:810,63,1,0
BRDA:828,64,0,0
BRDA:828,64,1,0
BRDA:831,65,0,0
BRDA:831,65,1,0
BRDA:839,66,0,0
BRDA:839,66,1,0
BRDA:842,67,0,0
BRDA:842,67,1,0
BRDA:865,68,0,0
BRDA:865,68,1,0
BRDA:887,69,0,0
BRDA:887,69,1,0
BRDA:887,69,2,0
BRDA:913,70,0,0
BRDA:913,70,1,0
BRDA:931,71,0,0
BRDA:931,71,1,0
BRDA:939,72,0,0
BRDA:939,72,1,0
BRDA:939,72,2,0
BRDA:947,73,0,0
BRDA:947,73,1,0
BRDA:981,74,0,0
BRDA:981,74,1,0
BRF:158
BRH:0
end_of_record
TN:
SF:src\pages\SettingsPage.tsx
FN:57,SettingsPage
FN:64,(anonymous_1)
FN:79,(anonymous_2)
FN:94,(anonymous_3)
FN:125,(anonymous_4)
FN:141,(anonymous_5)
FN:155,(anonymous_6)
FN:179,(anonymous_7)
FN:204,(anonymous_8)
FN:223,(anonymous_9)
FN:236,(anonymous_10)
FNF:11
FNH:0
FNDA:0,SettingsPage
FNDA:0,(anonymous_1)
FNDA:0,(anonymous_2)
FNDA:0,(anonymous_3)
FNDA:0,(anonymous_4)
FNDA:0,(anonymous_5)
FNDA:0,(anonymous_6)
FNDA:0,(anonymous_7)
FNDA:0,(anonymous_8)
FNDA:0,(anonymous_9)
FNDA:0,(anonymous_10)
DA:1,0
DA:2,0
DA:5,0
DA:6,0
DA:7,0
DA:8,0
DA:9,0
DA:34,0
DA:57,0
DA:58,0
DA:59,0
DA:60,0
DA:61,0
DA:62,0
DA:64,0
DA:65,0
DA:66,0
DA:67,0
DA:69,0
DA:70,0
DA:72,0
DA:73,0
DA:75,0
DA:76,0
DA:79,0
DA:80,0
DA:81,0
DA:82,0
DA:84,0
DA:85,0
DA:86,0
DA:88,0
DA:90,0
DA:94,0
DA:95,0
DA:96,0
DA:97,0
DA:100,0
DA:125,0
DA:141,0
DA:155,0
DA:179,0
DA:204,0
DA:223,0
DA:236,0
DA:248,0
LF:46
LH:0
BRDA:66,0,0,0
BRDA:66,0,1,0
BRDA:66,1,0,0
BRDA:66,1,1,0
BRDA:69,2,0,0
BRDA:69,2,1,0
BRDA:72,3,0,0
BRDA:72,3,1,0
BRDA:72,4,0,0
BRDA:72,4,1,0
BRDA:80,5,0,0
BRDA:80,5,1,0
BRDA:109,6,0,0
BRDA:109,6,1,0
BRDA:143,7,0,0
BRDA:143,7,1,0
BRDA:157,8,0,0
BRDA:157,8,1,0
BRDA:225,9,0,0
BRDA:225,9,1,0
BRDA:238,10,0,0
BRDA:238,10,1,0
BRF:22
BRH:0
end_of_record
TN:
SF:src\pages\TasksPage.tsx
FN:17,(anonymous_1)
FN:20,(anonymous_2)
FN:24,(anonymous_3)
FN:33,(anonymous_4)
FN:39,(anonymous_5)
FN:65,(anonymous_6)
FN:74,(anonymous_7)
FNF:7
FNH:0
FNDA:0,(anonymous_1)
FNDA:0,(anonymous_2)
FNDA:0,(anonymous_3)
FNDA:0,(anonymous_4)
FNDA:0,(anonymous_5)
FNDA:0,(anonymous_6)
FNDA:0,(anonymous_7)
DA:1,0
DA:2,0
DA:3,0
DA:4,0
DA:5,0
DA:17,0
DA:18,0
DA:20,0
DA:21,0
DA:24,0
DA:25,0
DA:28,0
DA:35,0
DA:36,0
DA:39,0
DA:40,0
DA:41,0
DA:44,0
DA:65,0
DA:74,0
DA:88,0
LF:21
LH:0
BRDA:32,0,0,0
BRDA:32,0,1,0
BRDA:35,1,0,0
BRDA:35,1,1,0
BRDA:35,2,0,0
BRDA:35,2,1,0
BRDA:40,3,0,0
BRDA:40,3,1,0
BRDA:45,4,0,0
BRDA:45,4,1,0
BRDA:46,5,0,0
BRDA:46,5,1,0
BRDA:46,6,0,0
BRDA:46,6,1,0
BRDA:47,7,0,0
BRDA:47,7,1,0
BRDA:47,8,0,0
BRDA:47,8,1,0
BRDA:52,9,0,0
BRDA:52,9,1,0
BRDA:52,10,0,0
BRDA:52,10,1,0
BRDA:52,11,0,0
BRDA:52,11,1,0
BRDA:61,12,0,0
BRDA:61,12,1,0
BRF:26
BRH:0
end_of_record
TN:
SF:src\pages\WorkspacesPage.tsx
FN:19,(anonymous_9)
FN:21,(anonymous_10)
FN:24,(anonymous_11)
FN:28,(anonymous_12)
FN:32,(anonymous_13)
FN:36,(anonymous_14)
FN:40,(anonymous_15)
FN:49,(anonymous_16)
FN:57,(anonymous_17)
FN:58,(anonymous_18)
FN:62,(anonymous_19)
FN:63,(anonymous_20)
FN:64,(anonymous_21)
FN:81,(anonymous_22)
FN:82,(anonymous_23)
FNF:15
FNH:0
FNDA:0,(anonymous_9)
FNDA:0,(anonymous_10)
FNDA:0,(anonymous_11)
FNDA:0,(anonymous_12)
FNDA:0,(anonymous_13)
FNDA:0,(anonymous_14)
FNDA:0,(anonymous_15)
FNDA:0,(anonymous_16)
FNDA:0,(anonymous_17)
FNDA:0,(anonymous_18)
FNDA:0,(anonymous_19)
FNDA:0,(anonymous_20)
FNDA:0,(anonymous_21)
FNDA:0,(anonymous_22)
FNDA:0,(anonymous_23)
DA:1,0
DA:2,0
DA:3,0
DA:4,0
DA:5,0
DA:6,0
DA:7,0
DA:19,0
DA:20,0
DA:21,0
DA:22,0
DA:24,0
DA:25,0
DA:28,0
DA:29,0
DA:32,0
DA:33,0
DA:36,0
DA:37,0
DA:40,0
DA:41,0
DA:44,0
DA:49,0
DA:58,0
DA:62,0
DA:63,0
DA:64,0
DA:81,0
DA:84,0
DA:91,0
LF:30
LH:0
BRDA:58,0,0,0
BRDA:58,0,1,0
BRDA:62,1,0,0
BRDA:62,1,1,0
BRDA:62,2,0,0
BRDA:62,2,1,0
BRDA:70,3,0,0
BRDA:70,3,1,0
BRDA:71,4,0,0
BRDA:71,4,1,0
BRF:10
BRH:0
end_of_record
TN:
SF:src\pages\index.ts
FN:2,(anonymous_1)
FN:3,(anonymous_2)
FN:4,(anonymous_3)
FN:5,(anonymous_4)
FN:6,(anonymous_5)
FNF:5
FNH:0
FNDA:0,(anonymous_1)
FNDA:0,(anonymous_2)
FNDA:0,(anonymous_3)
FNDA:0,(anonymous_4)
FNDA:0,(anonymous_5)
DA:2,0
DA:3,0
DA:4,0
DA:5,0
DA:6,0
LF:5
LH:0
BRF:0
BRH:0
end_of_record
TN:
SF:src\providers\AppProvider.tsx
FN:12,(anonymous_0)
FN:51,(anonymous_1)
FNF:2
FNH:0
FNDA:0,(anonymous_0)
FNDA:0,(anonymous_1)
DA:2,0
DA:3,0
DA:4,0
DA:5,0
DA:12,0
DA:14,0
DA:17,0
DA:20,0
DA:21,0
DA:32,0
DA:33,0
DA:43,0
DA:51,0
DA:52,0
LF:14
LH:0
BRDA:20,0,0,0
BRDA:20,0,1,0
BRDA:32,1,0,0
BRDA:32,1,1,0
BRF:4
BRH:0
end_of_record
TN:
SF:src\providers\QueryProvider.tsx
FN:5,(anonymous_0)
FN:14,(anonymous_1)
FN:32,(anonymous_2)
FN:34,(anonymous_3)
FNF:4
FNH:0
FNDA:0,(anonymous_0)
FNDA:0,(anonymous_1)
FNDA:0,(anonymous_2)
FNDA:0,(anonymous_3)
DA:1,0
DA:2,0
DA:5,0
DA:14,0
DA:32,0
DA:34,0
DA:36,0
LF:7
LH:0
BRF:0
BRH:0
end_of_record
TN:
SF:src\services\SearchQueryBuilder.ts
FN:30,(anonymous_0)
FN:37,(anonymous_1)
FN:55,(anonymous_2)
FN:67,(anonymous_3)
FN:68,(anonymous_4)
FN:70,(anonymous_5)
FN:76,(anonymous_6)
FN:96,(anonymous_7)
FN:101,(anonymous_8)
FN:105,(anonymous_9)
FN:112,(anonymous_10)
FN:143,(anonymous_11)
FN:144,(anonymous_12)
FN:152,(anonymous_13)
FN:153,(anonymous_14)
FN:164,(anonymous_15)
FN:165,(anonymous_16)
FN:176,(anonymous_17)
FN:185,(anonymous_18)
FN:201,(anonymous_19)
FN:212,(anonymous_20)
FN:214,(anonymous_21)
FN:224,(anonymous_22)
FN:239,(anonymous_23)
FN:279,(anonymous_24)
FN:283,(anonymous_25)
FN:298,(anonymous_26)
FN:300,(anonymous_27)
FN:301,(anonymous_28)
FN:308,(anonymous_29)
FN:309,(anonymous_30)
FN:312,(anonymous_31)
FN:324,(anonymous_32)
FN:326,(anonymous_33)
FN:334,(anonymous_34)
FN:341,(anonymous_35)
FN:348,(anonymous_36)
FN:357,(anonymous_37)
FN:360,(anonymous_38)
FN:361,(anonymous_39)
FN:362,(anonymous_40)
FN:370,(anonymous_41)
FN:377,(anonymous_42)
FN:378,(anonymous_43)
FN:384,(anonymous_44)
FN:385,(anonymous_45)
FN:393,(anonymous_46)
FN:394,(anonymous_47)
FN:402,(anonymous_48)
FN:406,(anonymous_49)
FNF:50
FNH:50
FNDA:40,(anonymous_0)
FNDA:38,(anonymous_1)
FNDA:5,(anonymous_2)
FNDA:6,(anonymous_3)
FNDA:6,(anonymous_4)
FNDA:6,(anonymous_5)
FNDA:1,(anonymous_6)
FNDA:2,(anonymous_7)
FNDA:38,(anonymous_8)
FNDA:50,(anonymous_9)
FNDA:50,(anonymous_10)
FNDA:2,(anonymous_11)
FNDA:3,(anonymous_12)
FNDA:7,(anonymous_13)
FNDA:9,(anonymous_14)
FNDA:1,(anonymous_15)
FNDA:1,(anonymous_16)
FNDA:1,(anonymous_17)
FNDA:7,(anonymous_18)
FNDA:7,(anonymous_19)
FNDA:7,(anonymous_20)
FNDA:3,(anonymous_21)
FNDA:1,(anonymous_22)
FNDA:7,(anonymous_23)
FNDA:6,(anonymous_24)
FNDA:7,(anonymous_25)
FNDA:5,(anonymous_26)
FNDA:8,(anonymous_27)
FNDA:7,(anonymous_28)
FNDA:3,(anonymous_29)
FNDA:8,(anonymous_30)
FNDA:7,(anonymous_31)
FNDA:8,(anonymous_32)
FNDA:8,(anonymous_33)
FNDA:1,(anonymous_34)
FNDA:2,(anonymous_35)
FNDA:1,(anonymous_36)
FNDA:1,(anonymous_37)
FNDA:2,(anonymous_38)
FNDA:1,(anonymous_39)
FNDA:1,(anonymous_40)
FNDA:1,(anonymous_41)
FNDA:1,(anonymous_42)
FNDA:2,(anonymous_43)
FNDA:3,(anonymous_44)
FNDA:3,(anonymous_45)
FNDA:2,(anonymous_46)
FNDA:2,(anonymous_47)
FNDA:29,(anonymous_48)
FNDA:61,(anonymous_49)
DA:27,1
DA:28,40
DA:31,40
DA:38,38
DA:59,5
DA:61,5
DA:62,1
DA:65,4
DA:67,6
DA:68,6
DA:70,4
DA:72,6
DA:75,6
DA:76,1
DA:77,1
DA:78,1
DA:79,1
DA:83,6
DA:90,4
DA:97,2
DA:98,2
DA:102,38
DA:106,50
DA:123,50
DA:135,50
DA:136,50
DA:137,50
DA:144,3
DA:145,2
DA:146,2
DA:153,9
DA:154,7
DA:155,6
DA:156,6
DA:158,7
DA:165,1
DA:166,1
DA:167,1
DA:168,1
DA:170,1
DA:177,1
DA:178,1
DA:179,1
DA:186,7
DA:187,7
DA:190,7
DA:191,1
DA:196,1
DA:197,1
DA:201,7
DA:202,6
DA:203,1
DA:208,1
DA:212,6
DA:213,7
DA:214,7
DA:215,3
DA:216,3
DA:217,2
DA:223,6
DA:224,6
DA:225,1
DA:233,6
DA:240,7
DA:243,7
DA:244,1
DA:253,7
DA:254,1
DA:263,7
DA:264,1
DA:265,1
DA:267,1
DA:276,7
DA:280,6
DA:281,6
DA:283,6
DA:284,7
DA:285,7
DA:286,1
DA:288,6
DA:292,6
DA:299,5
DA:300,8
DA:301,7
DA:309,8
DA:310,3
DA:312,3
DA:313,7
DA:314,7
DA:315,7
DA:318,3
DA:324,8
DA:326,8
DA:335,1
DA:342,2
DA:349,1
DA:350,1
DA:351,1
DA:358,1
DA:360,2
DA:361,1
DA:362,1
DA:371,1
DA:378,2
DA:385,3
DA:386,3
DA:394,2
DA:395,2
DA:403,29
DA:407,61
LF:110
LH:110
BRDA:57,0,0,4
BRDA:61,1,0,1
BRDA:61,1,1,4
BRDA:61,2,0,5
BRDA:61,2,1,4
BRDA:76,3,0,1
BRDA:76,3,1,0
BRDA:76,4,0,1
BRDA:76,4,1,1
BRDA:126,5,0,50
BRDA:126,5,1,46
BRDA:127,6,0,50
BRDA:127,6,1,41
BRDA:129,7,0,50
BRDA:129,7,1,46
BRDA:130,8,0,50
BRDA:130,8,1,42
BRDA:132,9,0,50
BRDA:132,9,1,49
BRDA:154,10,0,6
BRDA:154,10,1,1
BRDA:166,11,0,1
BRDA:166,11,1,0
BRDA:190,12,0,1
BRDA:190,12,1,6
BRDA:202,13,0,1
BRDA:202,13,1,5
BRDA:216,14,0,2
BRDA:216,14,1,1
BRDA:243,15,0,1
BRDA:243,15,1,6
BRDA:253,16,0,1
BRDA:253,16,1,6
BRDA:263,17,0,1
BRDA:263,17,1,6
BRDA:271,18,0,1
BRDA:271,18,1,0
BRDA:285,19,0,1
BRDA:285,19,1,6
BRDA:313,20,0,7
BRDA:313,20,1,5
BRF:41
BRH:38
end_of_record
TN:
SF:src\services\fileApi.ts
FN:29,readFileByHash
FNF:1
FNH:0
FNDA:0,readFileByHash
DA:1,0
DA:2,0
DA:29,0
DA:33,0
DA:34,0
DA:36,0
DA:41,0
DA:42,0
DA:44,0
DA:45,0
DA:52,0
LF:11
LH:0
BRF:0
BRH:0
end_of_record
TN:
SF:src\services\queryApi.ts
FN:7,invokeWithTimeout
FN:12,(anonymous_1)
FN:13,(anonymous_2)
FN:18,(anonymous_3)
FN:22,(anonymous_4)
FN:32,executeStructuredQuery
FN:51,validateQuery
FNF:7
FNH:0
FNDA:0,invokeWithTimeout
FNDA:0,(anonymous_1)
FNDA:0,(anonymous_2)
FNDA:0,(anonymous_3)
FNDA:0,(anonymous_4)
FNDA:0,executeStructuredQuery
FNDA:0,validateQuery
DA:1,0
DA:12,0
DA:13,0
DA:14,0
DA:17,0
DA:19,0
DA:20,0
DA:23,0
DA:24,0
DA:32,0
DA:36,0
DA:37,0
DA:41,0
DA:43,0
DA:44,0
DA:51,0
DA:52,0
DA:53,0
DA:54,0
DA:56,0
DA:57,0
DA:64,0
LF:22
LH:0
BRDA:10,0,0,0
BRF:1
BRH:0
end_of_record
TN:
SF:src\services\queryStorage.ts
FN:8,saveQuery
FN:19,loadQuery
FN:34,clearQuery
FNF:3
FNH:0
FNDA:0,saveQuery
FNDA:0,loadQuery
FNDA:0,clearQuery
DA:3,0
DA:8,0
DA:9,0
DA:10,0
DA:12,0
DA:19,0
DA:20,0
DA:21,0
DA:22,0
DA:24,0
DA:26,0
DA:27,0
DA:34,0
DA:35,0
LF:14
LH:0
BRDA:22,0,0,0
BRDA:22,0,1,0
BRF:2
BRH:0
end_of_record
TN:
SF:src\services\websocketClient.ts
FN:50,(anonymous_0)
FN:81,(anonymous_1)
FN:104,(anonymous_2)
FN:114,(anonymous_3)
FN:127,(anonymous_4)
FN:153,(anonymous_5)
FN:156,(anonymous_6)
FN:172,(anonymous_7)
FN:182,(anonymous_8)
FN:199,(anonymous_9)
FN:209,(anonymous_10)
FN:220,(anonymous_11)
FN:227,(anonymous_12)
FN:234,(anonymous_13)
FN:241,(anonymous_14)
FN:249,(anonymous_15)
FN:252,(anonymous_16)
FN:262,(anonymous_17)
FN:273,(anonymous_18)
FN:278,(anonymous_19)
FN:283,(anonymous_20)
FN:303,(anonymous_21)
FN:304,(anonymous_22)
FN:313,(anonymous_23)
FN:315,(anonymous_24)
FN:324,(anonymous_25)
FN:326,(anonymous_26)
FN:339,(anonymous_27)
FN:357,(anonymous_28)
FN:362,(anonymous_29)
FN:364,(anonymous_30)
FN:371,(anonymous_31)
FN:378,(anonymous_32)
FN:380,(anonymous_33)
FN:389,(anonymous_34)
FN:396,(anonymous_35)
FN:426,(anonymous_36)
FN:437,(anonymous_37)
FN:472,getWebSocketClient
FN:482,resetWebSocketClient
FNF:40
FNH:0
FNDA:0,(anonymous_0)
FNDA:0,(anonymous_1)
FNDA:0,(anonymous_2)
FNDA:0,(anonymous_3)
FNDA:0,(anonymous_4)
FNDA:0,(anonymous_5)
FNDA:0,(anonymous_6)
FNDA:0,(anonymous_7)
FNDA:0,(anonymous_8)
FNDA:0,(anonymous_9)
FNDA:0,(anonymous_10)
FNDA:0,(anonymous_11)
FNDA:0,(anonymous_12)
FNDA:0,(anonymous_13)
FNDA:0,(anonymous_14)
FNDA:0,(anonymous_15)
FNDA:0,(anonymous_16)
FNDA:0,(anonymous_17)
FNDA:0,(anonymous_18)
FNDA:0,(anonymous_19)
FNDA:0,(anonymous_20)
FNDA:0,(anonymous_21)
FNDA:0,(anonymous_22)
FNDA:0,(anonymous_23)
FNDA:0,(anonymous_24)
FNDA:0,(anonymous_25)
FNDA:0,(anonymous_26)
FNDA:0,(anonymous_27)
FNDA:0,(anonymous_28)
FNDA:0,(anonymous_29)
FNDA:0,(anonymous_30)
FNDA:0,(anonymous_31)
FNDA:0,(anonymous_32)
FNDA:0,(anonymous_33)
FNDA:0,(anonymous_34)
FNDA:0,(anonymous_35)
FNDA:0,(anonymous_36)
FNDA:0,(anonymous_37)
FNDA:0,getWebSocketClient
FNDA:0,resetWebSocketClient
DA:10,0
DA:11,0
DA:38,0
DA:39,0
DA:40,0
DA:41,0
DA:42,0
DA:43,0
DA:44,0
DA:45,0
DA:46,0
DA:47,0
DA:48,0
DA:51,0
DA:52,0
DA:59,0
DA:67,0
DA:82,0
DA:83,0
DA:84,0
DA:87,0
DA:88,0
DA:90,0
DA:91,0
DA:92,0
DA:93,0
DA:94,0
DA:96,0
DA:97,0
DA:105,0
DA:106,0
DA:107,0
DA:108,0
DA:115,0
DA:116,0
DA:117,0
DA:128,0
DA:130,0
DA:131,0
DA:132,0
DA:133,0
DA:134,0
DA:135,0
DA:136,0
DA:138,0
DA:139,0
DA:140,0
DA:144,0
DA:145,0
DA:146,0
DA:154,0
DA:156,0
DA:157,0
DA:158,0
DA:159,0
DA:160,0
DA:161,0
DA:165,0
DA:166,0
DA:173,0
DA:183,0
DA:200,0
DA:210,0
DA:221,0
DA:228,0
DA:235,0
DA:242,0
DA:250,0
DA:252,0
DA:253,0
DA:254,0
DA:255,0
DA:256,0
DA:257,0
DA:258,0
DA:259,0
DA:262,0
DA:263,0
DA:264,0
DA:266,0
DA:267,0
DA:269,0
DA:273,0
DA:274,0
DA:275,0
DA:278,0
DA:279,0
DA:284,0
DA:285,0
DA:286,0
DA:288,0
DA:290,0
DA:291,0
DA:292,0
DA:295,0
DA:296,0
DA:297,0
DA:299,0
DA:304,0
DA:305,0
DA:306,0
DA:308,0
DA:314,0
DA:315,0
DA:316,0
DA:317,0
DA:319,0
DA:325,0
DA:326,0
DA:327,0
DA:328,0
DA:330,0
DA:334,0
DA:335,0
DA:340,0
DA:341,0
DA:342,0
DA:343,0
DA:346,0
DA:347,0
DA:350,0
DA:355,0
DA:357,0
DA:358,0
DA:363,0
DA:364,0
DA:365,0
DA:366,0
DA:372,0
DA:373,0
DA:374,0
DA:379,0
DA:380,0
DA:381,0
DA:382,0
DA:383,0
DA:384,0
DA:390,0
DA:391,0
DA:392,0
DA:397,0
DA:398,0
DA:400,0
DA:401,0
DA:402,0
DA:404,0
DA:405,0
DA:408,0
DA:409,0
DA:410,0
DA:411,0
DA:412,0
DA:414,0
DA:415,0
DA:420,0
DA:421,0
DA:422,0
DA:427,0
DA:428,0
DA:429,0
DA:432,0
DA:438,0
DA:439,0
DA:441,0
DA:442,0
DA:443,0
DA:446,0
DA:447,0
DA:448,0
DA:449,0
DA:450,0
DA:452,0
DA:453,0
DA:455,0
DA:458,0
DA:459,0
DA:467,0
DA:472,0
DA:473,0
DA:474,0
DA:476,0
DA:482,0
DA:483,0
DA:484,0
DA:485,0
LF:185
LH:0
BRDA:50,0,0,0
BRDA:82,1,0,0
BRDA:82,1,1,0
BRDA:130,2,0,0
BRDA:130,2,1,0
BRDA:157,3,0,0
BRDA:157,3,1,0
BRDA:250,4,0,0
BRDA:250,4,1,0
BRDA:266,5,0,0
BRDA:266,5,1,0
BRDA:266,6,0,0
BRDA:266,6,1,0
BRDA:290,7,0,0
BRDA:290,7,1,0
BRDA:334,8,0,0
BRDA:334,8,1,0
BRDA:334,9,0,0
BRDA:334,9,1,0
BRDA:340,10,0,0
BRDA:340,10,1,0
BRDA:365,11,0,0
BRDA:365,11,1,0
BRDA:372,12,0,0
BRDA:372,12,1,0
BRDA:381,13,0,0
BRDA:381,13,1,0
BRDA:390,14,0,0
BRDA:390,14,1,0
BRDA:400,15,0,0
BRDA:400,15,1,0
BRDA:400,15,2,0
BRDA:404,16,0,0
BRDA:404,16,1,0
BRDA:408,17,0,0
BRDA:408,17,1,0
BRDA:420,18,0,0
BRDA:420,18,1,0
BRDA:428,19,0,0
BRDA:428,19,1,0
BRDA:441,20,0,0
BRDA:441,20,1,0
BRDA:446,21,0,0
BRDA:446,21,1,0
BRDA:452,22,0,0
BRDA:452,22,1,0
BRDA:452,23,0,0
BRDA:452,23,1,0
BRDA:473,24,0,0
BRDA:473,24,1,0
BRDA:483,25,0,0
BRDA:483,25,1,0
BRF:52
BRH:0
end_of_record
TN:
SF:src\stores\AppStoreProvider.tsx
FN:31,(anonymous_0)
FN:32,(anonymous_1)
FN:33,(anonymous_2)
FN:34,(anonymous_3)
FN:35,(anonymous_4)
FN:36,(anonymous_5)
FN:37,(anonymous_6)
FN:38,(anonymous_7)
FN:39,(anonymous_8)
FN:41,(anonymous_9)
FN:43,(anonymous_10)
FN:66,(anonymous_11)
FN:77,(anonymous_12)
FN:111,(anonymous_13)
FN:118,(anonymous_14)
FN:120,(anonymous_15)
FN:131,(anonymous_16)
FN:137,(anonymous_17)
FN:142,(anonymous_18)
FN:147,(anonymous_19)
FN:156,(anonymous_20)
FN:163,(anonymous_21)
FNF:22
FNH:0
FNDA:0,(anonymous_0)
FNDA:0,(anonymous_1)
FNDA:0,(anonymous_2)
FNDA:0,(anonymous_3)
FNDA:0,(anonymous_4)
FNDA:0,(anonymous_5)
FNDA:0,(anonymous_6)
FNDA:0,(anonymous_7)
FNDA:0,(anonymous_8)
FNDA:0,(anonymous_9)
FNDA:0,(anonymous_10)
FNDA:0,(anonymous_11)
FNDA:0,(anonymous_12)
FNDA:0,(anonymous_13)
FNDA:0,(anonymous_14)
FNDA:0,(anonymous_15)
FNDA:0,(anonymous_16)
FNDA:0,(anonymous_17)
FNDA:0,(anonymous_18)
FNDA:0,(anonymous_19)
FNDA:0,(anonymous_20)
FNDA:0,(anonymous_21)
DA:1,2
DA:2,2
DA:3,2
DA:4,2
DA:5,2
DA:6,2
DA:7,2
DA:8,2
DA:11,2
DA:31,2
DA:32,0
DA:33,0
DA:34,0
DA:35,0
DA:36,0
DA:37,0
DA:38,0
DA:39,0
DA:41,0
DA:43,0
DA:44,0
DA:45,0
DA:46,0
DA:47,0
DA:48,0
DA:50,0
DA:51,0
DA:56,0
DA:58,0
DA:60,0
DA:61,0
DA:66,0
DA:67,0
DA:75,0
DA:79,0
DA:89,0
DA:92,0
DA:93,0
DA:96,0
DA:97,0
DA:98,0
DA:99,0
DA:100,0
DA:101,0
DA:102,0
DA:109,0
DA:112,0
DA:113,0
DA:118,0
DA:120,0
DA:121,0
DA:125,0
DA:131,0
DA:132,0
DA:137,0
DA:138,0
DA:142,0
DA:143,0
DA:147,0
DA:148,0
DA:149,0
DA:153,0
DA:156,0
DA:157,0
DA:159,0
DA:160,0
DA:163,0
DA:167,0
LF:68
LH:10
BRDA:46,0,0,0
BRDA:46,0,1,0
BRDA:47,1,0,0
BRDA:47,1,1,0
BRDA:50,2,0,0
BRDA:50,2,1,0
BRDA:96,3,0,0
BRDA:96,3,1,0
BRDA:97,4,0,0
BRDA:97,4,1,0
BRDA:99,5,0,0
BRDA:99,5,1,0
BRDA:101,6,0,0
BRDA:101,6,1,0
BRDA:127,7,0,0
BRDA:127,7,1,0
BRF:16
BRH:0
end_of_record
TN:
SF:src\stores\appStore.ts
FN:48,(anonymous_1)
FN:57,(anonymous_2)
FN:57,(anonymous_3)
FN:61,(anonymous_4)
FN:78,(anonymous_5)
FN:78,(anonymous_6)
FN:79,(anonymous_7)
FN:82,(anonymous_8)
FN:82,(anonymous_9)
FN:86,(anonymous_10)
FN:86,(anonymous_11)
FNF:11
FNH:6
FNDA:4,(anonymous_1)
FNDA:1,(anonymous_2)
FNDA:1,(anonymous_3)
FNDA:6,(anonymous_4)
FNDA:0,(anonymous_5)
FNDA:0,(anonymous_6)
FNDA:0,(anonymous_7)
FNDA:6,(anonymous_8)
FNDA:6,(anonymous_9)
FNDA:0,(anonymous_10)
FNDA:0,(anonymous_11)
DA:7,4
DA:8,4
DA:9,4
DA:10,4
DA:45,4
DA:48,4
DA:57,1
DA:58,1
DA:63,6
DA:65,6
DA:67,0
DA:68,0
DA:70,3
DA:71,3
DA:73,3
DA:74,0
DA:78,0
DA:79,0
DA:82,6
DA:83,6
DA:86,0
DA:87,0
DA:88,0
LF:23
LH:15
BRDA:63,0,0,3
BRDA:63,0,1,3
BRDA:65,1,0,0
BRDA:65,1,1,3
BRDA:65,1,2,3
BRDA:86,2,0,0
BRF:6
BRH:4
end_of_record
TN:
SF:src\stores\index.ts
FNF:0
FNH:0
DA:7,0
DA:8,0
DA:9,0
DA:10,0
LF:4
LH:0
BRF:0
BRH:0
end_of_record
TN:
SF:src\stores\keywordStore.ts
FN:51,(anonymous_0)
FN:58,(anonymous_1)
FN:58,(anonymous_2)
FN:62,(anonymous_3)
FN:62,(anonymous_4)
FN:66,(anonymous_5)
FN:66,(anonymous_6)
FN:67,(anonymous_7)
FN:73,(anonymous_8)
FN:73,(anonymous_9)
FN:74,(anonymous_10)
FN:77,(anonymous_11)
FN:77,(anonymous_12)
FN:78,(anonymous_13)
FN:84,(anonymous_14)
FN:84,(anonymous_15)
FN:88,(anonymous_16)
FN:88,(anonymous_17)
FNF:18
FNH:14
FNDA:4,(anonymous_0)
FNDA:4,(anonymous_1)
FNDA:4,(anonymous_2)
FNDA:1,(anonymous_3)
FNDA:1,(anonymous_4)
FNDA:1,(anonymous_5)
FNDA:1,(anonymous_6)
FNDA:1,(anonymous_7)
FNDA:1,(anonymous_8)
FNDA:1,(anonymous_9)
FNDA:1,(anonymous_10)
FNDA:1,(anonymous_11)
FNDA:1,(anonymous_12)
FNDA:1,(anonymous_13)
FNDA:0,(anonymous_14)
FNDA:0,(anonymous_15)
FNDA:0,(anonymous_16)
FNDA:0,(anonymous_17)
DA:5,4
DA:6,4
DA:7,4
DA:48,4
DA:51,4
DA:58,4
DA:59,4
DA:62,1
DA:63,1
DA:66,1
DA:67,1
DA:68,1
DA:69,1
DA:73,1
DA:74,1
DA:77,1
DA:78,1
DA:79,1
DA:80,1
DA:84,0
DA:85,0
DA:88,0
DA:89,0
LF:23
LH:19
BRDA:68,0,0,1
BRDA:68,0,1,0
BRDA:79,1,0,1
BRDA:79,1,1,0
BRF:4
BRH:2
end_of_record
TN:
SF:src\stores\taskStore.ts
FN:52,(anonymous_0)
FN:59,(anonymous_1)
FN:59,(anonymous_2)
FN:63,(anonymous_3)
FN:63,(anonymous_4)
FN:68,(anonymous_5)
FN:68,(anonymous_6)
FN:69,(anonymous_7)
FN:75,(anonymous_8)
FN:75,(anonymous_9)
FN:76,(anonymous_10)
FN:82,(anonymous_11)
FN:82,(anonymous_12)
FN:83,(anonymous_13)
FN:86,(anonymous_14)
FN:86,(anonymous_15)
FN:90,(anonymous_16)
FN:90,(anonymous_17)
FNF:18
FNH:18
FNDA:6,(anonymous_0)
FNDA:22,(anonymous_1)
FNDA:22,(anonymous_2)
FNDA:5,(anonymous_3)
FNDA:5,(anonymous_4)
FNDA:23,(anonymous_5)
FNDA:23,(anonymous_6)
FNDA:15,(anonymous_7)
FNDA:9,(anonymous_8)
FNDA:9,(anonymous_9)
FNDA:8,(anonymous_10)
FNDA:3,(anonymous_11)
FNDA:3,(anonymous_12)
FNDA:2,(anonymous_13)
FNDA:14,(anonymous_14)
FNDA:14,(anonymous_15)
FNDA:14,(anonymous_16)
FNDA:14,(anonymous_17)
DA:10,6
DA:11,6
DA:12,6
DA:49,6
DA:52,6
DA:59,22
DA:60,22
DA:63,5
DA:64,5
DA:68,23
DA:69,23
DA:70,23
DA:71,9
DA:75,9
DA:76,9
DA:77,9
DA:78,8
DA:82,3
DA:83,3
DA:86,14
DA:87,14
DA:90,14
DA:91,14
LF:23
LH:23
BRDA:70,0,0,9
BRDA:70,0,1,14
BRDA:77,1,0,8
BRDA:77,1,1,1
BRF:4
BRH:4
end_of_record
TN:
SF:src\stores\workspaceStore.ts
FN:45,(anonymous_0)
FN:52,(anonymous_1)
FN:52,(anonymous_2)
FN:56,(anonymous_3)
FN:56,(anonymous_4)
FN:60,(anonymous_5)
FN:60,(anonymous_6)
FN:61,(anonymous_7)
FN:67,(anonymous_8)
FN:67,(anonymous_9)
FN:68,(anonymous_10)
FN:71,(anonymous_11)
FN:71,(anonymous_12)
FN:75,(anonymous_13)
FN:75,(anonymous_14)
FNF:15
FNH:15
FNDA:7,(anonymous_0)
FNDA:23,(anonymous_1)
FNDA:23,(anonymous_2)
FNDA:16,(anonymous_3)
FNDA:16,(anonymous_4)
FNDA:18,(anonymous_5)
FNDA:18,(anonymous_6)
FNDA:19,(anonymous_7)
FNDA:6,(anonymous_8)
FNDA:6,(anonymous_9)
FNDA:6,(anonymous_10)
FNDA:12,(anonymous_11)
FNDA:12,(anonymous_12)
FNDA:12,(anonymous_13)
FNDA:12,(anonymous_14)
DA:5,7
DA:6,7
DA:7,7
DA:42,7
DA:45,7
DA:52,23
DA:53,23
DA:56,16
DA:57,16
DA:60,18
DA:61,19
DA:62,18
DA:63,16
DA:67,6
DA:68,6
DA:71,12
DA:72,12
DA:75,12
DA:76,12
LF:19
LH:19
BRDA:62,0,0,16
BRDA:62,0,1,2
BRF:2
BRH:2
end_of_record
TN:
SF:src\test-utils\e2e.tsx
FN:12,(anonymous_1)
FN:16,(anonymous_2)
FN:22,(anonymous_3)
FN:28,(anonymous_4)
FN:33,(anonymous_5)
FN:47,(anonymous_6)
FN:62,(anonymous_7)
FN:72,(anonymous_8)
FN:82,(anonymous_9)
FN:83,(anonymous_10)
FN:84,(anonymous_11)
FNF:11
FNH:3
FNDA:1,(anonymous_1)
FNDA:1,(anonymous_2)
FNDA:1,(anonymous_3)
FNDA:0,(anonymous_4)
FNDA:0,(anonymous_5)
FNDA:0,(anonymous_6)
FNDA:0,(anonymous_7)
FNDA:0,(anonymous_8)
FNDA:0,(anonymous_9)
FNDA:0,(anonymous_10)
FNDA:0,(anonymous_11)
DA:6,2
DA:7,2
DA:8,2
DA:9,2
DA:12,2
DA:16,2
DA:22,2
DA:28,0
DA:33,2
DA:34,0
DA:47,2
DA:48,0
DA:50,0
DA:62,2
DA:63,0
DA:71,0
DA:73,0
DA:82,2
DA:83,0
DA:84,0
DA:85,0
DA:87,0
DA:89,0
DA:91,0
DA:93,0
DA:95,0
DA:97,0
LF:27
LH:11
BRDA:85,0,0,0
BRDA:85,0,1,0
BRDA:85,0,2,0
BRDA:85,0,3,0
BRDA:85,0,4,0
BRDA:85,0,5,0
BRF:6
BRH:0
end_of_record
TN:
SF:src\types\common.ts
FN:40,(anonymous_0)
FNF:1
FNH:0
FNDA:0,(anonymous_0)
DA:40,0
DA:41,0
DA:42,0
LF:3
LH:0
BRDA:40,0,0,0
BRDA:40,0,1,0
BRF:2
BRH:0
end_of_record
TN:
SF:src\types\websocket.ts
FNF:0
FNH:0
DA:197,0
LF:1
LH:0
BRF:0
BRH:0
end_of_record
TN:
SF:src\utils\classNames.ts
FN:10,cn
FNF:1
FNH:1
FNDA:68,cn
DA:2,4
DA:3,4
DA:10,4
DA:11,68
LF:4
LH:4
BRF:0
BRH:0
end_of_record
TN:
SF:src\utils\errorHandler.ts
FN:51,(anonymous_0)
FN:74,(anonymous_1)
FNF:2
FNH:0
FNDA:0,(anonymous_0)
FNDA:0,(anonymous_1)
DA:2,0
DA:7,0
DA:45,0
DA:52,0
DA:53,0
DA:56,0
DA:57,0
DA:58,0
DA:63,0
DA:64,0
DA:66,0
DA:75,0
DA:76,0
LF:13
LH:0
BRDA:57,0,0,0
BRDA:57,0,1,0
BRDA:63,1,0,0
BRDA:63,1,1,0
BRDA:76,2,0,0
BRDA:76,2,1,0
BRDA:76,2,2,0
BRF:7
BRH:0
end_of_record
TN:
SF:src\utils\logger.ts
FN:24,(anonymous_0)
FN:34,(anonymous_1)
FN:38,(anonymous_2)
FN:43,(anonymous_3)
FN:77,(anonymous_4)
FN:97,(anonymous_5)
FN:113,(anonymous_6)
FN:129,(anonymous_7)
FN:142,(anonymous_8)
FN:149,(anonymous_9)
FNF:10
FNH:0
FNDA:0,(anonymous_0)
FNDA:0,(anonymous_1)
FNDA:0,(anonymous_2)
FNDA:0,(anonymous_3)
FNDA:0,(anonymous_4)
FNDA:0,(anonymous_5)
FNDA:0,(anonymous_6)
FNDA:0,(anonymous_7)
FNDA:0,(anonymous_8)
FNDA:0,(anonymous_9)
DA:24,0
DA:25,0
DA:26,0
DA:27,0
DA:28,0
DA:35,0
DA:36,0
DA:39,0
DA:40,0
DA:44,0
DA:46,0
DA:48,0
DA:54,0
DA:56,0
DA:58,0
DA:59,0
DA:61,0
DA:64,0
DA:65,0
DA:67,0
DA:78,0
DA:80,0
DA:81,0
DA:85,0
DA:86,0
DA:98,0
DA:100,0
DA:103,0
DA:114,0
DA:116,0
DA:119,0
DA:130,0
DA:132,0
DA:135,0
DA:143,0
DA:150,0
DA:157,0
LF:37
LH:0
BRDA:24,0,0,0
BRDA:24,0,1,0
BRDA:46,1,0,0
BRDA:46,1,1,0
BRDA:46,2,0,0
BRDA:46,2,1,0
BRDA:46,2,2,0
BRDA:58,3,0,0
BRDA:58,3,1,0
BRDA:64,4,0,0
BRDA:64,4,1,0
BRDA:64,5,0,0
BRDA:64,5,1,0
BRDA:64,5,2,0
BRDA:67,6,0,0
BRDA:67,6,1,0
BRDA:78,7,0,0
BRDA:78,7,1,0
BRDA:80,8,0,0
BRDA:80,8,1,0
BRDA:85,9,0,0
BRDA:85,9,1,0
BRDA:98,10,0,0
BRDA:98,10,1,0
BRDA:114,11,0,0
BRDA:114,11,1,0
BRDA:130,12,0,0
BRDA:130,12,1,0
BRF:28
BRH:0
end_of_record
